<?xml version="1.0" encoding="UTF-8"?>
<testsuite xmlns:xsi="http://www.w3.org/2001/XMLSchema-instance" xsi:noNamespaceSchemaLocation="https://maven.apache.org/surefire/maven-surefire-plugin/xsd/surefire-test-report-3.0.xsd" version="3.0" name="es.uma.informatica.sii.practica2.Practica2ApplicationTests$ListaConDatos$ObtenerContactos" time="0.962" tests="2" errors="0" skipped="0" failures="0">
  <properties>
    <property name="java.specification.version" value="19"/>
    <property name="sun.jnu.encoding" value="UTF-8"/>
    <property name="java.class.path" value="/home/juanmagdev/Documentos/Universidad/SII/p2/practica2-estudiantes/target/test-classes:/home/juanmagdev/Documentos/Universidad/SII/p2/practica2-estudiantes/target/classes:/home/juanmagdev/.m2/repository/org/springframework/boot/spring-boot-starter-data-jpa/3.0.4/spring-boot-starter-data-jpa-3.0.4.jar:/home/juanmagdev/.m2/repository/org/springframework/boot/spring-boot-starter-aop/3.0.4/spring-boot-starter-aop-3.0.4.jar:/home/juanmagdev/.m2/repository/org/springframework/spring-aop/6.0.6/spring-aop-6.0.6.jar:/home/juanmagdev/.m2/repository/org/aspectj/aspectjweaver/1.9.19/aspectjweaver-1.9.19.jar:/home/juanmagdev/.m2/repository/org/springframework/boot/spring-boot-starter-jdbc/3.0.4/spring-boot-starter-jdbc-3.0.4.jar:/home/juanmagdev/.m2/repository/com/zaxxer/HikariCP/5.0.1/HikariCP-5.0.1.jar:/home/juanmagdev/.m2/repository/org/springframework/spring-jdbc/6.0.6/spring-jdbc-6.0.6.jar:/home/juanmagdev/.m2/repository/org/hibernate/orm/hibernate-core/6.1.7.Final/hibernate-core-6.1.7.Final.jar:/home/juanmagdev/.m2/repository/jakarta/persistence/jakarta.persistence-api/3.1.0/jakarta.persistence-api-3.1.0.jar:/home/juanmagdev/.m2/repository/jakarta/transaction/jakarta.transaction-api/2.0.1/jakarta.transaction-api-2.0.1.jar:/home/juanmagdev/.m2/repository/org/jboss/logging/jboss-logging/3.5.0.Final/jboss-logging-3.5.0.Final.jar:/home/juanmagdev/.m2/repository/org/hibernate/common/hibernate-commons-annotations/6.0.6.Final/hibernate-commons-annotations-6.0.6.Final.jar:/home/juanmagdev/.m2/repository/org/jboss/jandex/2.4.2.Final/jandex-2.4.2.Final.jar:/home/juanmagdev/.m2/repository/com/fasterxml/classmate/1.5.1/classmate-1.5.1.jar:/home/juanmagdev/.m2/repository/net/bytebuddy/byte-buddy/1.12.23/byte-buddy-1.12.23.jar:/home/juanmagdev/.m2/repository/org/glassfish/jaxb/jaxb-runtime/4.0.2/jaxb-runtime-4.0.2.jar:/home/juanmagdev/.m2/repository/org/glassfish/jaxb/jaxb-core/4.0.2/jaxb-core-4.0.2.jar:/home/juanmagdev/.m2/repository/org/eclipse/angus/angus-activation/2.0.0/angus-activation-2.0.0.jar:/home/juanmagdev/.m2/repository/org/glassfish/jaxb/txw2/4.0.2/txw2-4.0.2.jar:/home/juanmagdev/.m2/repository/com/sun/istack/istack-commons-runtime/4.1.1/istack-commons-runtime-4.1.1.jar:/home/juanmagdev/.m2/repository/jakarta/inject/jakarta.inject-api/2.0.0/jakarta.inject-api-2.0.0.jar:/home/juanmagdev/.m2/repository/org/antlr/antlr4-runtime/4.10.1/antlr4-runtime-4.10.1.jar:/home/juanmagdev/.m2/repository/org/springframework/data/spring-data-jpa/3.0.3/spring-data-jpa-3.0.3.jar:/home/juanmagdev/.m2/repository/org/springframework/data/spring-data-commons/3.0.3/spring-data-commons-3.0.3.jar:/home/juanmagdev/.m2/repository/org/springframework/spring-orm/6.0.6/spring-orm-6.0.6.jar:/home/juanmagdev/.m2/repository/org/springframework/spring-context/6.0.6/spring-context-6.0.6.jar:/home/juanmagdev/.m2/repository/org/springframework/spring-tx/6.0.6/spring-tx-6.0.6.jar:/home/juanmagdev/.m2/repository/org/springframework/spring-beans/6.0.6/spring-beans-6.0.6.jar:/home/juanmagdev/.m2/repository/jakarta/annotation/jakarta.annotation-api/2.1.1/jakarta.annotation-api-2.1.1.jar:/home/juanmagdev/.m2/repository/org/slf4j/slf4j-api/2.0.6/slf4j-api-2.0.6.jar:/home/juanmagdev/.m2/repository/org/springframework/spring-aspects/6.0.6/spring-aspects-6.0.6.jar:/home/juanmagdev/.m2/repository/org/springframework/boot/spring-boot-starter-web/3.0.4/spring-boot-starter-web-3.0.4.jar:/home/juanmagdev/.m2/repository/org/springframework/boot/spring-boot-starter/3.0.4/spring-boot-starter-3.0.4.jar:/home/juanmagdev/.m2/repository/org/springframework/boot/spring-boot/3.0.4/spring-boot-3.0.4.jar:/home/juanmagdev/.m2/repository/org/springframework/boot/spring-boot-autoconfigure/3.0.4/spring-boot-autoconfigure-3.0.4.jar:/home/juanmagdev/.m2/repository/org/springframework/boot/spring-boot-starter-logging/3.0.4/spring-boot-starter-logging-3.0.4.jar:/home/juanmagdev/.m2/repository/ch/qos/logback/logback-classic/1.4.5/logback-classic-1.4.5.jar:/home/juanmagdev/.m2/repository/ch/qos/logback/logback-core/1.4.5/logback-core-1.4.5.jar:/home/juanmagdev/.m2/repository/org/apache/logging/log4j/log4j-to-slf4j/2.19.0/log4j-to-slf4j-2.19.0.jar:/home/juanmagdev/.m2/repository/org/apache/logging/log4j/log4j-api/2.19.0/log4j-api-2.19.0.jar:/home/juanmagdev/.m2/repository/org/slf4j/jul-to-slf4j/2.0.6/jul-to-slf4j-2.0.6.jar:/home/juanmagdev/.m2/repository/org/yaml/snakeyaml/1.33/snakeyaml-1.33.jar:/home/juanmagdev/.m2/repository/org/springframework/boot/spring-boot-starter-json/3.0.4/spring-boot-starter-json-3.0.4.jar:/home/juanmagdev/.m2/repository/com/fasterxml/jackson/core/jackson-databind/2.14.2/jackson-databind-2.14.2.jar:/home/juanmagdev/.m2/repository/com/fasterxml/jackson/core/jackson-annotations/2.14.2/jackson-annotations-2.14.2.jar:/home/juanmagdev/.m2/repository/com/fasterxml/jackson/core/jackson-core/2.14.2/jackson-core-2.14.2.jar:/home/juanmagdev/.m2/repository/com/fasterxml/jackson/datatype/jackson-datatype-jdk8/2.14.2/jackson-datatype-jdk8-2.14.2.jar:/home/juanmagdev/.m2/repository/com/fasterxml/jackson/datatype/jackson-datatype-jsr310/2.14.2/jackson-datatype-jsr310-2.14.2.jar:/home/juanmagdev/.m2/repository/com/fasterxml/jackson/module/jackson-module-parameter-names/2.14.2/jackson-module-parameter-names-2.14.2.jar:/home/juanmagdev/.m2/repository/org/springframework/boot/spring-boot-starter-tomcat/3.0.4/spring-boot-starter-tomcat-3.0.4.jar:/home/juanmagdev/.m2/repository/org/apache/tomcat/embed/tomcat-embed-core/10.1.5/tomcat-embed-core-10.1.5.jar:/home/juanmagdev/.m2/repository/org/apache/tomcat/embed/tomcat-embed-websocket/10.1.5/tomcat-embed-websocket-10.1.5.jar:/home/juanmagdev/.m2/repository/org/springframework/spring-web/6.0.6/spring-web-6.0.6.jar:/home/juanmagdev/.m2/repository/io/micrometer/micrometer-observation/1.10.4/micrometer-observation-1.10.4.jar:/home/juanmagdev/.m2/repository/io/micrometer/micrometer-commons/1.10.4/micrometer-commons-1.10.4.jar:/home/juanmagdev/.m2/repository/org/springframework/spring-webmvc/6.0.6/spring-webmvc-6.0.6.jar:/home/juanmagdev/.m2/repository/org/springframework/spring-expression/6.0.6/spring-expression-6.0.6.jar:/home/juanmagdev/.m2/repository/org/springframework/boot/spring-boot-starter-validation/3.0.4/spring-boot-starter-validation-3.0.4.jar:/home/juanmagdev/.m2/repository/org/apache/tomcat/embed/tomcat-embed-el/10.1.5/tomcat-embed-el-10.1.5.jar:/home/juanmagdev/.m2/repository/org/hibernate/validator/hibernate-validator/8.0.0.Final/hibernate-validator-8.0.0.Final.jar:/home/juanmagdev/.m2/repository/jakarta/validation/jakarta.validation-api/3.0.2/jakarta.validation-api-3.0.2.jar:/home/juanmagdev/.m2/repository/org/springframework/boot/spring-boot-starter-test/3.0.4/spring-boot-starter-test-3.0.4.jar:/home/juanmagdev/.m2/repository/org/springframework/boot/spring-boot-test/3.0.4/spring-boot-test-3.0.4.jar:/home/juanmagdev/.m2/repository/org/springframework/boot/spring-boot-test-autoconfigure/3.0.4/spring-boot-test-autoconfigure-3.0.4.jar:/home/juanmagdev/.m2/repository/com/jayway/jsonpath/json-path/2.7.0/json-path-2.7.0.jar:/home/juanmagdev/.m2/repository/net/minidev/json-smart/2.4.8/json-smart-2.4.8.jar:/home/juanmagdev/.m2/repository/net/minidev/accessors-smart/2.4.8/accessors-smart-2.4.8.jar:/home/juanmagdev/.m2/repository/org/ow2/asm/asm/9.1/asm-9.1.jar:/home/juanmagdev/.m2/repository/jakarta/xml/bind/jakarta.xml.bind-api/4.0.0/jakarta.xml.bind-api-4.0.0.jar:/home/juanmagdev/.m2/repository/jakarta/activation/jakarta.activation-api/2.1.1/jakarta.activation-api-2.1.1.jar:/home/juanmagdev/.m2/repository/org/assertj/assertj-core/3.23.1/assertj-core-3.23.1.jar:/home/juanmagdev/.m2/repository/org/hamcrest/hamcrest/2.2/hamcrest-2.2.jar:/home/juanmagdev/.m2/repository/org/junit/jupiter/junit-jupiter/5.9.2/junit-jupiter-5.9.2.jar:/home/juanmagdev/.m2/repository/org/junit/jupiter/junit-jupiter-api/5.9.2/junit-jupiter-api-5.9.2.jar:/home/juanmagdev/.m2/repository/org/opentest4j/opentest4j/1.2.0/opentest4j-1.2.0.jar:/home/juanmagdev/.m2/repository/org/junit/platform/junit-platform-commons/1.9.2/junit-platform-commons-1.9.2.jar:/home/juanmagdev/.m2/repository/org/apiguardian/apiguardian-api/1.1.2/apiguardian-api-1.1.2.jar:/home/juanmagdev/.m2/repository/org/junit/jupiter/junit-jupiter-params/5.9.2/junit-jupiter-params-5.9.2.jar:/home/juanmagdev/.m2/repository/org/junit/jupiter/junit-jupiter-engine/5.9.2/junit-jupiter-engine-5.9.2.jar:/home/juanmagdev/.m2/repository/org/junit/platform/junit-platform-engine/1.9.2/junit-platform-engine-1.9.2.jar:/home/juanmagdev/.m2/repository/org/mockito/mockito-core/4.8.1/mockito-core-4.8.1.jar:/home/juanmagdev/.m2/repository/net/bytebuddy/byte-buddy-agent/1.12.23/byte-buddy-agent-1.12.23.jar:/home/juanmagdev/.m2/repository/org/objenesis/objenesis/3.2/objenesis-3.2.jar:/home/juanmagdev/.m2/repository/org/mockito/mockito-junit-jupiter/4.8.1/mockito-junit-jupiter-4.8.1.jar:/home/juanmagdev/.m2/repository/org/skyscreamer/jsonassert/1.5.1/jsonassert-1.5.1.jar:/home/juanmagdev/.m2/repository/com/vaadin/external/google/android-json/0.0.20131108.vaadin1/android-json-0.0.20131108.vaadin1.jar:/home/juanmagdev/.m2/repository/org/springframework/spring-core/6.0.6/spring-core-6.0.6.jar:/home/juanmagdev/.m2/repository/org/springframework/spring-jcl/6.0.6/spring-jcl-6.0.6.jar:/home/juanmagdev/.m2/repository/org/springframework/spring-test/6.0.6/spring-test-6.0.6.jar:/home/juanmagdev/.m2/repository/org/xmlunit/xmlunit-core/2.9.1/xmlunit-core-2.9.1.jar:/home/juanmagdev/.m2/repository/com/h2database/h2/2.1.214/h2-2.1.214.jar:/home/juanmagdev/.m2/repository/org/springdoc/springdoc-openapi-starter-webmvc-ui/2.0.2/springdoc-openapi-starter-webmvc-ui-2.0.2.jar:/home/juanmagdev/.m2/repository/org/springdoc/springdoc-openapi-starter-webmvc-api/2.0.2/springdoc-openapi-starter-webmvc-api-2.0.2.jar:/home/juanmagdev/.m2/repository/org/springdoc/springdoc-openapi-starter-common/2.0.2/springdoc-openapi-starter-common-2.0.2.jar:/home/juanmagdev/.m2/repository/io/swagger/core/v3/swagger-core-jakarta/2.2.7/swagger-core-jakarta-2.2.7.jar:/home/juanmagdev/.m2/repository/org/apache/commons/commons-lang3/3.12.0/commons-lang3-3.12.0.jar:/home/juanmagdev/.m2/repository/io/swagger/core/v3/swagger-annotations-jakarta/2.2.7/swagger-annotations-jakarta-2.2.7.jar:/home/juanmagdev/.m2/repository/io/swagger/core/v3/swagger-models-jakarta/2.2.7/swagger-models-jakarta-2.2.7.jar:/home/juanmagdev/.m2/repository/com/fasterxml/jackson/dataformat/jackson-dataformat-yaml/2.14.2/jackson-dataformat-yaml-2.14.2.jar:/home/juanmagdev/.m2/repository/org/webjars/swagger-ui/4.15.5/swagger-ui-4.15.5.jar:/home/juanmagdev/.m2/repository/org/webjars/webjars-locator-core/0.52/webjars-locator-core-0.52.jar:/home/juanmagdev/.m2/repository/io/github/classgraph/classgraph/4.8.149/classgraph-4.8.149.jar:"/>
    <property name="java.vm.vendor" value="Oracle Corporation"/>
    <property name="sun.arch.data.model" value="64"/>
    <property name="catalina.useNaming" value="false"/>
    <property name="java.vendor.url" value="https://openjdk.java.net/"/>
    <property name="user.timezone" value="Europe/Madrid"/>
    <property name="org.jboss.logging.provider" value="slf4j"/>
    <property name="os.name" value="Linux"/>
    <property name="java.vm.specification.version" value="19"/>
    <property name="sun.java.launcher" value="SUN_STANDARD"/>
    <property name="user.country" value="ES"/>
    <property name="sun.boot.library.path" value="/usr/lib/jvm/java-19-openjdk/lib"/>
    <property name="sun.java.command" value="/home/juanmagdev/Documentos/Universidad/SII/p2/practica2-estudiantes/target/surefire/surefirebooter-20230309130011154_3.jar /home/juanmagdev/Documentos/Universidad/SII/p2/practica2-estudiantes/target/surefire 2023-03-09T13-00-10_531-jvmRun1 surefire-20230309130011154_1tmp surefire_0-20230309130011154_2tmp"/>
    <property name="jdk.debug" value="release"/>
    <property name="surefire.test.class.path" value="/home/juanmagdev/Documentos/Universidad/SII/p2/practica2-estudiantes/target/test-classes:/home/juanmagdev/Documentos/Universidad/SII/p2/practica2-estudiantes/target/classes:/home/juanmagdev/.m2/repository/org/springframework/boot/spring-boot-starter-data-jpa/3.0.4/spring-boot-starter-data-jpa-3.0.4.jar:/home/juanmagdev/.m2/repository/org/springframework/boot/spring-boot-starter-aop/3.0.4/spring-boot-starter-aop-3.0.4.jar:/home/juanmagdev/.m2/repository/org/springframework/spring-aop/6.0.6/spring-aop-6.0.6.jar:/home/juanmagdev/.m2/repository/org/aspectj/aspectjweaver/1.9.19/aspectjweaver-1.9.19.jar:/home/juanmagdev/.m2/repository/org/springframework/boot/spring-boot-starter-jdbc/3.0.4/spring-boot-starter-jdbc-3.0.4.jar:/home/juanmagdev/.m2/repository/com/zaxxer/HikariCP/5.0.1/HikariCP-5.0.1.jar:/home/juanmagdev/.m2/repository/org/springframework/spring-jdbc/6.0.6/spring-jdbc-6.0.6.jar:/home/juanmagdev/.m2/repository/org/hibernate/orm/hibernate-core/6.1.7.Final/hibernate-core-6.1.7.Final.jar:/home/juanmagdev/.m2/repository/jakarta/persistence/jakarta.persistence-api/3.1.0/jakarta.persistence-api-3.1.0.jar:/home/juanmagdev/.m2/repository/jakarta/transaction/jakarta.transaction-api/2.0.1/jakarta.transaction-api-2.0.1.jar:/home/juanmagdev/.m2/repository/org/jboss/logging/jboss-logging/3.5.0.Final/jboss-logging-3.5.0.Final.jar:/home/juanmagdev/.m2/repository/org/hibernate/common/hibernate-commons-annotations/6.0.6.Final/hibernate-commons-annotations-6.0.6.Final.jar:/home/juanmagdev/.m2/repository/org/jboss/jandex/2.4.2.Final/jandex-2.4.2.Final.jar:/home/juanmagdev/.m2/repository/com/fasterxml/classmate/1.5.1/classmate-1.5.1.jar:/home/juanmagdev/.m2/repository/net/bytebuddy/byte-buddy/1.12.23/byte-buddy-1.12.23.jar:/home/juanmagdev/.m2/repository/org/glassfish/jaxb/jaxb-runtime/4.0.2/jaxb-runtime-4.0.2.jar:/home/juanmagdev/.m2/repository/org/glassfish/jaxb/jaxb-core/4.0.2/jaxb-core-4.0.2.jar:/home/juanmagdev/.m2/repository/org/eclipse/angus/angus-activation/2.0.0/angus-activation-2.0.0.jar:/home/juanmagdev/.m2/repository/org/glassfish/jaxb/txw2/4.0.2/txw2-4.0.2.jar:/home/juanmagdev/.m2/repository/com/sun/istack/istack-commons-runtime/4.1.1/istack-commons-runtime-4.1.1.jar:/home/juanmagdev/.m2/repository/jakarta/inject/jakarta.inject-api/2.0.0/jakarta.inject-api-2.0.0.jar:/home/juanmagdev/.m2/repository/org/antlr/antlr4-runtime/4.10.1/antlr4-runtime-4.10.1.jar:/home/juanmagdev/.m2/repository/org/springframework/data/spring-data-jpa/3.0.3/spring-data-jpa-3.0.3.jar:/home/juanmagdev/.m2/repository/org/springframework/data/spring-data-commons/3.0.3/spring-data-commons-3.0.3.jar:/home/juanmagdev/.m2/repository/org/springframework/spring-orm/6.0.6/spring-orm-6.0.6.jar:/home/juanmagdev/.m2/repository/org/springframework/spring-context/6.0.6/spring-context-6.0.6.jar:/home/juanmagdev/.m2/repository/org/springframework/spring-tx/6.0.6/spring-tx-6.0.6.jar:/home/juanmagdev/.m2/repository/org/springframework/spring-beans/6.0.6/spring-beans-6.0.6.jar:/home/juanmagdev/.m2/repository/jakarta/annotation/jakarta.annotation-api/2.1.1/jakarta.annotation-api-2.1.1.jar:/home/juanmagdev/.m2/repository/org/slf4j/slf4j-api/2.0.6/slf4j-api-2.0.6.jar:/home/juanmagdev/.m2/repository/org/springframework/spring-aspects/6.0.6/spring-aspects-6.0.6.jar:/home/juanmagdev/.m2/repository/org/springframework/boot/spring-boot-starter-web/3.0.4/spring-boot-starter-web-3.0.4.jar:/home/juanmagdev/.m2/repository/org/springframework/boot/spring-boot-starter/3.0.4/spring-boot-starter-3.0.4.jar:/home/juanmagdev/.m2/repository/org/springframework/boot/spring-boot/3.0.4/spring-boot-3.0.4.jar:/home/juanmagdev/.m2/repository/org/springframework/boot/spring-boot-autoconfigure/3.0.4/spring-boot-autoconfigure-3.0.4.jar:/home/juanmagdev/.m2/repository/org/springframework/boot/spring-boot-starter-logging/3.0.4/spring-boot-starter-logging-3.0.4.jar:/home/juanmagdev/.m2/repository/ch/qos/logback/logback-classic/1.4.5/logback-classic-1.4.5.jar:/home/juanmagdev/.m2/repository/ch/qos/logback/logback-core/1.4.5/logback-core-1.4.5.jar:/home/juanmagdev/.m2/repository/org/apache/logging/log4j/log4j-to-slf4j/2.19.0/log4j-to-slf4j-2.19.0.jar:/home/juanmagdev/.m2/repository/org/apache/logging/log4j/log4j-api/2.19.0/log4j-api-2.19.0.jar:/home/juanmagdev/.m2/repository/org/slf4j/jul-to-slf4j/2.0.6/jul-to-slf4j-2.0.6.jar:/home/juanmagdev/.m2/repository/org/yaml/snakeyaml/1.33/snakeyaml-1.33.jar:/home/juanmagdev/.m2/repository/org/springframework/boot/spring-boot-starter-json/3.0.4/spring-boot-starter-json-3.0.4.jar:/home/juanmagdev/.m2/repository/com/fasterxml/jackson/core/jackson-databind/2.14.2/jackson-databind-2.14.2.jar:/home/juanmagdev/.m2/repository/com/fasterxml/jackson/core/jackson-annotations/2.14.2/jackson-annotations-2.14.2.jar:/home/juanmagdev/.m2/repository/com/fasterxml/jackson/core/jackson-core/2.14.2/jackson-core-2.14.2.jar:/home/juanmagdev/.m2/repository/com/fasterxml/jackson/datatype/jackson-datatype-jdk8/2.14.2/jackson-datatype-jdk8-2.14.2.jar:/home/juanmagdev/.m2/repository/com/fasterxml/jackson/datatype/jackson-datatype-jsr310/2.14.2/jackson-datatype-jsr310-2.14.2.jar:/home/juanmagdev/.m2/repository/com/fasterxml/jackson/module/jackson-module-parameter-names/2.14.2/jackson-module-parameter-names-2.14.2.jar:/home/juanmagdev/.m2/repository/org/springframework/boot/spring-boot-starter-tomcat/3.0.4/spring-boot-starter-tomcat-3.0.4.jar:/home/juanmagdev/.m2/repository/org/apache/tomcat/embed/tomcat-embed-core/10.1.5/tomcat-embed-core-10.1.5.jar:/home/juanmagdev/.m2/repository/org/apache/tomcat/embed/tomcat-embed-websocket/10.1.5/tomcat-embed-websocket-10.1.5.jar:/home/juanmagdev/.m2/repository/org/springframework/spring-web/6.0.6/spring-web-6.0.6.jar:/home/juanmagdev/.m2/repository/io/micrometer/micrometer-observation/1.10.4/micrometer-observation-1.10.4.jar:/home/juanmagdev/.m2/repository/io/micrometer/micrometer-commons/1.10.4/micrometer-commons-1.10.4.jar:/home/juanmagdev/.m2/repository/org/springframework/spring-webmvc/6.0.6/spring-webmvc-6.0.6.jar:/home/juanmagdev/.m2/repository/org/springframework/spring-expression/6.0.6/spring-expression-6.0.6.jar:/home/juanmagdev/.m2/repository/org/springframework/boot/spring-boot-starter-validation/3.0.4/spring-boot-starter-validation-3.0.4.jar:/home/juanmagdev/.m2/repository/org/apache/tomcat/embed/tomcat-embed-el/10.1.5/tomcat-embed-el-10.1.5.jar:/home/juanmagdev/.m2/repository/org/hibernate/validator/hibernate-validator/8.0.0.Final/hibernate-validator-8.0.0.Final.jar:/home/juanmagdev/.m2/repository/jakarta/validation/jakarta.validation-api/3.0.2/jakarta.validation-api-3.0.2.jar:/home/juanmagdev/.m2/repository/org/springframework/boot/spring-boot-starter-test/3.0.4/spring-boot-starter-test-3.0.4.jar:/home/juanmagdev/.m2/repository/org/springframework/boot/spring-boot-test/3.0.4/spring-boot-test-3.0.4.jar:/home/juanmagdev/.m2/repository/org/springframework/boot/spring-boot-test-autoconfigure/3.0.4/spring-boot-test-autoconfigure-3.0.4.jar:/home/juanmagdev/.m2/repository/com/jayway/jsonpath/json-path/2.7.0/json-path-2.7.0.jar:/home/juanmagdev/.m2/repository/net/minidev/json-smart/2.4.8/json-smart-2.4.8.jar:/home/juanmagdev/.m2/repository/net/minidev/accessors-smart/2.4.8/accessors-smart-2.4.8.jar:/home/juanmagdev/.m2/repository/org/ow2/asm/asm/9.1/asm-9.1.jar:/home/juanmagdev/.m2/repository/jakarta/xml/bind/jakarta.xml.bind-api/4.0.0/jakarta.xml.bind-api-4.0.0.jar:/home/juanmagdev/.m2/repository/jakarta/activation/jakarta.activation-api/2.1.1/jakarta.activation-api-2.1.1.jar:/home/juanmagdev/.m2/repository/org/assertj/assertj-core/3.23.1/assertj-core-3.23.1.jar:/home/juanmagdev/.m2/repository/org/hamcrest/hamcrest/2.2/hamcrest-2.2.jar:/home/juanmagdev/.m2/repository/org/junit/jupiter/junit-jupiter/5.9.2/junit-jupiter-5.9.2.jar:/home/juanmagdev/.m2/repository/org/junit/jupiter/junit-jupiter-api/5.9.2/junit-jupiter-api-5.9.2.jar:/home/juanmagdev/.m2/repository/org/opentest4j/opentest4j/1.2.0/opentest4j-1.2.0.jar:/home/juanmagdev/.m2/repository/org/junit/platform/junit-platform-commons/1.9.2/junit-platform-commons-1.9.2.jar:/home/juanmagdev/.m2/repository/org/apiguardian/apiguardian-api/1.1.2/apiguardian-api-1.1.2.jar:/home/juanmagdev/.m2/repository/org/junit/jupiter/junit-jupiter-params/5.9.2/junit-jupiter-params-5.9.2.jar:/home/juanmagdev/.m2/repository/org/junit/jupiter/junit-jupiter-engine/5.9.2/junit-jupiter-engine-5.9.2.jar:/home/juanmagdev/.m2/repository/org/junit/platform/junit-platform-engine/1.9.2/junit-platform-engine-1.9.2.jar:/home/juanmagdev/.m2/repository/org/mockito/mockito-core/4.8.1/mockito-core-4.8.1.jar:/home/juanmagdev/.m2/repository/net/bytebuddy/byte-buddy-agent/1.12.23/byte-buddy-agent-1.12.23.jar:/home/juanmagdev/.m2/repository/org/objenesis/objenesis/3.2/objenesis-3.2.jar:/home/juanmagdev/.m2/repository/org/mockito/mockito-junit-jupiter/4.8.1/mockito-junit-jupiter-4.8.1.jar:/home/juanmagdev/.m2/repository/org/skyscreamer/jsonassert/1.5.1/jsonassert-1.5.1.jar:/home/juanmagdev/.m2/repository/com/vaadin/external/google/android-json/0.0.20131108.vaadin1/android-json-0.0.20131108.vaadin1.jar:/home/juanmagdev/.m2/repository/org/springframework/spring-core/6.0.6/spring-core-6.0.6.jar:/home/juanmagdev/.m2/repository/org/springframework/spring-jcl/6.0.6/spring-jcl-6.0.6.jar:/home/juanmagdev/.m2/repository/org/springframework/spring-test/6.0.6/spring-test-6.0.6.jar:/home/juanmagdev/.m2/repository/org/xmlunit/xmlunit-core/2.9.1/xmlunit-core-2.9.1.jar:/home/juanmagdev/.m2/repository/com/h2database/h2/2.1.214/h2-2.1.214.jar:/home/juanmagdev/.m2/repository/org/springdoc/springdoc-openapi-starter-webmvc-ui/2.0.2/springdoc-openapi-starter-webmvc-ui-2.0.2.jar:/home/juanmagdev/.m2/repository/org/springdoc/springdoc-openapi-starter-webmvc-api/2.0.2/springdoc-openapi-starter-webmvc-api-2.0.2.jar:/home/juanmagdev/.m2/repository/org/springdoc/springdoc-openapi-starter-common/2.0.2/springdoc-openapi-starter-common-2.0.2.jar:/home/juanmagdev/.m2/repository/io/swagger/core/v3/swagger-core-jakarta/2.2.7/swagger-core-jakarta-2.2.7.jar:/home/juanmagdev/.m2/repository/org/apache/commons/commons-lang3/3.12.0/commons-lang3-3.12.0.jar:/home/juanmagdev/.m2/repository/io/swagger/core/v3/swagger-annotations-jakarta/2.2.7/swagger-annotations-jakarta-2.2.7.jar:/home/juanmagdev/.m2/repository/io/swagger/core/v3/swagger-models-jakarta/2.2.7/swagger-models-jakarta-2.2.7.jar:/home/juanmagdev/.m2/repository/com/fasterxml/jackson/dataformat/jackson-dataformat-yaml/2.14.2/jackson-dataformat-yaml-2.14.2.jar:/home/juanmagdev/.m2/repository/org/webjars/swagger-ui/4.15.5/swagger-ui-4.15.5.jar:/home/juanmagdev/.m2/repository/org/webjars/webjars-locator-core/0.52/webjars-locator-core-0.52.jar:/home/juanmagdev/.m2/repository/io/github/classgraph/classgraph/4.8.149/classgraph-4.8.149.jar:"/>
    <property name="sun.cpu.endian" value="little"/>
    <property name="user.home" value="/home/juanmagdev"/>
    <property name="user.language" value="es"/>
    <property name="java.specification.vendor" value="Oracle Corporation"/>
    <property name="java.version.date" value="2023-01-17"/>
    <property name="java.home" value="/usr/lib/jvm/java-19-openjdk"/>
    <property name="file.separator" value="/"/>
    <property name="basedir" value="/home/juanmagdev/Documentos/Universidad/SII/p2/practica2-estudiantes"/>
    <property name="java.vm.compressedOopsMode" value="Zero based"/>
    <property name="line.separator" value="&#10;"/>
    <property name="java.vm.specification.vendor" value="Oracle Corporation"/>
    <property name="java.specification.name" value="Java Platform API Specification"/>
    <property name="FILE_LOG_CHARSET" value="UTF-8"/>
    <property name="java.awt.headless" value="true"/>
    <property name="surefire.real.class.path" value="/home/juanmagdev/Documentos/Universidad/SII/p2/practica2-estudiantes/target/surefire/surefirebooter-20230309130011154_3.jar"/>
    <property name="sun.management.compiler" value="HotSpot 64-Bit Tiered Compilers"/>
    <property name="java.runtime.version" value="19.0.2+7"/>
    <property name="user.name" value="juanmagdev"/>
    <property name="stdout.encoding" value="UTF-8"/>
    <property name="path.separator" value=":"/>
    <property name="os.version" value="5.15.94-1-MANJARO"/>
    <property name="java.runtime.name" value="OpenJDK Runtime Environment"/>
    <property name="file.encoding" value="UTF-8"/>
    <property name="java.vm.name" value="OpenJDK 64-Bit Server VM"/>
    <property name="localRepository" value="/home/juanmagdev/.m2/repository"/>
    <property name="java.vendor.url.bug" value="https://bugreport.java.com/bugreport/"/>
    <property name="java.io.tmpdir" value="/tmp"/>
    <property name="catalina.home" value="/tmp/tomcat.0.1534530867780314094"/>
    <property name="com.zaxxer.hikari.pool_number" value="10"/>
    <property name="java.version" value="19.0.2"/>
    <property name="user.dir" value="/home/juanmagdev/Documentos/Universidad/SII/p2/practica2-estudiantes"/>
    <property name="os.arch" value="amd64"/>
    <property name="java.vm.specification.name" value="Java Virtual Machine Specification"/>
    <property name="PID" value="84299"/>
    <property name="CONSOLE_LOG_CHARSET" value="UTF-8"/>
    <property name="catalina.base" value="/tmp/tomcat.0.606825508412770624"/>
    <property name="native.encoding" value="UTF-8"/>
    <property name="java.library.path" value="/usr/java/packages/lib:/usr/lib64:/lib64:/lib:/usr/lib"/>
    <property name="java.vm.info" value="mixed mode"/>
    <property name="stderr.encoding" value="UTF-8"/>
    <property name="java.vendor" value="N/A"/>
    <property name="java.vm.version" value="19.0.2+7"/>
    <property name="sun.io.unicode.encoding" value="UnicodeLittle"/>
    <property name="java.class.version" value="63.0"/>
  </properties>
  <testcase name="devuelveContacto" classname="es.uma.informatica.sii.practica2.Practica2ApplicationTests$ListaConDatos$ObtenerContactos" time="0.032">
    <system-out><![CDATA[2023-03-09T13:00:22.182+01:00  INFO 84299 --- [           main] t.c.s.AnnotationConfigContextLoaderUtils : Could not detect default configuration classes for test class [es.uma.informatica.sii.practica2.Practica2ApplicationTests$ListaConDatos$ObtenerContactos]: ObtenerContactos does not declare any static, non-private, non-final, nested classes annotated with @Configuration.
2023-03-09T13:00:22.185+01:00  INFO 84299 --- [           main] .b.t.c.SpringBootTestContextBootstrapper : Found @SpringBootConfiguration es.uma.informatica.sii.practica2.Practica2Application for test class es.uma.informatica.sii.practica2.Practica2ApplicationTests$ListaConDatos$ObtenerContactos

  .   ____          _            __ _ _
 /\\ / ___'_ __ _ _(_)_ __  __ _ \ \ \ \
( ( )\___ | '_ | '_| | '_ \/ _` | \ \ \ \
 \\/  ___)| |_)| | | | | || (_| |  ) ) ) )
  '  |____| .__|_| |_|_| |_\__, | / / / /
 =========|_|==============|___/=/_/_/_/
 :: Spring Boot ::                (v3.0.4)

2023-03-09T13:00:22.210+01:00  INFO 84299 --- [           main] e.u.i.s.p.Practica2ApplicationTests      : Starting Practica2ApplicationTests using Java 19.0.2 with PID 84299 (started by juanmagdev in /home/juanmagdev/Documentos/Universidad/SII/p2/practica2-estudiantes)
2023-03-09T13:00:22.211+01:00  INFO 84299 --- [           main] e.u.i.s.p.Practica2ApplicationTests      : No active profile set, falling back to 1 default profile: "default"
2023-03-09T13:00:22.322+01:00  INFO 84299 --- [           main] .s.d.r.c.RepositoryConfigurationDelegate : Bootstrapping Spring Data JPA repositories in DEFAULT mode.
2023-03-09T13:00:22.325+01:00  INFO 84299 --- [           main] .s.d.r.c.RepositoryConfigurationDelegate : Finished Spring Data repository scanning in 3 ms. Found 1 JPA repository interfaces.
2023-03-09T13:00:22.364+01:00  INFO 84299 --- [           main] o.s.b.w.embedded.tomcat.TomcatWebServer  : Tomcat initialized with port(s): 0 (http)
2023-03-09T13:00:22.365+01:00  INFO 84299 --- [           main] o.apache.catalina.core.StandardService   : Starting service [Tomcat]
2023-03-09T13:00:22.365+01:00  INFO 84299 --- [           main] o.apache.catalina.core.StandardEngine    : Starting Servlet engine: [Apache Tomcat/10.1.5]
2023-03-09T13:00:22.373+01:00  INFO 84299 --- [           main] o.a.c.c.C.[Tomcat].[localhost].[/]       : Initializing Spring embedded WebApplicationContext
2023-03-09T13:00:22.373+01:00  INFO 84299 --- [           main] w.s.c.ServletWebServerApplicationContext : Root WebApplicationContext: initialization completed in 161 ms
2023-03-09T13:00:22.382+01:00  INFO 84299 --- [           main] com.zaxxer.hikari.HikariDataSource       : HikariPool-9 - Starting...
2023-03-09T13:00:22.386+01:00  INFO 84299 --- [           main] com.zaxxer.hikari.pool.HikariPool        : HikariPool-9 - Added connection conn80: url=jdbc:h2:mem:dcbapp user=SA
2023-03-09T13:00:22.386+01:00  INFO 84299 --- [           main] com.zaxxer.hikari.HikariDataSource       : HikariPool-9 - Start completed.
2023-03-09T13:00:22.386+01:00  INFO 84299 --- [           main] o.s.b.a.h2.H2ConsoleAutoConfiguration    : H2 console available at '/h2-console'. Database available at 'jdbc:h2:mem:dcbapp'
2023-03-09T13:00:22.404+01:00  INFO 84299 --- [           main] o.hibernate.jpa.internal.util.LogHelper  : HHH000204: Processing PersistenceUnitInfo [name: default]
2023-03-09T13:00:22.407+01:00  INFO 84299 --- [           main] SQL dialect                              : HHH000400: Using dialect: org.hibernate.dialect.H2Dialect
2023-03-09T13:00:22.428+01:00  INFO 84299 --- [           main] o.h.e.t.j.p.i.JtaPlatformInitiator       : HHH000490: Using JtaPlatform implementation: [org.hibernate.engine.transaction.jta.platform.internal.NoJtaPlatform]
2023-03-09T13:00:22.428+01:00  INFO 84299 --- [           main] j.LocalContainerEntityManagerFactoryBean : Initialized JPA EntityManagerFactory for persistence unit 'default'
2023-03-09T13:00:22.465+01:00  WARN 84299 --- [           main] JpaBaseConfiguration$JpaWebConfiguration : spring.jpa.open-in-view is enabled by default. Therefore, database queries may be performed during view rendering. Explicitly configure spring.jpa.open-in-view to disable this warning
2023-03-09T13:00:22.650+01:00  INFO 84299 --- [           main] o.s.b.w.embedded.tomcat.TomcatWebServer  : Tomcat started on port(s): 35475 (http) with context path ''
2023-03-09T13:00:22.653+01:00  INFO 84299 --- [           main] e.u.i.s.p.Practica2ApplicationTests      : Started Practica2ApplicationTests in 0.463 seconds (process running for 11.434)
2023-03-09T13:00:22.667+01:00  INFO 84299 --- [o-auto-9-exec-1] o.a.c.c.C.[Tomcat].[localhost].[/]       : Initializing Spring DispatcherServlet 'dispatcherServlet'
2023-03-09T13:00:22.667+01:00  INFO 84299 --- [o-auto-9-exec-1] o.s.web.servlet.DispatcherServlet        : Initializing Servlet 'dispatcherServlet'
2023-03-09T13:00:22.668+01:00  INFO 84299 --- [o-auto-9-exec-1] o.s.web.servlet.DispatcherServlet        : Completed initialization in 1 ms
2023-03-09T13:00:22.679+01:00  INFO 84299 --- [           main] o.apache.catalina.core.StandardService   : Stopping service [Tomcat]
2023-03-09T13:00:22.680+01:00  INFO 84299 --- [           main] o.a.c.c.C.[Tomcat].[localhost].[/]       : Destroying Spring FrameworkServlet 'dispatcherServlet'
2023-03-09T13:00:22.683+01:00  INFO 84299 --- [           main] j.LocalContainerEntityManagerFactoryBean : Closing JPA EntityManagerFactory for persistence unit 'default'
2023-03-09T13:00:22.683+01:00  INFO 84299 --- [           main] .SchemaDropperImpl$DelayedDropActionImpl : HHH000477: Starting delayed evictData of schema as part of SessionFactory shut-down'
2023-03-09T13:00:22.685+01:00  INFO 84299 --- [           main] com.zaxxer.hikari.HikariDataSource       : HikariPool-9 - Shutdown initiated...
2023-03-09T13:00:22.686+01:00  INFO 84299 --- [           main] com.zaxxer.hikari.HikariDataSource       : HikariPool-9 - Shutdown completed.
]]></system-out>
  </testcase>
  <testcase name="errorCuandoContactoNoExiste" classname="es.uma.informatica.sii.practica2.Practica2ApplicationTests$ListaConDatos$ObtenerContactos" time="0.027">
    <system-out><![CDATA[
  .   ____          _            __ _ _
 /\\ / ___'_ __ _ _(_)_ __  __ _ \ \ \ \
( ( )\___ | '_ | '_| | '_ \/ _` | \ \ \ \
 \\/  ___)| |_)| | | | | || (_| |  ) ) ) )
  '  |____| .__|_| |_|_| |_\__, | / / / /
 =========|_|==============|___/=/_/_/_/
 :: Spring Boot ::                (v3.0.4)

2023-03-09T13:00:22.709+01:00  INFO 84299 --- [           main] e.u.i.s.p.Practica2ApplicationTests      : Starting Practica2ApplicationTests using Java 19.0.2 with PID 84299 (started by juanmagdev in /home/juanmagdev/Documentos/Universidad/SII/p2/practica2-estudiantes)
2023-03-09T13:00:22.709+01:00  INFO 84299 --- [           main] e.u.i.s.p.Practica2ApplicationTests      : No active profile set, falling back to 1 default profile: "default"
2023-03-09T13:00:22.802+01:00  INFO 84299 --- [           main] .s.d.r.c.RepositoryConfigurationDelegate : Bootstrapping Spring Data JPA repositories in DEFAULT mode.
2023-03-09T13:00:22.806+01:00  INFO 84299 --- [           main] .s.d.r.c.RepositoryConfigurationDelegate : Finished Spring Data repository scanning in 3 ms. Found 1 JPA repository interfaces.
2023-03-09T13:00:22.843+01:00  INFO 84299 --- [           main] o.s.b.w.embedded.tomcat.TomcatWebServer  : Tomcat initialized with port(s): 0 (http)
2023-03-09T13:00:22.844+01:00  INFO 84299 --- [           main] o.apache.catalina.core.StandardService   : Starting service [Tomcat]
2023-03-09T13:00:22.844+01:00  INFO 84299 --- [           main] o.apache.catalina.core.StandardEngine    : Starting Servlet engine: [Apache Tomcat/10.1.5]
2023-03-09T13:00:22.850+01:00  INFO 84299 --- [           main] o.a.c.c.C.[Tomcat].[localhost].[/]       : Initializing Spring embedded WebApplicationContext
2023-03-09T13:00:22.850+01:00  INFO 84299 --- [           main] w.s.c.ServletWebServerApplicationContext : Root WebApplicationContext: initialization completed in 140 ms
2023-03-09T13:00:22.859+01:00  INFO 84299 --- [           main] com.zaxxer.hikari.HikariDataSource       : HikariPool-10 - Starting...
2023-03-09T13:00:22.860+01:00  INFO 84299 --- [           main] com.zaxxer.hikari.pool.HikariPool        : HikariPool-10 - Added connection conn90: url=jdbc:h2:mem:dcbapp user=SA
2023-03-09T13:00:22.861+01:00  INFO 84299 --- [           main] com.zaxxer.hikari.HikariDataSource       : HikariPool-10 - Start completed.
2023-03-09T13:00:22.861+01:00  INFO 84299 --- [           main] o.s.b.a.h2.H2ConsoleAutoConfiguration    : H2 console available at '/h2-console'. Database available at 'jdbc:h2:mem:dcbapp'
2023-03-09T13:00:22.879+01:00  INFO 84299 --- [           main] o.hibernate.jpa.internal.util.LogHelper  : HHH000204: Processing PersistenceUnitInfo [name: default]
2023-03-09T13:00:22.882+01:00  INFO 84299 --- [           main] SQL dialect                              : HHH000400: Using dialect: org.hibernate.dialect.H2Dialect
2023-03-09T13:00:22.907+01:00  INFO 84299 --- [           main] o.h.e.t.j.p.i.JtaPlatformInitiator       : HHH000490: Using JtaPlatform implementation: [org.hibernate.engine.transaction.jta.platform.internal.NoJtaPlatform]
2023-03-09T13:00:22.907+01:00  INFO 84299 --- [           main] j.LocalContainerEntityManagerFactoryBean : Initialized JPA EntityManagerFactory for persistence unit 'default'
2023-03-09T13:00:22.943+01:00  WARN 84299 --- [           main] JpaBaseConfiguration$JpaWebConfiguration : spring.jpa.open-in-view is enabled by default. Therefore, database queries may be performed during view rendering. Explicitly configure spring.jpa.open-in-view to disable this warning
2023-03-09T13:00:23.110+01:00  INFO 84299 --- [           main] o.s.b.w.embedded.tomcat.TomcatWebServer  : Tomcat started on port(s): 38773 (http) with context path ''
2023-03-09T13:00:23.112+01:00  INFO 84299 --- [           main] e.u.i.s.p.Practica2ApplicationTests      : Started Practica2ApplicationTests in 0.423 seconds (process running for 11.893)
2023-03-09T13:00:23.125+01:00  INFO 84299 --- [-auto-10-exec-1] o.a.c.c.C.[Tomcat].[localhost].[/]       : Initializing Spring DispatcherServlet 'dispatcherServlet'
2023-03-09T13:00:23.125+01:00  INFO 84299 --- [-auto-10-exec-1] o.s.web.servlet.DispatcherServlet        : Initializing Servlet 'dispatcherServlet'
2023-03-09T13:00:23.126+01:00  INFO 84299 --- [-auto-10-exec-1] o.s.web.servlet.DispatcherServlet        : Completed initialization in 1 ms
2023-03-09T13:00:23.136+01:00  INFO 84299 --- [           main] o.apache.catalina.core.StandardService   : Stopping service [Tomcat]
2023-03-09T13:00:23.137+01:00  INFO 84299 --- [           main] o.a.c.c.C.[Tomcat].[localhost].[/]       : Destroying Spring FrameworkServlet 'dispatcherServlet'
2023-03-09T13:00:23.139+01:00  INFO 84299 --- [           main] j.LocalContainerEntityManagerFactoryBean : Closing JPA EntityManagerFactory for persistence unit 'default'
2023-03-09T13:00:23.139+01:00  INFO 84299 --- [           main] .SchemaDropperImpl$DelayedDropActionImpl : HHH000477: Starting delayed evictData of schema as part of SessionFactory shut-down'
2023-03-09T13:00:23.140+01:00  INFO 84299 --- [           main] com.zaxxer.hikari.HikariDataSource       : HikariPool-10 - Shutdown initiated...
2023-03-09T13:00:23.141+01:00  INFO 84299 --- [           main] com.zaxxer.hikari.HikariDataSource       : HikariPool-10 - Shutdown completed.
]]></system-out>
  </testcase>
</testsuite>