<?xml version="1.0" encoding="UTF-8"?>
<testsuite xmlns:xsi="http://www.w3.org/2001/XMLSchema-instance" xsi:noNamespaceSchemaLocation="https://maven.apache.org/surefire/maven-failsafe-plugin/xsd/failsafe-test-report-3.0.xsd" version="3.0" name="es.uma.informatica.sii.practica.websockets.tests.WebsocketsIT" time="15.026" tests="6" errors="0" skipped="0" failures="0">
  <properties>
    <property name="java.specification.version" value="19"/>
    <property name="webdriver.chrome.driver" value="/home/juanmagdev/Descargas/chromedriver_linux64/chromedriver"/>
    <property name="sun.jnu.encoding" value="UTF-8"/>
    <property name="java.class.path" value="/home/juanmagdev/Documentos/Universidad/SII/Practicas-SII/p6/target/test-classes:/home/juanmagdev/Documentos/Universidad/SII/Practicas-SII/p6/target/classes:/home/juanmagdev/.m2/repository/org/springframework/boot/spring-boot-starter-web/3.0.6/spring-boot-starter-web-3.0.6.jar:/home/juanmagdev/.m2/repository/org/springframework/boot/spring-boot-starter/3.0.6/spring-boot-starter-3.0.6.jar:/home/juanmagdev/.m2/repository/org/springframework/boot/spring-boot/3.0.6/spring-boot-3.0.6.jar:/home/juanmagdev/.m2/repository/org/springframework/boot/spring-boot-autoconfigure/3.0.6/spring-boot-autoconfigure-3.0.6.jar:/home/juanmagdev/.m2/repository/org/springframework/boot/spring-boot-starter-logging/3.0.6/spring-boot-starter-logging-3.0.6.jar:/home/juanmagdev/.m2/repository/ch/qos/logback/logback-classic/1.4.7/logback-classic-1.4.7.jar:/home/juanmagdev/.m2/repository/ch/qos/logback/logback-core/1.4.7/logback-core-1.4.7.jar:/home/juanmagdev/.m2/repository/org/apache/logging/log4j/log4j-to-slf4j/2.19.0/log4j-to-slf4j-2.19.0.jar:/home/juanmagdev/.m2/repository/org/apache/logging/log4j/log4j-api/2.19.0/log4j-api-2.19.0.jar:/home/juanmagdev/.m2/repository/org/slf4j/jul-to-slf4j/2.0.7/jul-to-slf4j-2.0.7.jar:/home/juanmagdev/.m2/repository/jakarta/annotation/jakarta.annotation-api/2.1.1/jakarta.annotation-api-2.1.1.jar:/home/juanmagdev/.m2/repository/org/yaml/snakeyaml/1.33/snakeyaml-1.33.jar:/home/juanmagdev/.m2/repository/org/springframework/boot/spring-boot-starter-json/3.0.6/spring-boot-starter-json-3.0.6.jar:/home/juanmagdev/.m2/repository/com/fasterxml/jackson/core/jackson-databind/2.14.2/jackson-databind-2.14.2.jar:/home/juanmagdev/.m2/repository/com/fasterxml/jackson/core/jackson-annotations/2.14.2/jackson-annotations-2.14.2.jar:/home/juanmagdev/.m2/repository/com/fasterxml/jackson/core/jackson-core/2.14.2/jackson-core-2.14.2.jar:/home/juanmagdev/.m2/repository/com/fasterxml/jackson/datatype/jackson-datatype-jdk8/2.14.2/jackson-datatype-jdk8-2.14.2.jar:/home/juanmagdev/.m2/repository/com/fasterxml/jackson/datatype/jackson-datatype-jsr310/2.14.2/jackson-datatype-jsr310-2.14.2.jar:/home/juanmagdev/.m2/repository/com/fasterxml/jackson/module/jackson-module-parameter-names/2.14.2/jackson-module-parameter-names-2.14.2.jar:/home/juanmagdev/.m2/repository/org/springframework/boot/spring-boot-starter-tomcat/3.0.6/spring-boot-starter-tomcat-3.0.6.jar:/home/juanmagdev/.m2/repository/org/apache/tomcat/embed/tomcat-embed-core/10.1.8/tomcat-embed-core-10.1.8.jar:/home/juanmagdev/.m2/repository/org/apache/tomcat/embed/tomcat-embed-el/10.1.8/tomcat-embed-el-10.1.8.jar:/home/juanmagdev/.m2/repository/org/apache/tomcat/embed/tomcat-embed-websocket/10.1.8/tomcat-embed-websocket-10.1.8.jar:/home/juanmagdev/.m2/repository/org/springframework/spring-web/6.0.8/spring-web-6.0.8.jar:/home/juanmagdev/.m2/repository/org/springframework/spring-beans/6.0.8/spring-beans-6.0.8.jar:/home/juanmagdev/.m2/repository/io/micrometer/micrometer-observation/1.10.6/micrometer-observation-1.10.6.jar:/home/juanmagdev/.m2/repository/io/micrometer/micrometer-commons/1.10.6/micrometer-commons-1.10.6.jar:/home/juanmagdev/.m2/repository/org/springframework/spring-webmvc/6.0.8/spring-webmvc-6.0.8.jar:/home/juanmagdev/.m2/repository/org/springframework/spring-aop/6.0.8/spring-aop-6.0.8.jar:/home/juanmagdev/.m2/repository/org/springframework/spring-context/6.0.8/spring-context-6.0.8.jar:/home/juanmagdev/.m2/repository/org/springframework/spring-expression/6.0.8/spring-expression-6.0.8.jar:/home/juanmagdev/.m2/repository/org/springframework/boot/spring-boot-starter-websocket/3.0.6/spring-boot-starter-websocket-3.0.6.jar:/home/juanmagdev/.m2/repository/org/springframework/spring-messaging/6.0.8/spring-messaging-6.0.8.jar:/home/juanmagdev/.m2/repository/org/springframework/spring-websocket/6.0.8/spring-websocket-6.0.8.jar:/home/juanmagdev/.m2/repository/org/springframework/boot/spring-boot-starter-test/3.0.6/spring-boot-starter-test-3.0.6.jar:/home/juanmagdev/.m2/repository/org/springframework/boot/spring-boot-test/3.0.6/spring-boot-test-3.0.6.jar:/home/juanmagdev/.m2/repository/org/springframework/boot/spring-boot-test-autoconfigure/3.0.6/spring-boot-test-autoconfigure-3.0.6.jar:/home/juanmagdev/.m2/repository/com/jayway/jsonpath/json-path/2.7.0/json-path-2.7.0.jar:/home/juanmagdev/.m2/repository/net/minidev/json-smart/2.4.10/json-smart-2.4.10.jar:/home/juanmagdev/.m2/repository/net/minidev/accessors-smart/2.4.9/accessors-smart-2.4.9.jar:/home/juanmagdev/.m2/repository/org/ow2/asm/asm/9.3/asm-9.3.jar:/home/juanmagdev/.m2/repository/org/slf4j/slf4j-api/2.0.7/slf4j-api-2.0.7.jar:/home/juanmagdev/.m2/repository/jakarta/xml/bind/jakarta.xml.bind-api/4.0.0/jakarta.xml.bind-api-4.0.0.jar:/home/juanmagdev/.m2/repository/jakarta/activation/jakarta.activation-api/2.1.1/jakarta.activation-api-2.1.1.jar:/home/juanmagdev/.m2/repository/org/assertj/assertj-core/3.23.1/assertj-core-3.23.1.jar:/home/juanmagdev/.m2/repository/net/bytebuddy/byte-buddy/1.12.23/byte-buddy-1.12.23.jar:/home/juanmagdev/.m2/repository/org/hamcrest/hamcrest/2.2/hamcrest-2.2.jar:/home/juanmagdev/.m2/repository/org/junit/jupiter/junit-jupiter/5.9.2/junit-jupiter-5.9.2.jar:/home/juanmagdev/.m2/repository/org/junit/jupiter/junit-jupiter-api/5.9.2/junit-jupiter-api-5.9.2.jar:/home/juanmagdev/.m2/repository/org/opentest4j/opentest4j/1.2.0/opentest4j-1.2.0.jar:/home/juanmagdev/.m2/repository/org/junit/platform/junit-platform-commons/1.9.2/junit-platform-commons-1.9.2.jar:/home/juanmagdev/.m2/repository/org/apiguardian/apiguardian-api/1.1.2/apiguardian-api-1.1.2.jar:/home/juanmagdev/.m2/repository/org/junit/jupiter/junit-jupiter-params/5.9.2/junit-jupiter-params-5.9.2.jar:/home/juanmagdev/.m2/repository/org/junit/jupiter/junit-jupiter-engine/5.9.2/junit-jupiter-engine-5.9.2.jar:/home/juanmagdev/.m2/repository/org/junit/platform/junit-platform-engine/1.9.2/junit-platform-engine-1.9.2.jar:/home/juanmagdev/.m2/repository/org/mockito/mockito-core/4.8.1/mockito-core-4.8.1.jar:/home/juanmagdev/.m2/repository/net/bytebuddy/byte-buddy-agent/1.12.23/byte-buddy-agent-1.12.23.jar:/home/juanmagdev/.m2/repository/org/objenesis/objenesis/3.2/objenesis-3.2.jar:/home/juanmagdev/.m2/repository/org/mockito/mockito-junit-jupiter/4.8.1/mockito-junit-jupiter-4.8.1.jar:/home/juanmagdev/.m2/repository/org/skyscreamer/jsonassert/1.5.1/jsonassert-1.5.1.jar:/home/juanmagdev/.m2/repository/com/vaadin/external/google/android-json/0.0.20131108.vaadin1/android-json-0.0.20131108.vaadin1.jar:/home/juanmagdev/.m2/repository/org/springframework/spring-core/6.0.8/spring-core-6.0.8.jar:/home/juanmagdev/.m2/repository/org/springframework/spring-jcl/6.0.8/spring-jcl-6.0.8.jar:/home/juanmagdev/.m2/repository/org/springframework/spring-test/6.0.8/spring-test-6.0.8.jar:/home/juanmagdev/.m2/repository/org/xmlunit/xmlunit-core/2.9.1/xmlunit-core-2.9.1.jar:/home/juanmagdev/.m2/repository/org/seleniumhq/selenium/selenium-java/4.5.3/selenium-java-4.5.3.jar:/home/juanmagdev/.m2/repository/org/seleniumhq/selenium/selenium-api/4.5.3/selenium-api-4.5.3.jar:/home/juanmagdev/.m2/repository/org/seleniumhq/selenium/selenium-chrome-driver/4.5.3/selenium-chrome-driver-4.5.3.jar:/home/juanmagdev/.m2/repository/com/google/auto/service/auto-service-annotations/1.0.1/auto-service-annotations-1.0.1.jar:/home/juanmagdev/.m2/repository/com/google/auto/service/auto-service/1.0.1/auto-service-1.0.1.jar:/home/juanmagdev/.m2/repository/com/google/auto/auto-common/1.2/auto-common-1.2.jar:/home/juanmagdev/.m2/repository/com/google/guava/guava/31.1-jre/guava-31.1-jre.jar:/home/juanmagdev/.m2/repository/com/google/guava/failureaccess/1.0.1/failureaccess-1.0.1.jar:/home/juanmagdev/.m2/repository/com/google/guava/listenablefuture/9999.0-empty-to-avoid-conflict-with-guava/listenablefuture-9999.0-empty-to-avoid-conflict-with-guava.jar:/home/juanmagdev/.m2/repository/com/google/code/findbugs/jsr305/3.0.2/jsr305-3.0.2.jar:/home/juanmagdev/.m2/repository/org/checkerframework/checker-qual/3.12.0/checker-qual-3.12.0.jar:/home/juanmagdev/.m2/repository/com/google/errorprone/error_prone_annotations/2.11.0/error_prone_annotations-2.11.0.jar:/home/juanmagdev/.m2/repository/com/google/j2objc/j2objc-annotations/1.3/j2objc-annotations-1.3.jar:/home/juanmagdev/.m2/repository/org/seleniumhq/selenium/selenium-chromium-driver/4.5.3/selenium-chromium-driver-4.5.3.jar:/home/juanmagdev/.m2/repository/org/seleniumhq/selenium/selenium-json/4.5.3/selenium-json-4.5.3.jar:/home/juanmagdev/.m2/repository/org/seleniumhq/selenium/selenium-devtools-v104/4.5.3/selenium-devtools-v104-4.5.3.jar:/home/juanmagdev/.m2/repository/org/seleniumhq/selenium/selenium-devtools-v105/4.5.3/selenium-devtools-v105-4.5.3.jar:/home/juanmagdev/.m2/repository/org/seleniumhq/selenium/selenium-devtools-v106/4.5.3/selenium-devtools-v106-4.5.3.jar:/home/juanmagdev/.m2/repository/org/seleniumhq/selenium/selenium-devtools-v85/4.5.3/selenium-devtools-v85-4.5.3.jar:/home/juanmagdev/.m2/repository/org/seleniumhq/selenium/selenium-edge-driver/4.5.3/selenium-edge-driver-4.5.3.jar:/home/juanmagdev/.m2/repository/org/seleniumhq/selenium/selenium-firefox-driver/4.5.3/selenium-firefox-driver-4.5.3.jar:/home/juanmagdev/.m2/repository/org/seleniumhq/selenium/selenium-ie-driver/4.5.3/selenium-ie-driver-4.5.3.jar:/home/juanmagdev/.m2/repository/org/seleniumhq/selenium/selenium-remote-driver/4.5.3/selenium-remote-driver-4.5.3.jar:/home/juanmagdev/.m2/repository/com/beust/jcommander/1.82/jcommander-1.82.jar:/home/juanmagdev/.m2/repository/io/netty/netty-buffer/4.1.91.Final/netty-buffer-4.1.91.Final.jar:/home/juanmagdev/.m2/repository/io/netty/netty-codec-http/4.1.91.Final/netty-codec-http-4.1.91.Final.jar:/home/juanmagdev/.m2/repository/io/netty/netty-codec/4.1.91.Final/netty-codec-4.1.91.Final.jar:/home/juanmagdev/.m2/repository/io/netty/netty-handler/4.1.91.Final/netty-handler-4.1.91.Final.jar:/home/juanmagdev/.m2/repository/io/netty/netty-common/4.1.91.Final/netty-common-4.1.91.Final.jar:/home/juanmagdev/.m2/repository/io/netty/netty-transport-classes-epoll/4.1.91.Final/netty-transport-classes-epoll-4.1.91.Final.jar:/home/juanmagdev/.m2/repository/io/netty/netty-transport-classes-kqueue/4.1.91.Final/netty-transport-classes-kqueue-4.1.91.Final.jar:/home/juanmagdev/.m2/repository/io/netty/netty-transport-native-epoll/4.1.91.Final/netty-transport-native-epoll-4.1.91.Final.jar:/home/juanmagdev/.m2/repository/io/netty/netty-transport-native-kqueue/4.1.91.Final/netty-transport-native-kqueue-4.1.91.Final.jar:/home/juanmagdev/.m2/repository/io/netty/netty-transport-native-unix-common/4.1.91.Final/netty-transport-native-unix-common-4.1.91.Final.jar:/home/juanmagdev/.m2/repository/io/netty/netty-transport/4.1.91.Final/netty-transport-4.1.91.Final.jar:/home/juanmagdev/.m2/repository/io/netty/netty-resolver/4.1.91.Final/netty-resolver-4.1.91.Final.jar:/home/juanmagdev/.m2/repository/io/opentelemetry/opentelemetry-api/1.19.0/opentelemetry-api-1.19.0.jar:/home/juanmagdev/.m2/repository/io/opentelemetry/opentelemetry-context/1.19.0/opentelemetry-context-1.19.0.jar:/home/juanmagdev/.m2/repository/io/opentelemetry/opentelemetry-exporter-logging/1.19.0/opentelemetry-exporter-logging-1.19.0.jar:/home/juanmagdev/.m2/repository/io/opentelemetry/opentelemetry-sdk-metrics/1.19.0/opentelemetry-sdk-metrics-1.19.0.jar:/home/juanmagdev/.m2/repository/io/opentelemetry/opentelemetry-sdk-logs/1.19.0-alpha/opentelemetry-sdk-logs-1.19.0-alpha.jar:/home/juanmagdev/.m2/repository/io/opentelemetry/opentelemetry-api-logs/1.19.0-alpha/opentelemetry-api-logs-1.19.0-alpha.jar:/home/juanmagdev/.m2/repository/io/opentelemetry/opentelemetry-sdk-common/1.19.0/opentelemetry-sdk-common-1.19.0.jar:/home/juanmagdev/.m2/repository/io/opentelemetry/opentelemetry-sdk-extension-autoconfigure-spi/1.19.0/opentelemetry-sdk-extension-autoconfigure-spi-1.19.0.jar:/home/juanmagdev/.m2/repository/io/opentelemetry/opentelemetry-sdk-extension-autoconfigure/1.19.0-alpha/opentelemetry-sdk-extension-autoconfigure-1.19.0-alpha.jar:/home/juanmagdev/.m2/repository/io/opentelemetry/opentelemetry-exporter-common/1.19.0/opentelemetry-exporter-common-1.19.0.jar:/home/juanmagdev/.m2/repository/io/opentelemetry/opentelemetry-sdk-trace/1.19.0/opentelemetry-sdk-trace-1.19.0.jar:/home/juanmagdev/.m2/repository/io/opentelemetry/opentelemetry-sdk/1.19.0/opentelemetry-sdk-1.19.0.jar:/home/juanmagdev/.m2/repository/io/opentelemetry/opentelemetry-semconv/1.19.0-alpha/opentelemetry-semconv-1.19.0-alpha.jar:/home/juanmagdev/.m2/repository/io/ous/jtoml/2.0.0/jtoml-2.0.0.jar:/home/juanmagdev/.m2/repository/org/apache/commons/commons-exec/1.3/commons-exec-1.3.jar:/home/juanmagdev/.m2/repository/org/asynchttpclient/async-http-client/2.12.3/async-http-client-2.12.3.jar:/home/juanmagdev/.m2/repository/org/asynchttpclient/async-http-client-netty-utils/2.12.3/async-http-client-netty-utils-2.12.3.jar:/home/juanmagdev/.m2/repository/io/netty/netty-codec-socks/4.1.91.Final/netty-codec-socks-4.1.91.Final.jar:/home/juanmagdev/.m2/repository/io/netty/netty-handler-proxy/4.1.91.Final/netty-handler-proxy-4.1.91.Final.jar:/home/juanmagdev/.m2/repository/io/netty/netty-transport-native-epoll/4.1.91.Final/netty-transport-native-epoll-4.1.91.Final-linux-x86_64.jar:/home/juanmagdev/.m2/repository/io/netty/netty-transport-native-kqueue/4.1.91.Final/netty-transport-native-kqueue-4.1.91.Final-osx-x86_64.jar:/home/juanmagdev/.m2/repository/org/reactivestreams/reactive-streams/1.0.4/reactive-streams-1.0.4.jar:/home/juanmagdev/.m2/repository/com/typesafe/netty/netty-reactive-streams/2.0.4/netty-reactive-streams-2.0.4.jar:/home/juanmagdev/.m2/repository/com/sun/activation/jakarta.activation/1.2.2/jakarta.activation-1.2.2.jar:/home/juanmagdev/.m2/repository/org/seleniumhq/selenium/selenium-http/4.5.3/selenium-http-4.5.3.jar:/home/juanmagdev/.m2/repository/dev/failsafe/failsafe/3.3.0/failsafe-3.3.0.jar:/home/juanmagdev/.m2/repository/org/seleniumhq/selenium/selenium-safari-driver/4.5.3/selenium-safari-driver-4.5.3.jar:/home/juanmagdev/.m2/repository/org/seleniumhq/selenium/selenium-support/4.5.3/selenium-support-4.5.3.jar:"/>
    <property name="java.vm.vendor" value="Oracle Corporation"/>
    <property name="sun.arch.data.model" value="64"/>
    <property name="java.vendor.url" value="https://openjdk.java.net/"/>
    <property name="user.timezone" value="Europe/Madrid"/>
    <property name="os.name" value="Linux"/>
    <property name="java.vm.specification.version" value="19"/>
    <property name="sun.java.launcher" value="SUN_STANDARD"/>
    <property name="user.country" value="ES"/>
    <property name="sun.boot.library.path" value="/usr/lib/jvm/java-19-openjdk/lib"/>
    <property name="sun.java.command" value="/home/juanmagdev/Documentos/Universidad/SII/Practicas-SII/p6/target/surefire/surefirebooter14418555494398040844.jar /home/juanmagdev/Documentos/Universidad/SII/Practicas-SII/p6/target/surefire 2023-05-04T11-20-33_912-jvmRun1 surefire13238796292616363909tmp surefire_05290229283647250046tmp"/>
    <property name="jdk.debug" value="release"/>
    <property name="surefire.test.class.path" value="/home/juanmagdev/Documentos/Universidad/SII/Practicas-SII/p6/target/test-classes:/home/juanmagdev/Documentos/Universidad/SII/Practicas-SII/p6/target/classes:/home/juanmagdev/.m2/repository/org/springframework/boot/spring-boot-starter-web/3.0.6/spring-boot-starter-web-3.0.6.jar:/home/juanmagdev/.m2/repository/org/springframework/boot/spring-boot-starter/3.0.6/spring-boot-starter-3.0.6.jar:/home/juanmagdev/.m2/repository/org/springframework/boot/spring-boot/3.0.6/spring-boot-3.0.6.jar:/home/juanmagdev/.m2/repository/org/springframework/boot/spring-boot-autoconfigure/3.0.6/spring-boot-autoconfigure-3.0.6.jar:/home/juanmagdev/.m2/repository/org/springframework/boot/spring-boot-starter-logging/3.0.6/spring-boot-starter-logging-3.0.6.jar:/home/juanmagdev/.m2/repository/ch/qos/logback/logback-classic/1.4.7/logback-classic-1.4.7.jar:/home/juanmagdev/.m2/repository/ch/qos/logback/logback-core/1.4.7/logback-core-1.4.7.jar:/home/juanmagdev/.m2/repository/org/apache/logging/log4j/log4j-to-slf4j/2.19.0/log4j-to-slf4j-2.19.0.jar:/home/juanmagdev/.m2/repository/org/apache/logging/log4j/log4j-api/2.19.0/log4j-api-2.19.0.jar:/home/juanmagdev/.m2/repository/org/slf4j/jul-to-slf4j/2.0.7/jul-to-slf4j-2.0.7.jar:/home/juanmagdev/.m2/repository/jakarta/annotation/jakarta.annotation-api/2.1.1/jakarta.annotation-api-2.1.1.jar:/home/juanmagdev/.m2/repository/org/yaml/snakeyaml/1.33/snakeyaml-1.33.jar:/home/juanmagdev/.m2/repository/org/springframework/boot/spring-boot-starter-json/3.0.6/spring-boot-starter-json-3.0.6.jar:/home/juanmagdev/.m2/repository/com/fasterxml/jackson/core/jackson-databind/2.14.2/jackson-databind-2.14.2.jar:/home/juanmagdev/.m2/repository/com/fasterxml/jackson/core/jackson-annotations/2.14.2/jackson-annotations-2.14.2.jar:/home/juanmagdev/.m2/repository/com/fasterxml/jackson/core/jackson-core/2.14.2/jackson-core-2.14.2.jar:/home/juanmagdev/.m2/repository/com/fasterxml/jackson/datatype/jackson-datatype-jdk8/2.14.2/jackson-datatype-jdk8-2.14.2.jar:/home/juanmagdev/.m2/repository/com/fasterxml/jackson/datatype/jackson-datatype-jsr310/2.14.2/jackson-datatype-jsr310-2.14.2.jar:/home/juanmagdev/.m2/repository/com/fasterxml/jackson/module/jackson-module-parameter-names/2.14.2/jackson-module-parameter-names-2.14.2.jar:/home/juanmagdev/.m2/repository/org/springframework/boot/spring-boot-starter-tomcat/3.0.6/spring-boot-starter-tomcat-3.0.6.jar:/home/juanmagdev/.m2/repository/org/apache/tomcat/embed/tomcat-embed-core/10.1.8/tomcat-embed-core-10.1.8.jar:/home/juanmagdev/.m2/repository/org/apache/tomcat/embed/tomcat-embed-el/10.1.8/tomcat-embed-el-10.1.8.jar:/home/juanmagdev/.m2/repository/org/apache/tomcat/embed/tomcat-embed-websocket/10.1.8/tomcat-embed-websocket-10.1.8.jar:/home/juanmagdev/.m2/repository/org/springframework/spring-web/6.0.8/spring-web-6.0.8.jar:/home/juanmagdev/.m2/repository/org/springframework/spring-beans/6.0.8/spring-beans-6.0.8.jar:/home/juanmagdev/.m2/repository/io/micrometer/micrometer-observation/1.10.6/micrometer-observation-1.10.6.jar:/home/juanmagdev/.m2/repository/io/micrometer/micrometer-commons/1.10.6/micrometer-commons-1.10.6.jar:/home/juanmagdev/.m2/repository/org/springframework/spring-webmvc/6.0.8/spring-webmvc-6.0.8.jar:/home/juanmagdev/.m2/repository/org/springframework/spring-aop/6.0.8/spring-aop-6.0.8.jar:/home/juanmagdev/.m2/repository/org/springframework/spring-context/6.0.8/spring-context-6.0.8.jar:/home/juanmagdev/.m2/repository/org/springframework/spring-expression/6.0.8/spring-expression-6.0.8.jar:/home/juanmagdev/.m2/repository/org/springframework/boot/spring-boot-starter-websocket/3.0.6/spring-boot-starter-websocket-3.0.6.jar:/home/juanmagdev/.m2/repository/org/springframework/spring-messaging/6.0.8/spring-messaging-6.0.8.jar:/home/juanmagdev/.m2/repository/org/springframework/spring-websocket/6.0.8/spring-websocket-6.0.8.jar:/home/juanmagdev/.m2/repository/org/springframework/boot/spring-boot-starter-test/3.0.6/spring-boot-starter-test-3.0.6.jar:/home/juanmagdev/.m2/repository/org/springframework/boot/spring-boot-test/3.0.6/spring-boot-test-3.0.6.jar:/home/juanmagdev/.m2/repository/org/springframework/boot/spring-boot-test-autoconfigure/3.0.6/spring-boot-test-autoconfigure-3.0.6.jar:/home/juanmagdev/.m2/repository/com/jayway/jsonpath/json-path/2.7.0/json-path-2.7.0.jar:/home/juanmagdev/.m2/repository/net/minidev/json-smart/2.4.10/json-smart-2.4.10.jar:/home/juanmagdev/.m2/repository/net/minidev/accessors-smart/2.4.9/accessors-smart-2.4.9.jar:/home/juanmagdev/.m2/repository/org/ow2/asm/asm/9.3/asm-9.3.jar:/home/juanmagdev/.m2/repository/org/slf4j/slf4j-api/2.0.7/slf4j-api-2.0.7.jar:/home/juanmagdev/.m2/repository/jakarta/xml/bind/jakarta.xml.bind-api/4.0.0/jakarta.xml.bind-api-4.0.0.jar:/home/juanmagdev/.m2/repository/jakarta/activation/jakarta.activation-api/2.1.1/jakarta.activation-api-2.1.1.jar:/home/juanmagdev/.m2/repository/org/assertj/assertj-core/3.23.1/assertj-core-3.23.1.jar:/home/juanmagdev/.m2/repository/net/bytebuddy/byte-buddy/1.12.23/byte-buddy-1.12.23.jar:/home/juanmagdev/.m2/repository/org/hamcrest/hamcrest/2.2/hamcrest-2.2.jar:/home/juanmagdev/.m2/repository/org/junit/jupiter/junit-jupiter/5.9.2/junit-jupiter-5.9.2.jar:/home/juanmagdev/.m2/repository/org/junit/jupiter/junit-jupiter-api/5.9.2/junit-jupiter-api-5.9.2.jar:/home/juanmagdev/.m2/repository/org/opentest4j/opentest4j/1.2.0/opentest4j-1.2.0.jar:/home/juanmagdev/.m2/repository/org/junit/platform/junit-platform-commons/1.9.2/junit-platform-commons-1.9.2.jar:/home/juanmagdev/.m2/repository/org/apiguardian/apiguardian-api/1.1.2/apiguardian-api-1.1.2.jar:/home/juanmagdev/.m2/repository/org/junit/jupiter/junit-jupiter-params/5.9.2/junit-jupiter-params-5.9.2.jar:/home/juanmagdev/.m2/repository/org/junit/jupiter/junit-jupiter-engine/5.9.2/junit-jupiter-engine-5.9.2.jar:/home/juanmagdev/.m2/repository/org/junit/platform/junit-platform-engine/1.9.2/junit-platform-engine-1.9.2.jar:/home/juanmagdev/.m2/repository/org/mockito/mockito-core/4.8.1/mockito-core-4.8.1.jar:/home/juanmagdev/.m2/repository/net/bytebuddy/byte-buddy-agent/1.12.23/byte-buddy-agent-1.12.23.jar:/home/juanmagdev/.m2/repository/org/objenesis/objenesis/3.2/objenesis-3.2.jar:/home/juanmagdev/.m2/repository/org/mockito/mockito-junit-jupiter/4.8.1/mockito-junit-jupiter-4.8.1.jar:/home/juanmagdev/.m2/repository/org/skyscreamer/jsonassert/1.5.1/jsonassert-1.5.1.jar:/home/juanmagdev/.m2/repository/com/vaadin/external/google/android-json/0.0.20131108.vaadin1/android-json-0.0.20131108.vaadin1.jar:/home/juanmagdev/.m2/repository/org/springframework/spring-core/6.0.8/spring-core-6.0.8.jar:/home/juanmagdev/.m2/repository/org/springframework/spring-jcl/6.0.8/spring-jcl-6.0.8.jar:/home/juanmagdev/.m2/repository/org/springframework/spring-test/6.0.8/spring-test-6.0.8.jar:/home/juanmagdev/.m2/repository/org/xmlunit/xmlunit-core/2.9.1/xmlunit-core-2.9.1.jar:/home/juanmagdev/.m2/repository/org/seleniumhq/selenium/selenium-java/4.5.3/selenium-java-4.5.3.jar:/home/juanmagdev/.m2/repository/org/seleniumhq/selenium/selenium-api/4.5.3/selenium-api-4.5.3.jar:/home/juanmagdev/.m2/repository/org/seleniumhq/selenium/selenium-chrome-driver/4.5.3/selenium-chrome-driver-4.5.3.jar:/home/juanmagdev/.m2/repository/com/google/auto/service/auto-service-annotations/1.0.1/auto-service-annotations-1.0.1.jar:/home/juanmagdev/.m2/repository/com/google/auto/service/auto-service/1.0.1/auto-service-1.0.1.jar:/home/juanmagdev/.m2/repository/com/google/auto/auto-common/1.2/auto-common-1.2.jar:/home/juanmagdev/.m2/repository/com/google/guava/guava/31.1-jre/guava-31.1-jre.jar:/home/juanmagdev/.m2/repository/com/google/guava/failureaccess/1.0.1/failureaccess-1.0.1.jar:/home/juanmagdev/.m2/repository/com/google/guava/listenablefuture/9999.0-empty-to-avoid-conflict-with-guava/listenablefuture-9999.0-empty-to-avoid-conflict-with-guava.jar:/home/juanmagdev/.m2/repository/com/google/code/findbugs/jsr305/3.0.2/jsr305-3.0.2.jar:/home/juanmagdev/.m2/repository/org/checkerframework/checker-qual/3.12.0/checker-qual-3.12.0.jar:/home/juanmagdev/.m2/repository/com/google/errorprone/error_prone_annotations/2.11.0/error_prone_annotations-2.11.0.jar:/home/juanmagdev/.m2/repository/com/google/j2objc/j2objc-annotations/1.3/j2objc-annotations-1.3.jar:/home/juanmagdev/.m2/repository/org/seleniumhq/selenium/selenium-chromium-driver/4.5.3/selenium-chromium-driver-4.5.3.jar:/home/juanmagdev/.m2/repository/org/seleniumhq/selenium/selenium-json/4.5.3/selenium-json-4.5.3.jar:/home/juanmagdev/.m2/repository/org/seleniumhq/selenium/selenium-devtools-v104/4.5.3/selenium-devtools-v104-4.5.3.jar:/home/juanmagdev/.m2/repository/org/seleniumhq/selenium/selenium-devtools-v105/4.5.3/selenium-devtools-v105-4.5.3.jar:/home/juanmagdev/.m2/repository/org/seleniumhq/selenium/selenium-devtools-v106/4.5.3/selenium-devtools-v106-4.5.3.jar:/home/juanmagdev/.m2/repository/org/seleniumhq/selenium/selenium-devtools-v85/4.5.3/selenium-devtools-v85-4.5.3.jar:/home/juanmagdev/.m2/repository/org/seleniumhq/selenium/selenium-edge-driver/4.5.3/selenium-edge-driver-4.5.3.jar:/home/juanmagdev/.m2/repository/org/seleniumhq/selenium/selenium-firefox-driver/4.5.3/selenium-firefox-driver-4.5.3.jar:/home/juanmagdev/.m2/repository/org/seleniumhq/selenium/selenium-ie-driver/4.5.3/selenium-ie-driver-4.5.3.jar:/home/juanmagdev/.m2/repository/org/seleniumhq/selenium/selenium-remote-driver/4.5.3/selenium-remote-driver-4.5.3.jar:/home/juanmagdev/.m2/repository/com/beust/jcommander/1.82/jcommander-1.82.jar:/home/juanmagdev/.m2/repository/io/netty/netty-buffer/4.1.91.Final/netty-buffer-4.1.91.Final.jar:/home/juanmagdev/.m2/repository/io/netty/netty-codec-http/4.1.91.Final/netty-codec-http-4.1.91.Final.jar:/home/juanmagdev/.m2/repository/io/netty/netty-codec/4.1.91.Final/netty-codec-4.1.91.Final.jar:/home/juanmagdev/.m2/repository/io/netty/netty-handler/4.1.91.Final/netty-handler-4.1.91.Final.jar:/home/juanmagdev/.m2/repository/io/netty/netty-common/4.1.91.Final/netty-common-4.1.91.Final.jar:/home/juanmagdev/.m2/repository/io/netty/netty-transport-classes-epoll/4.1.91.Final/netty-transport-classes-epoll-4.1.91.Final.jar:/home/juanmagdev/.m2/repository/io/netty/netty-transport-classes-kqueue/4.1.91.Final/netty-transport-classes-kqueue-4.1.91.Final.jar:/home/juanmagdev/.m2/repository/io/netty/netty-transport-native-epoll/4.1.91.Final/netty-transport-native-epoll-4.1.91.Final.jar:/home/juanmagdev/.m2/repository/io/netty/netty-transport-native-kqueue/4.1.91.Final/netty-transport-native-kqueue-4.1.91.Final.jar:/home/juanmagdev/.m2/repository/io/netty/netty-transport-native-unix-common/4.1.91.Final/netty-transport-native-unix-common-4.1.91.Final.jar:/home/juanmagdev/.m2/repository/io/netty/netty-transport/4.1.91.Final/netty-transport-4.1.91.Final.jar:/home/juanmagdev/.m2/repository/io/netty/netty-resolver/4.1.91.Final/netty-resolver-4.1.91.Final.jar:/home/juanmagdev/.m2/repository/io/opentelemetry/opentelemetry-api/1.19.0/opentelemetry-api-1.19.0.jar:/home/juanmagdev/.m2/repository/io/opentelemetry/opentelemetry-context/1.19.0/opentelemetry-context-1.19.0.jar:/home/juanmagdev/.m2/repository/io/opentelemetry/opentelemetry-exporter-logging/1.19.0/opentelemetry-exporter-logging-1.19.0.jar:/home/juanmagdev/.m2/repository/io/opentelemetry/opentelemetry-sdk-metrics/1.19.0/opentelemetry-sdk-metrics-1.19.0.jar:/home/juanmagdev/.m2/repository/io/opentelemetry/opentelemetry-sdk-logs/1.19.0-alpha/opentelemetry-sdk-logs-1.19.0-alpha.jar:/home/juanmagdev/.m2/repository/io/opentelemetry/opentelemetry-api-logs/1.19.0-alpha/opentelemetry-api-logs-1.19.0-alpha.jar:/home/juanmagdev/.m2/repository/io/opentelemetry/opentelemetry-sdk-common/1.19.0/opentelemetry-sdk-common-1.19.0.jar:/home/juanmagdev/.m2/repository/io/opentelemetry/opentelemetry-sdk-extension-autoconfigure-spi/1.19.0/opentelemetry-sdk-extension-autoconfigure-spi-1.19.0.jar:/home/juanmagdev/.m2/repository/io/opentelemetry/opentelemetry-sdk-extension-autoconfigure/1.19.0-alpha/opentelemetry-sdk-extension-autoconfigure-1.19.0-alpha.jar:/home/juanmagdev/.m2/repository/io/opentelemetry/opentelemetry-exporter-common/1.19.0/opentelemetry-exporter-common-1.19.0.jar:/home/juanmagdev/.m2/repository/io/opentelemetry/opentelemetry-sdk-trace/1.19.0/opentelemetry-sdk-trace-1.19.0.jar:/home/juanmagdev/.m2/repository/io/opentelemetry/opentelemetry-sdk/1.19.0/opentelemetry-sdk-1.19.0.jar:/home/juanmagdev/.m2/repository/io/opentelemetry/opentelemetry-semconv/1.19.0-alpha/opentelemetry-semconv-1.19.0-alpha.jar:/home/juanmagdev/.m2/repository/io/ous/jtoml/2.0.0/jtoml-2.0.0.jar:/home/juanmagdev/.m2/repository/org/apache/commons/commons-exec/1.3/commons-exec-1.3.jar:/home/juanmagdev/.m2/repository/org/asynchttpclient/async-http-client/2.12.3/async-http-client-2.12.3.jar:/home/juanmagdev/.m2/repository/org/asynchttpclient/async-http-client-netty-utils/2.12.3/async-http-client-netty-utils-2.12.3.jar:/home/juanmagdev/.m2/repository/io/netty/netty-codec-socks/4.1.91.Final/netty-codec-socks-4.1.91.Final.jar:/home/juanmagdev/.m2/repository/io/netty/netty-handler-proxy/4.1.91.Final/netty-handler-proxy-4.1.91.Final.jar:/home/juanmagdev/.m2/repository/io/netty/netty-transport-native-epoll/4.1.91.Final/netty-transport-native-epoll-4.1.91.Final-linux-x86_64.jar:/home/juanmagdev/.m2/repository/io/netty/netty-transport-native-kqueue/4.1.91.Final/netty-transport-native-kqueue-4.1.91.Final-osx-x86_64.jar:/home/juanmagdev/.m2/repository/org/reactivestreams/reactive-streams/1.0.4/reactive-streams-1.0.4.jar:/home/juanmagdev/.m2/repository/com/typesafe/netty/netty-reactive-streams/2.0.4/netty-reactive-streams-2.0.4.jar:/home/juanmagdev/.m2/repository/com/sun/activation/jakarta.activation/1.2.2/jakarta.activation-1.2.2.jar:/home/juanmagdev/.m2/repository/org/seleniumhq/selenium/selenium-http/4.5.3/selenium-http-4.5.3.jar:/home/juanmagdev/.m2/repository/dev/failsafe/failsafe/3.3.0/failsafe-3.3.0.jar:/home/juanmagdev/.m2/repository/org/seleniumhq/selenium/selenium-safari-driver/4.5.3/selenium-safari-driver-4.5.3.jar:/home/juanmagdev/.m2/repository/org/seleniumhq/selenium/selenium-support/4.5.3/selenium-support-4.5.3.jar:"/>
    <property name="sun.cpu.endian" value="little"/>
    <property name="user.home" value="/home/juanmagdev"/>
    <property name="user.language" value="es"/>
    <property name="java.specification.vendor" value="Oracle Corporation"/>
    <property name="java.version.date" value="2023-01-17"/>
    <property name="java.home" value="/usr/lib/jvm/java-19-openjdk"/>
    <property name="file.separator" value="/"/>
    <property name="basedir" value="/home/juanmagdev/Documentos/Universidad/SII/Practicas-SII/p6"/>
    <property name="java.vm.compressedOopsMode" value="Zero based"/>
    <property name="line.separator" value="&#10;"/>
    <property name="java.specification.name" value="Java Platform API Specification"/>
    <property name="java.vm.specification.vendor" value="Oracle Corporation"/>
    <property name="surefire.real.class.path" value="/home/juanmagdev/Documentos/Universidad/SII/Practicas-SII/p6/target/surefire/surefirebooter14418555494398040844.jar"/>
    <property name="sun.management.compiler" value="HotSpot 64-Bit Tiered Compilers"/>
    <property name="java.runtime.version" value="19.0.2+7"/>
    <property name="user.name" value="juanmagdev"/>
    <property name="stdout.encoding" value="UTF-8"/>
    <property name="path.separator" value=":"/>
    <property name="os.version" value="5.15.108-1-MANJARO"/>
    <property name="java.runtime.name" value="OpenJDK Runtime Environment"/>
    <property name="file.encoding" value="UTF-8"/>
    <property name="java.vm.name" value="OpenJDK 64-Bit Server VM"/>
    <property name="localRepository" value="/home/juanmagdev/.m2/repository"/>
    <property name="java.vendor.url.bug" value="https://bugreport.java.com/bugreport/"/>
    <property name="java.io.tmpdir" value="/tmp"/>
    <property name="java.version" value="19.0.2"/>
    <property name="user.dir" value="/home/juanmagdev/Documentos/Universidad/SII/Practicas-SII/p6"/>
    <property name="os.arch" value="amd64"/>
    <property name="java.vm.specification.name" value="Java Virtual Machine Specification"/>
    <property name="native.encoding" value="UTF-8"/>
    <property name="java.library.path" value="/usr/java/packages/lib:/usr/lib64:/lib64:/lib:/usr/lib"/>
    <property name="java.vm.info" value="mixed mode"/>
    <property name="stderr.encoding" value="UTF-8"/>
    <property name="java.vendor" value="N/A"/>
    <property name="java.vm.version" value="19.0.2+7"/>
    <property name="sun.io.unicode.encoding" value="UnicodeLittle"/>
    <property name="java.class.version" value="63.0"/>
  </properties>
  <testcase name="entrada" classname="es.uma.informatica.sii.practica.websockets.tests.WebsocketsIT" time="3.96">
    <system-out><![CDATA[11:20:34.956 [main] DEBUG io.netty.util.internal.logging.InternalLoggerFactory -- Using SLF4J as the default logging framework
11:20:34.961 [main] DEBUG io.netty.util.ResourceLeakDetector -- -Dio.netty.leakDetection.level: simple
11:20:34.961 [main] DEBUG io.netty.util.ResourceLeakDetector -- -Dio.netty.leakDetection.targetRecords: 4
11:20:34.964 [main] DEBUG io.netty.util.ResourceLeakDetectorFactory -- Loaded default ResourceLeakDetector: io.netty.util.ResourceLeakDetector@1a6c1270
11:20:34.975 [main] DEBUG io.netty.util.internal.PlatformDependent0 -- -Dio.netty.noUnsafe: false
11:20:34.975 [main] DEBUG io.netty.util.internal.PlatformDependent0 -- Java version: 19
11:20:34.976 [main] DEBUG io.netty.util.internal.PlatformDependent0 -- sun.misc.Unsafe.theUnsafe: available
11:20:34.977 [main] DEBUG io.netty.util.internal.PlatformDependent0 -- sun.misc.Unsafe.copyMemory: available
11:20:34.977 [main] DEBUG io.netty.util.internal.PlatformDependent0 -- sun.misc.Unsafe.storeFence: available
11:20:34.977 [main] DEBUG io.netty.util.internal.PlatformDependent0 -- java.nio.Buffer.address: available
11:20:34.978 [main] DEBUG io.netty.util.internal.PlatformDependent0 -- direct buffer constructor: unavailable: Reflective setAccessible(true) disabled
11:20:34.978 [main] DEBUG io.netty.util.internal.PlatformDependent0 -- java.nio.Bits.unaligned: available, true
11:20:34.979 [main] DEBUG io.netty.util.internal.PlatformDependent0 -- jdk.internal.misc.Unsafe.allocateUninitializedArray(int): unavailable: class io.netty.util.internal.PlatformDependent0$7 cannot access class jdk.internal.misc.Unsafe (in module java.base) because module java.base does not export jdk.internal.misc to unnamed module @43195e57
11:20:34.979 [main] DEBUG io.netty.util.internal.PlatformDependent0 -- java.nio.DirectByteBuffer.<init>(long, int): unavailable
11:20:34.980 [main] DEBUG io.netty.util.internal.PlatformDependent -- sun.misc.Unsafe: available
11:20:34.981 [main] DEBUG io.netty.util.internal.PlatformDependent -- maxDirectMemory: 4150263808 bytes (maybe)
11:20:34.981 [main] DEBUG io.netty.util.internal.PlatformDependent -- -Dio.netty.tmpdir: /tmp (java.io.tmpdir)
11:20:34.981 [main] DEBUG io.netty.util.internal.PlatformDependent -- -Dio.netty.bitMode: 64 (sun.arch.data.model)
11:20:34.982 [main] DEBUG io.netty.util.internal.PlatformDependent -- -Dio.netty.maxDirectMemory: -1 bytes
11:20:34.982 [main] DEBUG io.netty.util.internal.PlatformDependent -- -Dio.netty.uninitializedArrayAllocationThreshold: -1
11:20:34.984 [main] DEBUG io.netty.util.internal.CleanerJava9 -- java.nio.ByteBuffer.cleaner(): available
11:20:34.984 [main] DEBUG io.netty.util.internal.PlatformDependent -- -Dio.netty.noPreferDirect: false
11:20:34.991 [main] DEBUG io.netty.util.internal.PlatformDependent -- org.jctools-core.MpscChunkedArrayQueue: available
11:20:35.003 [main] DEBUG io.netty.util.internal.InternalThreadLocalMap -- -Dio.netty.threadLocalMap.stringBuilder.initialSize: 1024
11:20:35.003 [main] DEBUG io.netty.util.internal.InternalThreadLocalMap -- -Dio.netty.threadLocalMap.stringBuilder.maxSize: 4096
11:20:35.141 [main] DEBUG io.netty.handler.ssl.JdkSslContext -- Default protocols (JDK): [TLSv1.3, TLSv1.2] 
11:20:35.141 [main] DEBUG io.netty.handler.ssl.JdkSslContext -- Default cipher suites (JDK): [TLS_ECDHE_ECDSA_WITH_AES_256_GCM_SHA384, TLS_ECDHE_ECDSA_WITH_AES_128_GCM_SHA256, TLS_ECDHE_RSA_WITH_AES_128_GCM_SHA256, TLS_ECDHE_RSA_WITH_AES_256_GCM_SHA384, TLS_ECDHE_RSA_WITH_AES_128_CBC_SHA, TLS_ECDHE_RSA_WITH_AES_256_CBC_SHA, TLS_RSA_WITH_AES_128_GCM_SHA256, TLS_RSA_WITH_AES_128_CBC_SHA, TLS_RSA_WITH_AES_256_CBC_SHA, TLS_AES_128_GCM_SHA256, TLS_AES_256_GCM_SHA384]
11:20:35.148 [main] DEBUG io.netty.util.concurrent.GlobalEventExecutor -- -Dio.netty.globalEventExecutor.quietPeriodSeconds: 1
11:20:35.155 [main] DEBUG io.netty.channel.MultithreadEventLoopGroup -- -Dio.netty.eventLoopThreads: 24
11:20:35.161 [main] DEBUG io.netty.channel.nio.NioEventLoop -- -Dio.netty.noKeySetOptimization: false
11:20:35.161 [main] DEBUG io.netty.channel.nio.NioEventLoop -- -Dio.netty.selectorAutoRebuildThreshold: 512
11:20:35.175 [main] DEBUG io.netty.buffer.PooledByteBufAllocator -- -Dio.netty.allocator.numHeapArenas: 24
11:20:35.175 [main] DEBUG io.netty.buffer.PooledByteBufAllocator -- -Dio.netty.allocator.numDirectArenas: 24
11:20:35.175 [main] DEBUG io.netty.buffer.PooledByteBufAllocator -- -Dio.netty.allocator.pageSize: 8192
11:20:35.175 [main] DEBUG io.netty.buffer.PooledByteBufAllocator -- -Dio.netty.allocator.maxOrder: 9
11:20:35.175 [main] DEBUG io.netty.buffer.PooledByteBufAllocator -- -Dio.netty.allocator.chunkSize: 4194304
11:20:35.175 [main] DEBUG io.netty.buffer.PooledByteBufAllocator -- -Dio.netty.allocator.smallCacheSize: 256
11:20:35.176 [main] DEBUG io.netty.buffer.PooledByteBufAllocator -- -Dio.netty.allocator.normalCacheSize: 64
11:20:35.176 [main] DEBUG io.netty.buffer.PooledByteBufAllocator -- -Dio.netty.allocator.maxCachedBufferCapacity: 32768
11:20:35.176 [main] DEBUG io.netty.buffer.PooledByteBufAllocator -- -Dio.netty.allocator.cacheTrimInterval: 8192
11:20:35.176 [main] DEBUG io.netty.buffer.PooledByteBufAllocator -- -Dio.netty.allocator.cacheTrimIntervalMillis: 0
11:20:35.176 [main] DEBUG io.netty.buffer.PooledByteBufAllocator -- -Dio.netty.allocator.useCacheForAllThreads: false
11:20:35.176 [main] DEBUG io.netty.buffer.PooledByteBufAllocator -- -Dio.netty.allocator.maxCachedByteBuffersPerChunk: 1023
11:20:35.182 [main] DEBUG io.netty.buffer.ByteBufUtil -- -Dio.netty.allocator.type: pooled
11:20:35.183 [main] DEBUG io.netty.buffer.ByteBufUtil -- -Dio.netty.threadLocalDirectBufferSize: 0
11:20:35.183 [main] DEBUG io.netty.buffer.ByteBufUtil -- -Dio.netty.maxThreadLocalCharBufferSize: 16384
11:20:35.322 [Forwarding newSession on session null to remote] DEBUG io.netty.channel.DefaultChannelId -- -Dio.netty.processId: 72274 (auto-detected)
11:20:35.324 [Forwarding newSession on session null to remote] DEBUG io.netty.util.NetUtil -- -Djava.net.preferIPv4Stack: false
11:20:35.324 [Forwarding newSession on session null to remote] DEBUG io.netty.util.NetUtil -- -Djava.net.preferIPv6Addresses: false
11:20:35.325 [Forwarding newSession on session null to remote] DEBUG io.netty.util.NetUtilInitializations -- Loopback interface: lo (lo, 0:0:0:0:0:0:0:1%lo)
11:20:35.326 [Forwarding newSession on session null to remote] DEBUG io.netty.util.NetUtil -- /proc/sys/net/core/somaxconn: 4096
11:20:35.326 [Forwarding newSession on session null to remote] DEBUG io.netty.channel.DefaultChannelId -- -Dio.netty.machineId: 50:eb:71:ff:fe:d8:b6:93 (auto-detected)
11:20:35.350 [AsyncHttpClient-1-2] DEBUG io.netty.buffer.AbstractByteBuf -- -Dio.netty.buffer.checkAccessible: true
11:20:35.350 [AsyncHttpClient-1-2] DEBUG io.netty.buffer.AbstractByteBuf -- -Dio.netty.buffer.checkBounds: true
11:20:35.350 [AsyncHttpClient-1-2] DEBUG io.netty.util.ResourceLeakDetectorFactory -- Loaded default ResourceLeakDetector: io.netty.util.ResourceLeakDetector@71224b7e
11:20:35.358 [AsyncHttpClient-1-2] DEBUG org.asynchttpclient.netty.channel.NettyConnectListener -- Using new Channel '[id: 0xa3481f0b, L:/127.0.0.1:41948 - R:localhost/127.0.0.1:12267]' for 'POST' to '/session'
11:20:35.367 [AsyncHttpClient-1-2] DEBUG io.netty.util.Recycler -- -Dio.netty.recycler.maxCapacityPerThread: 4096
11:20:35.367 [AsyncHttpClient-1-2] DEBUG io.netty.util.Recycler -- -Dio.netty.recycler.ratio: 8
11:20:35.367 [AsyncHttpClient-1-2] DEBUG io.netty.util.Recycler -- -Dio.netty.recycler.chunkSize: 32
11:20:35.367 [AsyncHttpClient-1-2] DEBUG io.netty.util.Recycler -- -Dio.netty.recycler.blocking: false
11:20:35.367 [AsyncHttpClient-1-2] DEBUG io.netty.util.Recycler -- -Dio.netty.recycler.batchFastThreadLocalOnly: true
11:20:36.771 [AsyncHttpClient-1-2] DEBUG io.netty.handler.codec.compression.Brotli -- brotli4j not in the classpath; Brotli support will be unavailable.
11:20:36.771 [AsyncHttpClient-1-2] DEBUG org.asynchttpclient.netty.handler.HttpHandler -- 

Request DefaultHttpRequest(decodeResult: success, version: HTTP/1.1)
POST /session HTTP/1.1
User-Agent: selenium/4.5.3 (java unix)
Content-Length: 439
Content-Type: application/json; charset=utf-8
host: localhost:12267
accept: */*

Response DefaultHttpResponse(decodeResult: success, version: HTTP/1.1)
HTTP/1.1 200 OK
Content-Length: 821
Content-Type: application/json; charset=utf-8
cache-control: no-cache

11:20:36.774 [AsyncHttpClient-1-2] DEBUG org.asynchttpclient.netty.channel.ChannelManager -- Adding key: http://localhost:12267 for channel [id: 0xa3481f0b, L:/127.0.0.1:41948 - R:localhost/127.0.0.1:12267]
11:20:36.821 [AsyncHttpClient-1-3] DEBUG org.asynchttpclient.netty.channel.NettyConnectListener -- Using new Channel '[id: 0xc860c955, L:/127.0.0.1:44166 - R:localhost/127.0.0.1:43153]' for 'GET' to '/json/version'
11:20:36.823 [AsyncHttpClient-1-3] DEBUG org.asynchttpclient.netty.handler.HttpHandler -- 

Request DefaultFullHttpRequest(decodeResult: success, version: HTTP/1.1, content: EmptyByteBufBE)
GET /json/version HTTP/1.1
User-Agent: selenium/4.5.3 (java unix)
host: localhost:43153
accept: */*

Response DefaultHttpResponse(decodeResult: success, version: HTTP/1.1)
HTTP/1.1 200 OK
Content-Security-Policy: frame-ancestors 'none'
Content-Length: 404
Content-Type: application/json; charset=UTF-8

11:20:36.823 [AsyncHttpClient-1-3] DEBUG org.asynchttpclient.netty.channel.ChannelManager -- Adding key: http://localhost:43153 for channel [id: 0xc860c955, L:/127.0.0.1:44166 - R:localhost/127.0.0.1:43153]
11:20:36.828 [main] DEBUG io.netty.util.internal.ThreadLocalRandom -- -Dio.netty.initialSeedUniquifier: 0x47effef6ecc23cb2
11:20:36.829 [AsyncHttpClient-1-4] DEBUG org.asynchttpclient.netty.channel.NettyConnectListener -- Using new Channel '[id: 0x20b7b6f0, L:/127.0.0.1:44174 - R:localhost/127.0.0.1:43153]' for 'GET' to '/devtools/browser/8e04e947-2959-4193-9092-9425b1c79200'
11:20:36.832 [AsyncHttpClient-1-4] DEBUG org.asynchttpclient.netty.handler.WebSocketHandler -- 

Request DefaultFullHttpRequest(decodeResult: success, version: HTTP/1.1, content: EmptyByteBufBE)
GET /devtools/browser/8e04e947-2959-4193-9092-9425b1c79200 HTTP/1.1
upgrade: websocket
connection: upgrade
sec-websocket-key: Tp73eo4NZ3LPcqcbE5Eo2Q==
sec-websocket-version: 13
origin: http://localhost:43153
host: localhost:43153
accept: */*
user-agent: AHC/2.1

Response DefaultHttpResponse(decodeResult: success, version: HTTP/1.1)
HTTP/1.1 101 WebSocket Protocol Handshake
Upgrade: WebSocket
Connection: Upgrade
Sec-WebSocket-Accept: E0JLvMqCgY5oxNGVmBzXJnMT6Xs=

11:20:36.875 [AsyncHttpClient-1-5] DEBUG org.asynchttpclient.netty.channel.NettyConnectListener -- Using new Channel '[id: 0x098f3069, L:/127.0.0.1:48204 - R:localhost/127.0.0.1:13771]' for 'POST' to '/session'
11:20:37.166 [AsyncHttpClient-1-5] DEBUG org.asynchttpclient.netty.handler.HttpHandler -- 

Request DefaultHttpRequest(decodeResult: success, version: HTTP/1.1)
POST /session HTTP/1.1
User-Agent: selenium/4.5.3 (java unix)
Content-Length: 439
Content-Type: application/json; charset=utf-8
host: localhost:13771
accept: */*

Response DefaultHttpResponse(decodeResult: success, version: HTTP/1.1)
HTTP/1.1 200 OK
Content-Length: 821
Content-Type: application/json; charset=utf-8
cache-control: no-cache

11:20:37.167 [AsyncHttpClient-1-5] DEBUG org.asynchttpclient.netty.channel.ChannelManager -- Adding key: http://localhost:13771 for channel [id: 0x098f3069, L:/127.0.0.1:48204 - R:localhost/127.0.0.1:13771]
11:20:37.173 [AsyncHttpClient-1-6] DEBUG org.asynchttpclient.netty.channel.NettyConnectListener -- Using new Channel '[id: 0x781d4e47, L:/127.0.0.1:45784 - R:localhost/127.0.0.1:46535]' for 'GET' to '/json/version'
11:20:37.189 [AsyncHttpClient-1-6] DEBUG org.asynchttpclient.netty.handler.HttpHandler -- 

Request DefaultFullHttpRequest(decodeResult: success, version: HTTP/1.1, content: EmptyByteBufBE)
GET /json/version HTTP/1.1
User-Agent: selenium/4.5.3 (java unix)
host: localhost:46535
accept: */*

Response DefaultHttpResponse(decodeResult: success, version: HTTP/1.1)
HTTP/1.1 200 OK
Content-Security-Policy: frame-ancestors 'none'
Content-Length: 404
Content-Type: application/json; charset=UTF-8

11:20:37.189 [AsyncHttpClient-1-6] DEBUG org.asynchttpclient.netty.channel.ChannelManager -- Adding key: http://localhost:46535 for channel [id: 0x781d4e47, L:/127.0.0.1:45784 - R:localhost/127.0.0.1:46535]
11:20:37.192 [AsyncHttpClient-1-7] DEBUG org.asynchttpclient.netty.channel.NettyConnectListener -- Using new Channel '[id: 0x2ca052d7, L:/127.0.0.1:45794 - R:localhost/127.0.0.1:46535]' for 'GET' to '/devtools/browser/067b039f-5635-4735-a578-20ca5bc347ee'
11:20:37.194 [AsyncHttpClient-1-7] DEBUG org.asynchttpclient.netty.handler.WebSocketHandler -- 

Request DefaultFullHttpRequest(decodeResult: success, version: HTTP/1.1, content: EmptyByteBufBE)
GET /devtools/browser/067b039f-5635-4735-a578-20ca5bc347ee HTTP/1.1
upgrade: websocket
connection: upgrade
sec-websocket-key: JNA2+aGfQHs/V6hJ6TMMaA==
sec-websocket-version: 13
origin: http://localhost:46535
host: localhost:46535
accept: */*
user-agent: AHC/2.1

Response DefaultHttpResponse(decodeResult: success, version: HTTP/1.1)
HTTP/1.1 101 WebSocket Protocol Handshake
Upgrade: WebSocket
Connection: Upgrade
Sec-WebSocket-Accept: nOF66xfnU/30jZVuH5v3Bj4oV1w=

11:20:37.201 [Forwarding get on session 980323d0e76fdb94066193777752abb9 to remote] DEBUG org.asynchttpclient.netty.request.NettyRequestSender -- Using pooled Channel '[id: 0xa3481f0b, L:/127.0.0.1:41948 - R:localhost/127.0.0.1:12267]' for 'POST' to 'http://localhost:12267/session/980323d0e76fdb94066193777752abb9/url'
11:20:37.201 [Forwarding get on session 980323d0e76fdb94066193777752abb9 to remote] DEBUG org.asynchttpclient.netty.request.NettyRequestSender -- Using open Channel [id: 0xa3481f0b, L:/127.0.0.1:41948 - R:localhost/127.0.0.1:12267] for POST '/session/980323d0e76fdb94066193777752abb9/url'
11:20:37.295 [AsyncHttpClient-1-1] DEBUG org.asynchttpclient.netty.channel.DefaultChannelPool -- Entry count for : http://localhost:43153 : 1
11:20:37.295 [AsyncHttpClient-1-1] DEBUG org.asynchttpclient.netty.channel.DefaultChannelPool -- Entry count for : http://localhost:46535 : 1
11:20:37.295 [AsyncHttpClient-1-1] DEBUG org.asynchttpclient.netty.channel.DefaultChannelPool -- Entry count for : http://localhost:13771 : 1
11:20:37.323 [AsyncHttpClient-1-2] DEBUG org.asynchttpclient.netty.handler.HttpHandler -- 

Request DefaultHttpRequest(decodeResult: success, version: HTTP/1.1)
POST /session/980323d0e76fdb94066193777752abb9/url HTTP/1.1
User-Agent: selenium/4.5.3 (java unix)
Content-Length: 62
Content-Type: application/json; charset=utf-8
host: localhost:12267
accept: */*

Response DefaultHttpResponse(decodeResult: success, version: HTTP/1.1)
HTTP/1.1 200 OK
Content-Length: 14
Content-Type: application/json; charset=utf-8
cache-control: no-cache

11:20:37.324 [AsyncHttpClient-1-2] DEBUG org.asynchttpclient.netty.channel.ChannelManager -- Adding key: http://localhost:12267 for channel [id: 0xa3481f0b, L:/127.0.0.1:41948 - R:localhost/127.0.0.1:12267]
11:20:37.328 [Forwarding setCurrentWindowSize on session 980323d0e76fdb94066193777752abb9 to remote] DEBUG org.asynchttpclient.netty.request.NettyRequestSender -- Using pooled Channel '[id: 0xa3481f0b, L:/127.0.0.1:41948 - R:localhost/127.0.0.1:12267]' for 'POST' to 'http://localhost:12267/session/980323d0e76fdb94066193777752abb9/window/rect'
11:20:37.329 [Forwarding setCurrentWindowSize on session 980323d0e76fdb94066193777752abb9 to remote] DEBUG org.asynchttpclient.netty.request.NettyRequestSender -- Using open Channel [id: 0xa3481f0b, L:/127.0.0.1:41948 - R:localhost/127.0.0.1:12267] for POST '/session/980323d0e76fdb94066193777752abb9/window/rect'
11:20:37.436 [AsyncHttpClient-1-2] DEBUG org.asynchttpclient.netty.handler.HttpHandler -- 

Request DefaultHttpRequest(decodeResult: success, version: HTTP/1.1)
POST /session/980323d0e76fdb94066193777752abb9/window/rect HTTP/1.1
User-Agent: selenium/4.5.3 (java unix)
Content-Length: 36
Content-Type: application/json; charset=utf-8
host: localhost:12267
accept: */*

Response DefaultHttpResponse(decodeResult: success, version: HTTP/1.1)
HTTP/1.1 200 OK
Content-Length: 51
Content-Type: application/json; charset=utf-8
cache-control: no-cache

11:20:37.437 [AsyncHttpClient-1-2] DEBUG org.asynchttpclient.netty.channel.ChannelManager -- Adding key: http://localhost:12267 for channel [id: 0xa3481f0b, L:/127.0.0.1:41948 - R:localhost/127.0.0.1:12267]
11:20:37.445 [Forwarding findElement on session 980323d0e76fdb94066193777752abb9 to remote] DEBUG org.asynchttpclient.netty.request.NettyRequestSender -- Using pooled Channel '[id: 0xa3481f0b, L:/127.0.0.1:41948 - R:localhost/127.0.0.1:12267]' for 'POST' to 'http://localhost:12267/session/980323d0e76fdb94066193777752abb9/element'
11:20:37.445 [Forwarding findElement on session 980323d0e76fdb94066193777752abb9 to remote] DEBUG org.asynchttpclient.netty.request.NettyRequestSender -- Using open Channel [id: 0xa3481f0b, L:/127.0.0.1:41948 - R:localhost/127.0.0.1:12267] for POST '/session/980323d0e76fdb94066193777752abb9/element'
11:20:37.465 [AsyncHttpClient-1-2] DEBUG org.asynchttpclient.netty.handler.HttpHandler -- 

Request DefaultHttpRequest(decodeResult: success, version: HTTP/1.1)
POST /session/980323d0e76fdb94066193777752abb9/element HTTP/1.1
User-Agent: selenium/4.5.3 (java unix)
Content-Length: 51
Content-Type: application/json; charset=utf-8
host: localhost:12267
accept: */*

Response DefaultHttpResponse(decodeResult: success, version: HTTP/1.1)
HTTP/1.1 200 OK
Content-Length: 94
Content-Type: application/json; charset=utf-8
cache-control: no-cache

11:20:37.465 [AsyncHttpClient-1-2] DEBUG org.asynchttpclient.netty.channel.ChannelManager -- Adding key: http://localhost:12267 for channel [id: 0xa3481f0b, L:/127.0.0.1:41948 - R:localhost/127.0.0.1:12267]
11:20:37.471 [Forwarding sendKeysToElement on session 980323d0e76fdb94066193777752abb9 to remote] DEBUG org.asynchttpclient.netty.request.NettyRequestSender -- Using pooled Channel '[id: 0xa3481f0b, L:/127.0.0.1:41948 - R:localhost/127.0.0.1:12267]' for 'POST' to 'http://localhost:12267/session/980323d0e76fdb94066193777752abb9/element/0F073F8C9F6F944F8182FB644B1218A7_element_5/value'
11:20:37.471 [Forwarding sendKeysToElement on session 980323d0e76fdb94066193777752abb9 to remote] DEBUG org.asynchttpclient.netty.request.NettyRequestSender -- Using open Channel [id: 0xa3481f0b, L:/127.0.0.1:41948 - R:localhost/127.0.0.1:12267] for POST '/session/980323d0e76fdb94066193777752abb9/element/0F073F8C9F6F944F8182FB644B1218A7_element_5/value'
11:20:37.534 [AsyncHttpClient-1-2] DEBUG org.asynchttpclient.netty.handler.HttpHandler -- 

Request DefaultHttpRequest(decodeResult: success, version: HTTP/1.1)
POST /session/980323d0e76fdb94066193777752abb9/element/0F073F8C9F6F944F8182FB644B1218A7_element_5/value HTTP/1.1
User-Agent: selenium/4.5.3 (java unix)
Content-Length: 157
Content-Type: application/json; charset=utf-8
host: localhost:12267
accept: */*

Response DefaultHttpResponse(decodeResult: success, version: HTTP/1.1)
HTTP/1.1 200 OK
Content-Length: 14
Content-Type: application/json; charset=utf-8
cache-control: no-cache

11:20:37.534 [AsyncHttpClient-1-2] DEBUG org.asynchttpclient.netty.channel.ChannelManager -- Adding key: http://localhost:12267 for channel [id: 0xa3481f0b, L:/127.0.0.1:41948 - R:localhost/127.0.0.1:12267]
11:20:37.536 [Forwarding findElement on session 980323d0e76fdb94066193777752abb9 to remote] DEBUG org.asynchttpclient.netty.request.NettyRequestSender -- Using pooled Channel '[id: 0xa3481f0b, L:/127.0.0.1:41948 - R:localhost/127.0.0.1:12267]' for 'POST' to 'http://localhost:12267/session/980323d0e76fdb94066193777752abb9/element'
11:20:37.536 [Forwarding findElement on session 980323d0e76fdb94066193777752abb9 to remote] DEBUG org.asynchttpclient.netty.request.NettyRequestSender -- Using open Channel [id: 0xa3481f0b, L:/127.0.0.1:41948 - R:localhost/127.0.0.1:12267] for POST '/session/980323d0e76fdb94066193777752abb9/element'
11:20:37.545 [AsyncHttpClient-1-2] DEBUG org.asynchttpclient.netty.handler.HttpHandler -- 

Request DefaultHttpRequest(decodeResult: success, version: HTTP/1.1)
POST /session/980323d0e76fdb94066193777752abb9/element HTTP/1.1
User-Agent: selenium/4.5.3 (java unix)
Content-Length: 57
Content-Type: application/json; charset=utf-8
host: localhost:12267
accept: */*

Response DefaultHttpResponse(decodeResult: success, version: HTTP/1.1)
HTTP/1.1 200 OK
Content-Length: 94
Content-Type: application/json; charset=utf-8
cache-control: no-cache

11:20:37.545 [AsyncHttpClient-1-2] DEBUG org.asynchttpclient.netty.channel.ChannelManager -- Adding key: http://localhost:12267 for channel [id: 0xa3481f0b, L:/127.0.0.1:41948 - R:localhost/127.0.0.1:12267]
11:20:37.547 [Forwarding clickElement on session 980323d0e76fdb94066193777752abb9 to remote] DEBUG org.asynchttpclient.netty.request.NettyRequestSender -- Using pooled Channel '[id: 0xa3481f0b, L:/127.0.0.1:41948 - R:localhost/127.0.0.1:12267]' for 'POST' to 'http://localhost:12267/session/980323d0e76fdb94066193777752abb9/element/0F073F8C9F6F944F8182FB644B1218A7_element_6/click'
11:20:37.547 [Forwarding clickElement on session 980323d0e76fdb94066193777752abb9 to remote] DEBUG org.asynchttpclient.netty.request.NettyRequestSender -- Using open Channel [id: 0xa3481f0b, L:/127.0.0.1:41948 - R:localhost/127.0.0.1:12267] for POST '/session/980323d0e76fdb94066193777752abb9/element/0F073F8C9F6F944F8182FB644B1218A7_element_6/click'
11:20:37.579 [AsyncHttpClient-1-2] DEBUG org.asynchttpclient.netty.handler.HttpHandler -- 

Request DefaultHttpRequest(decodeResult: success, version: HTTP/1.1)
POST /session/980323d0e76fdb94066193777752abb9/element/0F073F8C9F6F944F8182FB644B1218A7_element_6/click HTTP/1.1
User-Agent: selenium/4.5.3 (java unix)
Content-Length: 56
Content-Type: application/json; charset=utf-8
host: localhost:12267
accept: */*

Response DefaultHttpResponse(decodeResult: success, version: HTTP/1.1)
HTTP/1.1 200 OK
Content-Length: 14
Content-Type: application/json; charset=utf-8
cache-control: no-cache

11:20:37.579 [AsyncHttpClient-1-2] DEBUG org.asynchttpclient.netty.channel.ChannelManager -- Adding key: http://localhost:12267 for channel [id: 0xa3481f0b, L:/127.0.0.1:41948 - R:localhost/127.0.0.1:12267]
11:20:37.581 [Forwarding get on session d5f836de57bf18f3925de57034bff49a to remote] DEBUG org.asynchttpclient.netty.request.NettyRequestSender -- Using pooled Channel '[id: 0x098f3069, L:/127.0.0.1:48204 - R:localhost/127.0.0.1:13771]' for 'POST' to 'http://localhost:13771/session/d5f836de57bf18f3925de57034bff49a/url'
11:20:37.581 [Forwarding get on session d5f836de57bf18f3925de57034bff49a to remote] DEBUG org.asynchttpclient.netty.request.NettyRequestSender -- Using open Channel [id: 0x098f3069, L:/127.0.0.1:48204 - R:localhost/127.0.0.1:13771] for POST '/session/d5f836de57bf18f3925de57034bff49a/url'
11:20:37.638 [AsyncHttpClient-1-5] DEBUG org.asynchttpclient.netty.handler.HttpHandler -- 

Request DefaultHttpRequest(decodeResult: success, version: HTTP/1.1)
POST /session/d5f836de57bf18f3925de57034bff49a/url HTTP/1.1
User-Agent: selenium/4.5.3 (java unix)
Content-Length: 62
Content-Type: application/json; charset=utf-8
host: localhost:13771
accept: */*

Response DefaultHttpResponse(decodeResult: success, version: HTTP/1.1)
HTTP/1.1 200 OK
Content-Length: 14
Content-Type: application/json; charset=utf-8
cache-control: no-cache

11:20:37.639 [AsyncHttpClient-1-5] DEBUG org.asynchttpclient.netty.channel.ChannelManager -- Adding key: http://localhost:13771 for channel [id: 0x098f3069, L:/127.0.0.1:48204 - R:localhost/127.0.0.1:13771]
11:20:37.641 [Forwarding setCurrentWindowSize on session d5f836de57bf18f3925de57034bff49a to remote] DEBUG org.asynchttpclient.netty.request.NettyRequestSender -- Using pooled Channel '[id: 0x098f3069, L:/127.0.0.1:48204 - R:localhost/127.0.0.1:13771]' for 'POST' to 'http://localhost:13771/session/d5f836de57bf18f3925de57034bff49a/window/rect'
11:20:37.641 [Forwarding setCurrentWindowSize on session d5f836de57bf18f3925de57034bff49a to remote] DEBUG org.asynchttpclient.netty.request.NettyRequestSender -- Using open Channel [id: 0x098f3069, L:/127.0.0.1:48204 - R:localhost/127.0.0.1:13771] for POST '/session/d5f836de57bf18f3925de57034bff49a/window/rect'
11:20:37.749 [AsyncHttpClient-1-5] DEBUG org.asynchttpclient.netty.handler.HttpHandler -- 

Request DefaultHttpRequest(decodeResult: success, version: HTTP/1.1)
POST /session/d5f836de57bf18f3925de57034bff49a/window/rect HTTP/1.1
User-Agent: selenium/4.5.3 (java unix)
Content-Length: 36
Content-Type: application/json; charset=utf-8
host: localhost:13771
accept: */*

Response DefaultHttpResponse(decodeResult: success, version: HTTP/1.1)
HTTP/1.1 200 OK
Content-Length: 51
Content-Type: application/json; charset=utf-8
cache-control: no-cache

11:20:37.750 [AsyncHttpClient-1-5] DEBUG org.asynchttpclient.netty.channel.ChannelManager -- Adding key: http://localhost:13771 for channel [id: 0x098f3069, L:/127.0.0.1:48204 - R:localhost/127.0.0.1:13771]
11:20:37.756 [Forwarding findElement on session d5f836de57bf18f3925de57034bff49a to remote] DEBUG org.asynchttpclient.netty.request.NettyRequestSender -- Using pooled Channel '[id: 0x098f3069, L:/127.0.0.1:48204 - R:localhost/127.0.0.1:13771]' for 'POST' to 'http://localhost:13771/session/d5f836de57bf18f3925de57034bff49a/element'
11:20:37.756 [Forwarding findElement on session d5f836de57bf18f3925de57034bff49a to remote] DEBUG org.asynchttpclient.netty.request.NettyRequestSender -- Using open Channel [id: 0x098f3069, L:/127.0.0.1:48204 - R:localhost/127.0.0.1:13771] for POST '/session/d5f836de57bf18f3925de57034bff49a/element'
11:20:37.839 [AsyncHttpClient-1-5] DEBUG org.asynchttpclient.netty.handler.HttpHandler -- 

Request DefaultHttpRequest(decodeResult: success, version: HTTP/1.1)
POST /session/d5f836de57bf18f3925de57034bff49a/element HTTP/1.1
User-Agent: selenium/4.5.3 (java unix)
Content-Length: 51
Content-Type: application/json; charset=utf-8
host: localhost:13771
accept: */*

Response DefaultHttpResponse(decodeResult: success, version: HTTP/1.1)
HTTP/1.1 200 OK
Content-Length: 94
Content-Type: application/json; charset=utf-8
cache-control: no-cache

11:20:37.839 [AsyncHttpClient-1-5] DEBUG org.asynchttpclient.netty.channel.ChannelManager -- Adding key: http://localhost:13771 for channel [id: 0x098f3069, L:/127.0.0.1:48204 - R:localhost/127.0.0.1:13771]
11:20:37.844 [Forwarding sendKeysToElement on session d5f836de57bf18f3925de57034bff49a to remote] DEBUG org.asynchttpclient.netty.request.NettyRequestSender -- Using pooled Channel '[id: 0x098f3069, L:/127.0.0.1:48204 - R:localhost/127.0.0.1:13771]' for 'POST' to 'http://localhost:13771/session/d5f836de57bf18f3925de57034bff49a/element/9AC74EB09DAEF5A4808532D916C30D60_element_5/value'
11:20:37.844 [Forwarding sendKeysToElement on session d5f836de57bf18f3925de57034bff49a to remote] DEBUG org.asynchttpclient.netty.request.NettyRequestSender -- Using open Channel [id: 0x098f3069, L:/127.0.0.1:48204 - R:localhost/127.0.0.1:13771] for POST '/session/d5f836de57bf18f3925de57034bff49a/element/9AC74EB09DAEF5A4808532D916C30D60_element_5/value'
11:20:37.912 [AsyncHttpClient-1-5] DEBUG org.asynchttpclient.netty.handler.HttpHandler -- 

Request DefaultHttpRequest(decodeResult: success, version: HTTP/1.1)
POST /session/d5f836de57bf18f3925de57034bff49a/element/9AC74EB09DAEF5A4808532D916C30D60_element_5/value HTTP/1.1
User-Agent: selenium/4.5.3 (java unix)
Content-Length: 147
Content-Type: application/json; charset=utf-8
host: localhost:13771
accept: */*

Response DefaultHttpResponse(decodeResult: success, version: HTTP/1.1)
HTTP/1.1 200 OK
Content-Length: 14
Content-Type: application/json; charset=utf-8
cache-control: no-cache

11:20:37.912 [AsyncHttpClient-1-5] DEBUG org.asynchttpclient.netty.channel.ChannelManager -- Adding key: http://localhost:13771 for channel [id: 0x098f3069, L:/127.0.0.1:48204 - R:localhost/127.0.0.1:13771]
11:20:37.913 [Forwarding findElement on session d5f836de57bf18f3925de57034bff49a to remote] DEBUG org.asynchttpclient.netty.request.NettyRequestSender -- Using pooled Channel '[id: 0x098f3069, L:/127.0.0.1:48204 - R:localhost/127.0.0.1:13771]' for 'POST' to 'http://localhost:13771/session/d5f836de57bf18f3925de57034bff49a/element'
11:20:37.913 [Forwarding findElement on session d5f836de57bf18f3925de57034bff49a to remote] DEBUG org.asynchttpclient.netty.request.NettyRequestSender -- Using open Channel [id: 0x098f3069, L:/127.0.0.1:48204 - R:localhost/127.0.0.1:13771] for POST '/session/d5f836de57bf18f3925de57034bff49a/element'
11:20:37.920 [AsyncHttpClient-1-5] DEBUG org.asynchttpclient.netty.handler.HttpHandler -- 

Request DefaultHttpRequest(decodeResult: success, version: HTTP/1.1)
POST /session/d5f836de57bf18f3925de57034bff49a/element HTTP/1.1
User-Agent: selenium/4.5.3 (java unix)
Content-Length: 57
Content-Type: application/json; charset=utf-8
host: localhost:13771
accept: */*

Response DefaultHttpResponse(decodeResult: success, version: HTTP/1.1)
HTTP/1.1 200 OK
Content-Length: 94
Content-Type: application/json; charset=utf-8
cache-control: no-cache

11:20:37.921 [AsyncHttpClient-1-5] DEBUG org.asynchttpclient.netty.channel.ChannelManager -- Adding key: http://localhost:13771 for channel [id: 0x098f3069, L:/127.0.0.1:48204 - R:localhost/127.0.0.1:13771]
11:20:37.922 [Forwarding clickElement on session d5f836de57bf18f3925de57034bff49a to remote] DEBUG org.asynchttpclient.netty.request.NettyRequestSender -- Using pooled Channel '[id: 0x098f3069, L:/127.0.0.1:48204 - R:localhost/127.0.0.1:13771]' for 'POST' to 'http://localhost:13771/session/d5f836de57bf18f3925de57034bff49a/element/9AC74EB09DAEF5A4808532D916C30D60_element_6/click'
11:20:37.922 [Forwarding clickElement on session d5f836de57bf18f3925de57034bff49a to remote] DEBUG org.asynchttpclient.netty.request.NettyRequestSender -- Using open Channel [id: 0x098f3069, L:/127.0.0.1:48204 - R:localhost/127.0.0.1:13771] for POST '/session/d5f836de57bf18f3925de57034bff49a/element/9AC74EB09DAEF5A4808532D916C30D60_element_6/click'
11:20:37.948 [AsyncHttpClient-1-5] DEBUG org.asynchttpclient.netty.handler.HttpHandler -- 

Request DefaultHttpRequest(decodeResult: success, version: HTTP/1.1)
POST /session/d5f836de57bf18f3925de57034bff49a/element/9AC74EB09DAEF5A4808532D916C30D60_element_6/click HTTP/1.1
User-Agent: selenium/4.5.3 (java unix)
Content-Length: 56
Content-Type: application/json; charset=utf-8
host: localhost:13771
accept: */*

Response DefaultHttpResponse(decodeResult: success, version: HTTP/1.1)
HTTP/1.1 200 OK
Content-Length: 14
Content-Type: application/json; charset=utf-8
cache-control: no-cache

11:20:37.948 [AsyncHttpClient-1-5] DEBUG org.asynchttpclient.netty.channel.ChannelManager -- Adding key: http://localhost:13771 for channel [id: 0x098f3069, L:/127.0.0.1:48204 - R:localhost/127.0.0.1:13771]
11:20:37.950 [Forwarding findElement on session 980323d0e76fdb94066193777752abb9 to remote] DEBUG org.asynchttpclient.netty.request.NettyRequestSender -- Using pooled Channel '[id: 0xa3481f0b, L:/127.0.0.1:41948 - R:localhost/127.0.0.1:12267]' for 'POST' to 'http://localhost:12267/session/980323d0e76fdb94066193777752abb9/element'
11:20:37.950 [Forwarding findElement on session 980323d0e76fdb94066193777752abb9 to remote] DEBUG org.asynchttpclient.netty.request.NettyRequestSender -- Using open Channel [id: 0xa3481f0b, L:/127.0.0.1:41948 - R:localhost/127.0.0.1:12267] for POST '/session/980323d0e76fdb94066193777752abb9/element'
11:20:37.959 [AsyncHttpClient-1-2] DEBUG org.asynchttpclient.netty.handler.HttpHandler -- 

Request DefaultHttpRequest(decodeResult: success, version: HTTP/1.1)
POST /session/980323d0e76fdb94066193777752abb9/element HTTP/1.1
User-Agent: selenium/4.5.3 (java unix)
Content-Length: 53
Content-Type: application/json; charset=utf-8
host: localhost:12267
accept: */*

Response DefaultHttpResponse(decodeResult: success, version: HTTP/1.1)
HTTP/1.1 200 OK
Content-Length: 94
Content-Type: application/json; charset=utf-8
cache-control: no-cache

11:20:37.960 [AsyncHttpClient-1-2] DEBUG org.asynchttpclient.netty.channel.ChannelManager -- Adding key: http://localhost:12267 for channel [id: 0xa3481f0b, L:/127.0.0.1:41948 - R:localhost/127.0.0.1:12267]
11:20:38.395 [AsyncHttpClient-1-1] DEBUG org.asynchttpclient.netty.channel.DefaultChannelPool -- Entry count for : http://localhost:12267 : 1
11:20:38.395 [AsyncHttpClient-1-1] DEBUG org.asynchttpclient.netty.channel.DefaultChannelPool -- Entry count for : http://localhost:43153 : 1
11:20:38.396 [AsyncHttpClient-1-1] DEBUG org.asynchttpclient.netty.channel.DefaultChannelPool -- Entry count for : http://localhost:46535 : 1
11:20:38.396 [AsyncHttpClient-1-1] DEBUG org.asynchttpclient.netty.channel.DefaultChannelPool -- Entry count for : http://localhost:13771 : 1
11:20:38.461 [Forwarding getElementText on session 980323d0e76fdb94066193777752abb9 to remote] DEBUG org.asynchttpclient.netty.request.NettyRequestSender -- Using pooled Channel '[id: 0xa3481f0b, L:/127.0.0.1:41948 - R:localhost/127.0.0.1:12267]' for 'GET' to 'http://localhost:12267/session/980323d0e76fdb94066193777752abb9/element/0F073F8C9F6F944F8182FB644B1218A7_element_8/text'
11:20:38.461 [Forwarding getElementText on session 980323d0e76fdb94066193777752abb9 to remote] DEBUG org.asynchttpclient.netty.request.NettyRequestSender -- Using open Channel [id: 0xa3481f0b, L:/127.0.0.1:41948 - R:localhost/127.0.0.1:12267] for GET '/session/980323d0e76fdb94066193777752abb9/element/0F073F8C9F6F944F8182FB644B1218A7_element_8/text'
11:20:38.472 [AsyncHttpClient-1-2] DEBUG org.asynchttpclient.netty.handler.HttpHandler -- 

Request DefaultFullHttpRequest(decodeResult: success, version: HTTP/1.1, content: EmptyByteBufBE)
GET /session/980323d0e76fdb94066193777752abb9/element/0F073F8C9F6F944F8182FB644B1218A7_element_8/text HTTP/1.1
User-Agent: selenium/4.5.3 (java unix)
Cache-Control: no-cache
Content-Type: application/json; charset=utf-8
host: localhost:12267
accept: */*

Response DefaultHttpResponse(decodeResult: success, version: HTTP/1.1)
HTTP/1.1 200 OK
Content-Length: 31
Content-Type: application/json; charset=utf-8
cache-control: no-cache

11:20:38.473 [AsyncHttpClient-1-2] DEBUG org.asynchttpclient.netty.channel.ChannelManager -- Adding key: http://localhost:12267 for channel [id: 0xa3481f0b, L:/127.0.0.1:41948 - R:localhost/127.0.0.1:12267]
11:20:38.510 [Driver Command Executor] DEBUG org.asynchttpclient.netty.request.NettyRequestSender -- Using pooled Channel '[id: 0xa3481f0b, L:/127.0.0.1:41948 - R:localhost/127.0.0.1:12267]' for 'DELETE' to 'http://localhost:12267/session/980323d0e76fdb94066193777752abb9'
11:20:38.510 [Driver Command Executor] DEBUG org.asynchttpclient.netty.request.NettyRequestSender -- Using open Channel [id: 0xa3481f0b, L:/127.0.0.1:41948 - R:localhost/127.0.0.1:12267] for DELETE '/session/980323d0e76fdb94066193777752abb9'
11:20:38.511 [AsyncHttpClient-1-4] DEBUG org.asynchttpclient.netty.handler.WebSocketHandler -- Channel Closed: [id: 0x20b7b6f0, L:/127.0.0.1:44174 ! R:localhost/127.0.0.1:43153] with attribute NettyResponseFuture{currentRetry=0,
	isDone=1,
	isCancelled=0,
	asyncHandler=org.asynchttpclient.ws.WebSocketUpgradeHandler@60e7bd16,
	nettyRequest=org.asynchttpclient.netty.request.NettyRequest@70c79340,
	future=java.util.concurrent.CompletableFuture@180ffeea[Completed normally],
	uri=ws://localhost:43153/devtools/browser/8e04e947-2959-4193-9092-9425b1c79200,
	keepAlive=true,
	redirectCount=0,
	timeoutsHolder=null,
	inAuth=0,
	touch=1683192036837}
11:20:38.511 [AsyncHttpClient-1-4] DEBUG org.asynchttpclient.netty.channel.ChannelManager -- Closing Channel [id: 0x20b7b6f0, L:/127.0.0.1:44174 ! R:localhost/127.0.0.1:43153] 
11:20:38.515 [AsyncHttpClient-1-3] DEBUG org.asynchttpclient.netty.handler.HttpHandler -- Channel Closed: [id: 0xc860c955, L:/127.0.0.1:44166 ! R:localhost/127.0.0.1:43153] with attribute DISCARD
11:20:38.561 [AsyncHttpClient-1-2] DEBUG org.asynchttpclient.netty.handler.HttpHandler -- 

Request DefaultFullHttpRequest(decodeResult: success, version: HTTP/1.1, content: EmptyByteBufBE)
DELETE /session/980323d0e76fdb94066193777752abb9 HTTP/1.1
User-Agent: selenium/4.5.3 (java unix)
Content-Type: application/json; charset=utf-8
host: localhost:12267
accept: */*

Response DefaultHttpResponse(decodeResult: success, version: HTTP/1.1)
HTTP/1.1 200 OK
Content-Length: 14
Content-Type: application/json; charset=utf-8
cache-control: no-cache

11:20:38.561 [AsyncHttpClient-1-2] DEBUG org.asynchttpclient.netty.channel.ChannelManager -- Adding key: http://localhost:12267 for channel [id: 0xa3481f0b, L:/127.0.0.1:41948 - R:localhost/127.0.0.1:12267]
11:20:38.563 [AsyncHttpClient-1-2] DEBUG org.asynchttpclient.netty.handler.HttpHandler -- Channel Closed: [id: 0xa3481f0b, L:/127.0.0.1:41948 ! R:localhost/127.0.0.1:12267] with attribute DISCARD
11:20:38.610 [AsyncHttpClient-1-7] DEBUG org.asynchttpclient.netty.handler.WebSocketHandler -- Channel Closed: [id: 0x2ca052d7, L:/127.0.0.1:45794 ! R:localhost/127.0.0.1:46535] with attribute NettyResponseFuture{currentRetry=0,
	isDone=1,
	isCancelled=0,
	asyncHandler=org.asynchttpclient.ws.WebSocketUpgradeHandler@5f64c03e,
	nettyRequest=org.asynchttpclient.netty.request.NettyRequest@1a6655b6,
	future=java.util.concurrent.CompletableFuture@2a105b6f[Completed normally],
	uri=ws://localhost:46535/devtools/browser/067b039f-5635-4735-a578-20ca5bc347ee,
	keepAlive=true,
	redirectCount=0,
	timeoutsHolder=null,
	inAuth=0,
	touch=1683192037195}
11:20:38.610 [AsyncHttpClient-1-7] DEBUG org.asynchttpclient.netty.channel.ChannelManager -- Closing Channel [id: 0x2ca052d7, L:/127.0.0.1:45794 ! R:localhost/127.0.0.1:46535] 
11:20:38.610 [Driver Command Executor] DEBUG org.asynchttpclient.netty.request.NettyRequestSender -- Using pooled Channel '[id: 0x098f3069, L:/127.0.0.1:48204 - R:localhost/127.0.0.1:13771]' for 'DELETE' to 'http://localhost:13771/session/d5f836de57bf18f3925de57034bff49a'
11:20:38.610 [Driver Command Executor] DEBUG org.asynchttpclient.netty.request.NettyRequestSender -- Using open Channel [id: 0x098f3069, L:/127.0.0.1:48204 - R:localhost/127.0.0.1:13771] for DELETE '/session/d5f836de57bf18f3925de57034bff49a'
11:20:38.616 [AsyncHttpClient-1-6] DEBUG org.asynchttpclient.netty.handler.HttpHandler -- Channel Closed: [id: 0x781d4e47, L:/127.0.0.1:45784 ! R:localhost/127.0.0.1:46535] with attribute DISCARD
11:20:38.662 [AsyncHttpClient-1-5] DEBUG org.asynchttpclient.netty.handler.HttpHandler -- 

Request DefaultFullHttpRequest(decodeResult: success, version: HTTP/1.1, content: EmptyByteBufBE)
DELETE /session/d5f836de57bf18f3925de57034bff49a HTTP/1.1
User-Agent: selenium/4.5.3 (java unix)
Content-Type: application/json; charset=utf-8
host: localhost:13771
accept: */*

Response DefaultHttpResponse(decodeResult: success, version: HTTP/1.1)
HTTP/1.1 200 OK
Content-Length: 14
Content-Type: application/json; charset=utf-8
cache-control: no-cache

11:20:38.662 [AsyncHttpClient-1-5] DEBUG org.asynchttpclient.netty.channel.ChannelManager -- Adding key: http://localhost:13771 for channel [id: 0x098f3069, L:/127.0.0.1:48204 - R:localhost/127.0.0.1:13771]
11:20:38.663 [AsyncHttpClient-1-5] DEBUG org.asynchttpclient.netty.handler.HttpHandler -- Channel Closed: [id: 0x098f3069, L:/127.0.0.1:48204 ! R:localhost/127.0.0.1:13771] with attribute DISCARD
]]></system-out>
    <system-err><![CDATA[Starting ChromeDriver 113.0.5672.63 (0e1a4471d5ae5bf128b1bd8f4d627c8cbd55f70c-refs/branch-heads/5672@{#912}) on port 12267
Only local connections are allowed.
Please see https://chromedriver.chromium.org/security-considerations for suggestions on keeping ChromeDriver safe.
ChromeDriver was started successfully.
may 04, 2023 11:20:36 A. M. org.openqa.selenium.devtools.CdpVersionFinder findNearestMatch
ADVERTENCIA: Unable to find CDP implementation matching 113
may 04, 2023 11:20:36 A. M. org.openqa.selenium.chromium.ChromiumDriver lambda$new$3
ADVERTENCIA: Unable to find version of CDP to use for . You may need to include a dependency on a specific version of the CDP using something similar to `org.seleniumhq.selenium:selenium-devtools-v86:4.5.3` where the version ("v86") matches the version of the chromium-based browser you're using and the version number of the artifact is the same as Selenium's.
Starting ChromeDriver 113.0.5672.63 (0e1a4471d5ae5bf128b1bd8f4d627c8cbd55f70c-refs/branch-heads/5672@{#912}) on port 13771
Only local connections are allowed.
Please see https://chromedriver.chromium.org/security-considerations for suggestions on keeping ChromeDriver safe.
ChromeDriver was started successfully.
may 04, 2023 11:20:37 A. M. org.openqa.selenium.devtools.CdpVersionFinder findNearestMatch
ADVERTENCIA: Unable to find CDP implementation matching 113
may 04, 2023 11:20:37 A. M. org.openqa.selenium.chromium.ChromiumDriver lambda$new$3
ADVERTENCIA: Unable to find version of CDP to use for . You may need to include a dependency on a specific version of the CDP using something similar to `org.seleniumhq.selenium:selenium-devtools-v86:4.5.3` where the version ("v86") matches the version of the chromium-based browser you're using and the version number of the artifact is the same as Selenium's.
]]></system-err>
  </testcase>
  <testcase name="salida" classname="es.uma.informatica.sii.practica.websockets.tests.WebsocketsIT" time="2.205">
    <system-out><![CDATA[11:20:38.736 [AsyncHttpClient-1-8] DEBUG org.asynchttpclient.netty.channel.NettyConnectListener -- Using new Channel '[id: 0xbcd055a6, L:/127.0.0.1:42246 - R:localhost/127.0.0.1:2083]' for 'POST' to '/session'
11:20:39.051 [AsyncHttpClient-1-8] DEBUG org.asynchttpclient.netty.handler.HttpHandler -- 

Request DefaultHttpRequest(decodeResult: success, version: HTTP/1.1)
POST /session HTTP/1.1
User-Agent: selenium/4.5.3 (java unix)
Content-Length: 439
Content-Type: application/json; charset=utf-8
host: localhost:2083
accept: */*

Response DefaultHttpResponse(decodeResult: success, version: HTTP/1.1)
HTTP/1.1 200 OK
Content-Length: 821
Content-Type: application/json; charset=utf-8
cache-control: no-cache

11:20:39.051 [AsyncHttpClient-1-8] DEBUG org.asynchttpclient.netty.channel.ChannelManager -- Adding key: http://localhost:2083 for channel [id: 0xbcd055a6, L:/127.0.0.1:42246 - R:localhost/127.0.0.1:2083]
11:20:39.056 [AsyncHttpClient-1-9] DEBUG org.asynchttpclient.netty.channel.NettyConnectListener -- Using new Channel '[id: 0x2fceaccd, L:/127.0.0.1:44984 - R:localhost/127.0.0.1:39361]' for 'GET' to '/json/version'
11:20:39.071 [AsyncHttpClient-1-9] DEBUG org.asynchttpclient.netty.handler.HttpHandler -- 

Request DefaultFullHttpRequest(decodeResult: success, version: HTTP/1.1, content: EmptyByteBufBE)
GET /json/version HTTP/1.1
User-Agent: selenium/4.5.3 (java unix)
host: localhost:39361
accept: */*

Response DefaultHttpResponse(decodeResult: success, version: HTTP/1.1)
HTTP/1.1 200 OK
Content-Security-Policy: frame-ancestors 'none'
Content-Length: 404
Content-Type: application/json; charset=UTF-8

11:20:39.071 [AsyncHttpClient-1-9] DEBUG org.asynchttpclient.netty.channel.ChannelManager -- Adding key: http://localhost:39361 for channel [id: 0x2fceaccd, L:/127.0.0.1:44984 - R:localhost/127.0.0.1:39361]
11:20:39.074 [AsyncHttpClient-1-10] DEBUG org.asynchttpclient.netty.channel.NettyConnectListener -- Using new Channel '[id: 0x10e42a8c, L:/127.0.0.1:44998 - R:localhost/127.0.0.1:39361]' for 'GET' to '/devtools/browser/70d87cb6-efa8-4bdb-91d1-f648a28af8cf'
11:20:39.076 [AsyncHttpClient-1-10] DEBUG org.asynchttpclient.netty.handler.WebSocketHandler -- 

Request DefaultFullHttpRequest(decodeResult: success, version: HTTP/1.1, content: EmptyByteBufBE)
GET /devtools/browser/70d87cb6-efa8-4bdb-91d1-f648a28af8cf HTTP/1.1
upgrade: websocket
connection: upgrade
sec-websocket-key: Y8sYRGYA0sTqPtlFvdawlA==
sec-websocket-version: 13
origin: http://localhost:39361
host: localhost:39361
accept: */*
user-agent: AHC/2.1

Response DefaultHttpResponse(decodeResult: success, version: HTTP/1.1)
HTTP/1.1 101 WebSocket Protocol Handshake
Upgrade: WebSocket
Connection: Upgrade
Sec-WebSocket-Accept: ZrQ9fUFmCL/2+rc9Lhhezcv0XOk=

11:20:39.098 [AsyncHttpClient-1-11] DEBUG org.asynchttpclient.netty.channel.NettyConnectListener -- Using new Channel '[id: 0xbeb9f968, L:/127.0.0.1:46734 - R:localhost/127.0.0.1:22444]' for 'POST' to '/session'
11:20:39.368 [AsyncHttpClient-1-11] DEBUG org.asynchttpclient.netty.handler.HttpHandler -- 

Request DefaultHttpRequest(decodeResult: success, version: HTTP/1.1)
POST /session HTTP/1.1
User-Agent: selenium/4.5.3 (java unix)
Content-Length: 439
Content-Type: application/json; charset=utf-8
host: localhost:22444
accept: */*

Response DefaultHttpResponse(decodeResult: success, version: HTTP/1.1)
HTTP/1.1 200 OK
Content-Length: 821
Content-Type: application/json; charset=utf-8
cache-control: no-cache

11:20:39.368 [AsyncHttpClient-1-11] DEBUG org.asynchttpclient.netty.channel.ChannelManager -- Adding key: http://localhost:22444 for channel [id: 0xbeb9f968, L:/127.0.0.1:46734 - R:localhost/127.0.0.1:22444]
11:20:39.374 [AsyncHttpClient-1-12] DEBUG org.asynchttpclient.netty.channel.NettyConnectListener -- Using new Channel '[id: 0x5468be28, L:/127.0.0.1:36500 - R:localhost/127.0.0.1:37343]' for 'GET' to '/json/version'
11:20:39.408 [AsyncHttpClient-1-12] DEBUG org.asynchttpclient.netty.handler.HttpHandler -- 

Request DefaultFullHttpRequest(decodeResult: success, version: HTTP/1.1, content: EmptyByteBufBE)
GET /json/version HTTP/1.1
User-Agent: selenium/4.5.3 (java unix)
host: localhost:37343
accept: */*

Response DefaultHttpResponse(decodeResult: success, version: HTTP/1.1)
HTTP/1.1 200 OK
Content-Security-Policy: frame-ancestors 'none'
Content-Length: 404
Content-Type: application/json; charset=UTF-8

11:20:39.410 [AsyncHttpClient-1-12] DEBUG org.asynchttpclient.netty.channel.ChannelManager -- Adding key: http://localhost:37343 for channel [id: 0x5468be28, L:/127.0.0.1:36500 - R:localhost/127.0.0.1:37343]
11:20:39.421 [AsyncHttpClient-1-13] DEBUG org.asynchttpclient.netty.channel.NettyConnectListener -- Using new Channel '[id: 0x013e5e6a, L:/127.0.0.1:36514 - R:localhost/127.0.0.1:37343]' for 'GET' to '/devtools/browser/9c3abd1b-7e65-4327-9c3b-c26db6578c2f'
11:20:39.434 [AsyncHttpClient-1-13] DEBUG org.asynchttpclient.netty.handler.WebSocketHandler -- 

Request DefaultFullHttpRequest(decodeResult: success, version: HTTP/1.1, content: EmptyByteBufBE)
GET /devtools/browser/9c3abd1b-7e65-4327-9c3b-c26db6578c2f HTTP/1.1
upgrade: websocket
connection: upgrade
sec-websocket-key: kCMEJOg57VPbwxg04e+QKw==
sec-websocket-version: 13
origin: http://localhost:37343
host: localhost:37343
accept: */*
user-agent: AHC/2.1

Response DefaultHttpResponse(decodeResult: success, version: HTTP/1.1)
HTTP/1.1 101 WebSocket Protocol Handshake
Upgrade: WebSocket
Connection: Upgrade
Sec-WebSocket-Accept: jdgNtNQJlzyVPTWgFOYgPHSCAkw=

11:20:39.443 [Forwarding get on session 21edf3a5ee4c1078bb46dadf58cdf244 to remote] DEBUG org.asynchttpclient.netty.request.NettyRequestSender -- Using pooled Channel '[id: 0xbcd055a6, L:/127.0.0.1:42246 - R:localhost/127.0.0.1:2083]' for 'POST' to 'http://localhost:2083/session/21edf3a5ee4c1078bb46dadf58cdf244/url'
11:20:39.443 [Forwarding get on session 21edf3a5ee4c1078bb46dadf58cdf244 to remote] DEBUG org.asynchttpclient.netty.request.NettyRequestSender -- Using open Channel [id: 0xbcd055a6, L:/127.0.0.1:42246 - R:localhost/127.0.0.1:2083] for POST '/session/21edf3a5ee4c1078bb46dadf58cdf244/url'
11:20:39.494 [AsyncHttpClient-1-1] DEBUG org.asynchttpclient.netty.channel.DefaultChannelPool -- Entry count for : http://localhost:12267 : 1
11:20:39.494 [AsyncHttpClient-1-1] DEBUG org.asynchttpclient.netty.channel.DefaultChannelPool -- Entry count for : http://localhost:37343 : 1
11:20:39.494 [AsyncHttpClient-1-1] DEBUG org.asynchttpclient.netty.channel.DefaultChannelPool -- Entry count for : http://localhost:43153 : 1
11:20:39.494 [AsyncHttpClient-1-1] DEBUG org.asynchttpclient.netty.channel.DefaultChannelPool -- Entry count for : http://localhost:39361 : 1
11:20:39.494 [AsyncHttpClient-1-1] DEBUG org.asynchttpclient.netty.channel.DefaultChannelPool -- Entry count for : http://localhost:46535 : 1
11:20:39.494 [AsyncHttpClient-1-1] DEBUG org.asynchttpclient.netty.channel.DefaultChannelPool -- Entry count for : http://localhost:22444 : 1
11:20:39.494 [AsyncHttpClient-1-1] DEBUG org.asynchttpclient.netty.channel.DefaultChannelPool -- Entry count for : http://localhost:13771 : 1
11:20:39.494 [AsyncHttpClient-1-1] DEBUG org.asynchttpclient.netty.channel.DefaultChannelPool -- Adding Candidate expired Channel [id: 0xa3481f0b, L:/127.0.0.1:41948 ! R:localhost/127.0.0.1:12267] isIdleTimeoutExpired=false isRemotelyClosed=true isTtlExpired=false
11:20:39.494 [AsyncHttpClient-1-1] DEBUG org.asynchttpclient.netty.channel.DefaultChannelPool -- Closing Idle Channel [id: 0xa3481f0b, L:/127.0.0.1:41948 ! R:localhost/127.0.0.1:12267]
11:20:39.495 [AsyncHttpClient-1-1] DEBUG org.asynchttpclient.netty.channel.DefaultChannelPool -- Adding Candidate expired Channel [id: 0xc860c955, L:/127.0.0.1:44166 ! R:localhost/127.0.0.1:43153] isIdleTimeoutExpired=false isRemotelyClosed=true isTtlExpired=false
11:20:39.495 [AsyncHttpClient-1-1] DEBUG org.asynchttpclient.netty.channel.DefaultChannelPool -- Closing Idle Channel [id: 0xc860c955, L:/127.0.0.1:44166 ! R:localhost/127.0.0.1:43153]
11:20:39.495 [AsyncHttpClient-1-1] DEBUG org.asynchttpclient.netty.channel.DefaultChannelPool -- Adding Candidate expired Channel [id: 0x781d4e47, L:/127.0.0.1:45784 ! R:localhost/127.0.0.1:46535] isIdleTimeoutExpired=false isRemotelyClosed=true isTtlExpired=false
11:20:39.495 [AsyncHttpClient-1-1] DEBUG org.asynchttpclient.netty.channel.DefaultChannelPool -- Closing Idle Channel [id: 0x781d4e47, L:/127.0.0.1:45784 ! R:localhost/127.0.0.1:46535]
11:20:39.495 [AsyncHttpClient-1-1] DEBUG org.asynchttpclient.netty.channel.DefaultChannelPool -- Adding Candidate expired Channel [id: 0x098f3069, L:/127.0.0.1:48204 ! R:localhost/127.0.0.1:13771] isIdleTimeoutExpired=false isRemotelyClosed=true isTtlExpired=false
11:20:39.495 [AsyncHttpClient-1-1] DEBUG org.asynchttpclient.netty.channel.DefaultChannelPool -- Closing Idle Channel [id: 0x098f3069, L:/127.0.0.1:48204 ! R:localhost/127.0.0.1:13771]
11:20:39.495 [AsyncHttpClient-1-1] DEBUG org.asynchttpclient.netty.channel.DefaultChannelPool -- Closed 4 connections out of 7 in 1 ms
11:20:39.497 [AsyncHttpClient-1-8] DEBUG org.asynchttpclient.netty.handler.HttpHandler -- 

Request DefaultHttpRequest(decodeResult: success, version: HTTP/1.1)
POST /session/21edf3a5ee4c1078bb46dadf58cdf244/url HTTP/1.1
User-Agent: selenium/4.5.3 (java unix)
Content-Length: 62
Content-Type: application/json; charset=utf-8
host: localhost:2083
accept: */*

Response DefaultHttpResponse(decodeResult: success, version: HTTP/1.1)
HTTP/1.1 200 OK
Content-Length: 14
Content-Type: application/json; charset=utf-8
cache-control: no-cache

11:20:39.497 [AsyncHttpClient-1-8] DEBUG org.asynchttpclient.netty.channel.ChannelManager -- Adding key: http://localhost:2083 for channel [id: 0xbcd055a6, L:/127.0.0.1:42246 - R:localhost/127.0.0.1:2083]
11:20:39.498 [Forwarding setCurrentWindowSize on session 21edf3a5ee4c1078bb46dadf58cdf244 to remote] DEBUG org.asynchttpclient.netty.request.NettyRequestSender -- Using pooled Channel '[id: 0xbcd055a6, L:/127.0.0.1:42246 - R:localhost/127.0.0.1:2083]' for 'POST' to 'http://localhost:2083/session/21edf3a5ee4c1078bb46dadf58cdf244/window/rect'
11:20:39.498 [Forwarding setCurrentWindowSize on session 21edf3a5ee4c1078bb46dadf58cdf244 to remote] DEBUG org.asynchttpclient.netty.request.NettyRequestSender -- Using open Channel [id: 0xbcd055a6, L:/127.0.0.1:42246 - R:localhost/127.0.0.1:2083] for POST '/session/21edf3a5ee4c1078bb46dadf58cdf244/window/rect'
11:20:39.611 [AsyncHttpClient-1-8] DEBUG org.asynchttpclient.netty.handler.HttpHandler -- 

Request DefaultHttpRequest(decodeResult: success, version: HTTP/1.1)
POST /session/21edf3a5ee4c1078bb46dadf58cdf244/window/rect HTTP/1.1
User-Agent: selenium/4.5.3 (java unix)
Content-Length: 36
Content-Type: application/json; charset=utf-8
host: localhost:2083
accept: */*

Response DefaultHttpResponse(decodeResult: success, version: HTTP/1.1)
HTTP/1.1 200 OK
Content-Length: 51
Content-Type: application/json; charset=utf-8
cache-control: no-cache

11:20:39.613 [AsyncHttpClient-1-8] DEBUG org.asynchttpclient.netty.channel.ChannelManager -- Adding key: http://localhost:2083 for channel [id: 0xbcd055a6, L:/127.0.0.1:42246 - R:localhost/127.0.0.1:2083]
11:20:39.622 [Forwarding findElement on session 21edf3a5ee4c1078bb46dadf58cdf244 to remote] DEBUG org.asynchttpclient.netty.request.NettyRequestSender -- Using pooled Channel '[id: 0xbcd055a6, L:/127.0.0.1:42246 - R:localhost/127.0.0.1:2083]' for 'POST' to 'http://localhost:2083/session/21edf3a5ee4c1078bb46dadf58cdf244/element'
11:20:39.623 [Forwarding findElement on session 21edf3a5ee4c1078bb46dadf58cdf244 to remote] DEBUG org.asynchttpclient.netty.request.NettyRequestSender -- Using open Channel [id: 0xbcd055a6, L:/127.0.0.1:42246 - R:localhost/127.0.0.1:2083] for POST '/session/21edf3a5ee4c1078bb46dadf58cdf244/element'
11:20:39.687 [AsyncHttpClient-1-8] DEBUG org.asynchttpclient.netty.handler.HttpHandler -- 

Request DefaultHttpRequest(decodeResult: success, version: HTTP/1.1)
POST /session/21edf3a5ee4c1078bb46dadf58cdf244/element HTTP/1.1
User-Agent: selenium/4.5.3 (java unix)
Content-Length: 51
Content-Type: application/json; charset=utf-8
host: localhost:2083
accept: */*

Response DefaultHttpResponse(decodeResult: success, version: HTTP/1.1)
HTTP/1.1 200 OK
Content-Length: 94
Content-Type: application/json; charset=utf-8
cache-control: no-cache

11:20:39.687 [AsyncHttpClient-1-8] DEBUG org.asynchttpclient.netty.channel.ChannelManager -- Adding key: http://localhost:2083 for channel [id: 0xbcd055a6, L:/127.0.0.1:42246 - R:localhost/127.0.0.1:2083]
11:20:39.690 [Forwarding sendKeysToElement on session 21edf3a5ee4c1078bb46dadf58cdf244 to remote] DEBUG org.asynchttpclient.netty.request.NettyRequestSender -- Using pooled Channel '[id: 0xbcd055a6, L:/127.0.0.1:42246 - R:localhost/127.0.0.1:2083]' for 'POST' to 'http://localhost:2083/session/21edf3a5ee4c1078bb46dadf58cdf244/element/73D585DBD3154192542F76C22009D6E7_element_5/value'
11:20:39.690 [Forwarding sendKeysToElement on session 21edf3a5ee4c1078bb46dadf58cdf244 to remote] DEBUG org.asynchttpclient.netty.request.NettyRequestSender -- Using open Channel [id: 0xbcd055a6, L:/127.0.0.1:42246 - R:localhost/127.0.0.1:2083] for POST '/session/21edf3a5ee4c1078bb46dadf58cdf244/element/73D585DBD3154192542F76C22009D6E7_element_5/value'
11:20:39.744 [AsyncHttpClient-1-8] DEBUG org.asynchttpclient.netty.handler.HttpHandler -- 

Request DefaultHttpRequest(decodeResult: success, version: HTTP/1.1)
POST /session/21edf3a5ee4c1078bb46dadf58cdf244/element/73D585DBD3154192542F76C22009D6E7_element_5/value HTTP/1.1
User-Agent: selenium/4.5.3 (java unix)
Content-Length: 157
Content-Type: application/json; charset=utf-8
host: localhost:2083
accept: */*

Response DefaultHttpResponse(decodeResult: success, version: HTTP/1.1)
HTTP/1.1 200 OK
Content-Length: 14
Content-Type: application/json; charset=utf-8
cache-control: no-cache

11:20:39.745 [AsyncHttpClient-1-8] DEBUG org.asynchttpclient.netty.channel.ChannelManager -- Adding key: http://localhost:2083 for channel [id: 0xbcd055a6, L:/127.0.0.1:42246 - R:localhost/127.0.0.1:2083]
11:20:39.746 [Forwarding findElement on session 21edf3a5ee4c1078bb46dadf58cdf244 to remote] DEBUG org.asynchttpclient.netty.request.NettyRequestSender -- Using pooled Channel '[id: 0xbcd055a6, L:/127.0.0.1:42246 - R:localhost/127.0.0.1:2083]' for 'POST' to 'http://localhost:2083/session/21edf3a5ee4c1078bb46dadf58cdf244/element'
11:20:39.746 [Forwarding findElement on session 21edf3a5ee4c1078bb46dadf58cdf244 to remote] DEBUG org.asynchttpclient.netty.request.NettyRequestSender -- Using open Channel [id: 0xbcd055a6, L:/127.0.0.1:42246 - R:localhost/127.0.0.1:2083] for POST '/session/21edf3a5ee4c1078bb46dadf58cdf244/element'
11:20:39.753 [AsyncHttpClient-1-8] DEBUG org.asynchttpclient.netty.handler.HttpHandler -- 

Request DefaultHttpRequest(decodeResult: success, version: HTTP/1.1)
POST /session/21edf3a5ee4c1078bb46dadf58cdf244/element HTTP/1.1
User-Agent: selenium/4.5.3 (java unix)
Content-Length: 57
Content-Type: application/json; charset=utf-8
host: localhost:2083
accept: */*

Response DefaultHttpResponse(decodeResult: success, version: HTTP/1.1)
HTTP/1.1 200 OK
Content-Length: 94
Content-Type: application/json; charset=utf-8
cache-control: no-cache

11:20:39.753 [AsyncHttpClient-1-8] DEBUG org.asynchttpclient.netty.channel.ChannelManager -- Adding key: http://localhost:2083 for channel [id: 0xbcd055a6, L:/127.0.0.1:42246 - R:localhost/127.0.0.1:2083]
11:20:39.754 [Forwarding clickElement on session 21edf3a5ee4c1078bb46dadf58cdf244 to remote] DEBUG org.asynchttpclient.netty.request.NettyRequestSender -- Using pooled Channel '[id: 0xbcd055a6, L:/127.0.0.1:42246 - R:localhost/127.0.0.1:2083]' for 'POST' to 'http://localhost:2083/session/21edf3a5ee4c1078bb46dadf58cdf244/element/73D585DBD3154192542F76C22009D6E7_element_6/click'
11:20:39.755 [Forwarding clickElement on session 21edf3a5ee4c1078bb46dadf58cdf244 to remote] DEBUG org.asynchttpclient.netty.request.NettyRequestSender -- Using open Channel [id: 0xbcd055a6, L:/127.0.0.1:42246 - R:localhost/127.0.0.1:2083] for POST '/session/21edf3a5ee4c1078bb46dadf58cdf244/element/73D585DBD3154192542F76C22009D6E7_element_6/click'
11:20:39.780 [AsyncHttpClient-1-8] DEBUG org.asynchttpclient.netty.handler.HttpHandler -- 

Request DefaultHttpRequest(decodeResult: success, version: HTTP/1.1)
POST /session/21edf3a5ee4c1078bb46dadf58cdf244/element/73D585DBD3154192542F76C22009D6E7_element_6/click HTTP/1.1
User-Agent: selenium/4.5.3 (java unix)
Content-Length: 56
Content-Type: application/json; charset=utf-8
host: localhost:2083
accept: */*

Response DefaultHttpResponse(decodeResult: success, version: HTTP/1.1)
HTTP/1.1 200 OK
Content-Length: 14
Content-Type: application/json; charset=utf-8
cache-control: no-cache

11:20:39.780 [AsyncHttpClient-1-8] DEBUG org.asynchttpclient.netty.channel.ChannelManager -- Adding key: http://localhost:2083 for channel [id: 0xbcd055a6, L:/127.0.0.1:42246 - R:localhost/127.0.0.1:2083]
11:20:39.782 [Forwarding get on session 9164dd1e9098441a7472e5a7b2c23f21 to remote] DEBUG org.asynchttpclient.netty.request.NettyRequestSender -- Using pooled Channel '[id: 0xbeb9f968, L:/127.0.0.1:46734 - R:localhost/127.0.0.1:22444]' for 'POST' to 'http://localhost:22444/session/9164dd1e9098441a7472e5a7b2c23f21/url'
11:20:39.782 [Forwarding get on session 9164dd1e9098441a7472e5a7b2c23f21 to remote] DEBUG org.asynchttpclient.netty.request.NettyRequestSender -- Using open Channel [id: 0xbeb9f968, L:/127.0.0.1:46734 - R:localhost/127.0.0.1:22444] for POST '/session/9164dd1e9098441a7472e5a7b2c23f21/url'
11:20:39.860 [AsyncHttpClient-1-11] DEBUG org.asynchttpclient.netty.handler.HttpHandler -- 

Request DefaultHttpRequest(decodeResult: success, version: HTTP/1.1)
POST /session/9164dd1e9098441a7472e5a7b2c23f21/url HTTP/1.1
User-Agent: selenium/4.5.3 (java unix)
Content-Length: 62
Content-Type: application/json; charset=utf-8
host: localhost:22444
accept: */*

Response DefaultHttpResponse(decodeResult: success, version: HTTP/1.1)
HTTP/1.1 200 OK
Content-Length: 14
Content-Type: application/json; charset=utf-8
cache-control: no-cache

11:20:39.861 [AsyncHttpClient-1-11] DEBUG org.asynchttpclient.netty.channel.ChannelManager -- Adding key: http://localhost:22444 for channel [id: 0xbeb9f968, L:/127.0.0.1:46734 - R:localhost/127.0.0.1:22444]
11:20:39.864 [Forwarding setCurrentWindowSize on session 9164dd1e9098441a7472e5a7b2c23f21 to remote] DEBUG org.asynchttpclient.netty.request.NettyRequestSender -- Using pooled Channel '[id: 0xbeb9f968, L:/127.0.0.1:46734 - R:localhost/127.0.0.1:22444]' for 'POST' to 'http://localhost:22444/session/9164dd1e9098441a7472e5a7b2c23f21/window/rect'
11:20:39.864 [Forwarding setCurrentWindowSize on session 9164dd1e9098441a7472e5a7b2c23f21 to remote] DEBUG org.asynchttpclient.netty.request.NettyRequestSender -- Using open Channel [id: 0xbeb9f968, L:/127.0.0.1:46734 - R:localhost/127.0.0.1:22444] for POST '/session/9164dd1e9098441a7472e5a7b2c23f21/window/rect'
11:20:39.976 [AsyncHttpClient-1-11] DEBUG org.asynchttpclient.netty.handler.HttpHandler -- 

Request DefaultHttpRequest(decodeResult: success, version: HTTP/1.1)
POST /session/9164dd1e9098441a7472e5a7b2c23f21/window/rect HTTP/1.1
User-Agent: selenium/4.5.3 (java unix)
Content-Length: 36
Content-Type: application/json; charset=utf-8
host: localhost:22444
accept: */*

Response DefaultHttpResponse(decodeResult: success, version: HTTP/1.1)
HTTP/1.1 200 OK
Content-Length: 51
Content-Type: application/json; charset=utf-8
cache-control: no-cache

11:20:39.977 [AsyncHttpClient-1-11] DEBUG org.asynchttpclient.netty.channel.ChannelManager -- Adding key: http://localhost:22444 for channel [id: 0xbeb9f968, L:/127.0.0.1:46734 - R:localhost/127.0.0.1:22444]
11:20:39.980 [Forwarding findElement on session 9164dd1e9098441a7472e5a7b2c23f21 to remote] DEBUG org.asynchttpclient.netty.request.NettyRequestSender -- Using pooled Channel '[id: 0xbeb9f968, L:/127.0.0.1:46734 - R:localhost/127.0.0.1:22444]' for 'POST' to 'http://localhost:22444/session/9164dd1e9098441a7472e5a7b2c23f21/element'
11:20:39.980 [Forwarding findElement on session 9164dd1e9098441a7472e5a7b2c23f21 to remote] DEBUG org.asynchttpclient.netty.request.NettyRequestSender -- Using open Channel [id: 0xbeb9f968, L:/127.0.0.1:46734 - R:localhost/127.0.0.1:22444] for POST '/session/9164dd1e9098441a7472e5a7b2c23f21/element'
11:20:40.013 [AsyncHttpClient-1-11] DEBUG org.asynchttpclient.netty.handler.HttpHandler -- 

Request DefaultHttpRequest(decodeResult: success, version: HTTP/1.1)
POST /session/9164dd1e9098441a7472e5a7b2c23f21/element HTTP/1.1
User-Agent: selenium/4.5.3 (java unix)
Content-Length: 51
Content-Type: application/json; charset=utf-8
host: localhost:22444
accept: */*

Response DefaultHttpResponse(decodeResult: success, version: HTTP/1.1)
HTTP/1.1 200 OK
Content-Length: 94
Content-Type: application/json; charset=utf-8
cache-control: no-cache

11:20:40.013 [AsyncHttpClient-1-11] DEBUG org.asynchttpclient.netty.channel.ChannelManager -- Adding key: http://localhost:22444 for channel [id: 0xbeb9f968, L:/127.0.0.1:46734 - R:localhost/127.0.0.1:22444]
11:20:40.018 [Forwarding sendKeysToElement on session 9164dd1e9098441a7472e5a7b2c23f21 to remote] DEBUG org.asynchttpclient.netty.request.NettyRequestSender -- Using pooled Channel '[id: 0xbeb9f968, L:/127.0.0.1:46734 - R:localhost/127.0.0.1:22444]' for 'POST' to 'http://localhost:22444/session/9164dd1e9098441a7472e5a7b2c23f21/element/D05499D3313DCB2D9E44DE653BA51672_element_5/value'
11:20:40.018 [Forwarding sendKeysToElement on session 9164dd1e9098441a7472e5a7b2c23f21 to remote] DEBUG org.asynchttpclient.netty.request.NettyRequestSender -- Using open Channel [id: 0xbeb9f968, L:/127.0.0.1:46734 - R:localhost/127.0.0.1:22444] for POST '/session/9164dd1e9098441a7472e5a7b2c23f21/element/D05499D3313DCB2D9E44DE653BA51672_element_5/value'
11:20:40.106 [AsyncHttpClient-1-11] DEBUG org.asynchttpclient.netty.handler.HttpHandler -- 

Request DefaultHttpRequest(decodeResult: success, version: HTTP/1.1)
POST /session/9164dd1e9098441a7472e5a7b2c23f21/element/D05499D3313DCB2D9E44DE653BA51672_element_5/value HTTP/1.1
User-Agent: selenium/4.5.3 (java unix)
Content-Length: 147
Content-Type: application/json; charset=utf-8
host: localhost:22444
accept: */*

Response DefaultHttpResponse(decodeResult: success, version: HTTP/1.1)
HTTP/1.1 200 OK
Content-Length: 14
Content-Type: application/json; charset=utf-8
cache-control: no-cache

11:20:40.106 [AsyncHttpClient-1-11] DEBUG org.asynchttpclient.netty.channel.ChannelManager -- Adding key: http://localhost:22444 for channel [id: 0xbeb9f968, L:/127.0.0.1:46734 - R:localhost/127.0.0.1:22444]
11:20:40.107 [Forwarding findElement on session 9164dd1e9098441a7472e5a7b2c23f21 to remote] DEBUG org.asynchttpclient.netty.request.NettyRequestSender -- Using pooled Channel '[id: 0xbeb9f968, L:/127.0.0.1:46734 - R:localhost/127.0.0.1:22444]' for 'POST' to 'http://localhost:22444/session/9164dd1e9098441a7472e5a7b2c23f21/element'
11:20:40.107 [Forwarding findElement on session 9164dd1e9098441a7472e5a7b2c23f21 to remote] DEBUG org.asynchttpclient.netty.request.NettyRequestSender -- Using open Channel [id: 0xbeb9f968, L:/127.0.0.1:46734 - R:localhost/127.0.0.1:22444] for POST '/session/9164dd1e9098441a7472e5a7b2c23f21/element'
11:20:40.114 [AsyncHttpClient-1-11] DEBUG org.asynchttpclient.netty.handler.HttpHandler -- 

Request DefaultHttpRequest(decodeResult: success, version: HTTP/1.1)
POST /session/9164dd1e9098441a7472e5a7b2c23f21/element HTTP/1.1
User-Agent: selenium/4.5.3 (java unix)
Content-Length: 57
Content-Type: application/json; charset=utf-8
host: localhost:22444
accept: */*

Response DefaultHttpResponse(decodeResult: success, version: HTTP/1.1)
HTTP/1.1 200 OK
Content-Length: 94
Content-Type: application/json; charset=utf-8
cache-control: no-cache

11:20:40.114 [AsyncHttpClient-1-11] DEBUG org.asynchttpclient.netty.channel.ChannelManager -- Adding key: http://localhost:22444 for channel [id: 0xbeb9f968, L:/127.0.0.1:46734 - R:localhost/127.0.0.1:22444]
11:20:40.115 [Forwarding clickElement on session 9164dd1e9098441a7472e5a7b2c23f21 to remote] DEBUG org.asynchttpclient.netty.request.NettyRequestSender -- Using pooled Channel '[id: 0xbeb9f968, L:/127.0.0.1:46734 - R:localhost/127.0.0.1:22444]' for 'POST' to 'http://localhost:22444/session/9164dd1e9098441a7472e5a7b2c23f21/element/D05499D3313DCB2D9E44DE653BA51672_element_6/click'
11:20:40.115 [Forwarding clickElement on session 9164dd1e9098441a7472e5a7b2c23f21 to remote] DEBUG org.asynchttpclient.netty.request.NettyRequestSender -- Using open Channel [id: 0xbeb9f968, L:/127.0.0.1:46734 - R:localhost/127.0.0.1:22444] for POST '/session/9164dd1e9098441a7472e5a7b2c23f21/element/D05499D3313DCB2D9E44DE653BA51672_element_6/click'
11:20:40.142 [AsyncHttpClient-1-11] DEBUG org.asynchttpclient.netty.handler.HttpHandler -- 

Request DefaultHttpRequest(decodeResult: success, version: HTTP/1.1)
POST /session/9164dd1e9098441a7472e5a7b2c23f21/element/D05499D3313DCB2D9E44DE653BA51672_element_6/click HTTP/1.1
User-Agent: selenium/4.5.3 (java unix)
Content-Length: 56
Content-Type: application/json; charset=utf-8
host: localhost:22444
accept: */*

Response DefaultHttpResponse(decodeResult: success, version: HTTP/1.1)
HTTP/1.1 200 OK
Content-Length: 14
Content-Type: application/json; charset=utf-8
cache-control: no-cache

11:20:40.142 [AsyncHttpClient-1-11] DEBUG org.asynchttpclient.netty.channel.ChannelManager -- Adding key: http://localhost:22444 for channel [id: 0xbeb9f968, L:/127.0.0.1:46734 - R:localhost/127.0.0.1:22444]
11:20:40.143 [Forwarding findElement on session 9164dd1e9098441a7472e5a7b2c23f21 to remote] DEBUG org.asynchttpclient.netty.request.NettyRequestSender -- Using pooled Channel '[id: 0xbeb9f968, L:/127.0.0.1:46734 - R:localhost/127.0.0.1:22444]' for 'POST' to 'http://localhost:22444/session/9164dd1e9098441a7472e5a7b2c23f21/element'
11:20:40.143 [Forwarding findElement on session 9164dd1e9098441a7472e5a7b2c23f21 to remote] DEBUG org.asynchttpclient.netty.request.NettyRequestSender -- Using open Channel [id: 0xbeb9f968, L:/127.0.0.1:46734 - R:localhost/127.0.0.1:22444] for POST '/session/9164dd1e9098441a7472e5a7b2c23f21/element'
11:20:40.153 [AsyncHttpClient-1-11] DEBUG org.asynchttpclient.netty.handler.HttpHandler -- 

Request DefaultHttpRequest(decodeResult: success, version: HTTP/1.1)
POST /session/9164dd1e9098441a7472e5a7b2c23f21/element HTTP/1.1
User-Agent: selenium/4.5.3 (java unix)
Content-Length: 55
Content-Type: application/json; charset=utf-8
host: localhost:22444
accept: */*

Response DefaultHttpResponse(decodeResult: success, version: HTTP/1.1)
HTTP/1.1 200 OK
Content-Length: 94
Content-Type: application/json; charset=utf-8
cache-control: no-cache

11:20:40.153 [AsyncHttpClient-1-11] DEBUG org.asynchttpclient.netty.channel.ChannelManager -- Adding key: http://localhost:22444 for channel [id: 0xbeb9f968, L:/127.0.0.1:46734 - R:localhost/127.0.0.1:22444]
11:20:40.154 [Forwarding clickElement on session 9164dd1e9098441a7472e5a7b2c23f21 to remote] DEBUG org.asynchttpclient.netty.request.NettyRequestSender -- Using pooled Channel '[id: 0xbeb9f968, L:/127.0.0.1:46734 - R:localhost/127.0.0.1:22444]' for 'POST' to 'http://localhost:22444/session/9164dd1e9098441a7472e5a7b2c23f21/element/D05499D3313DCB2D9E44DE653BA51672_element_9/click'
11:20:40.154 [Forwarding clickElement on session 9164dd1e9098441a7472e5a7b2c23f21 to remote] DEBUG org.asynchttpclient.netty.request.NettyRequestSender -- Using open Channel [id: 0xbeb9f968, L:/127.0.0.1:46734 - R:localhost/127.0.0.1:22444] for POST '/session/9164dd1e9098441a7472e5a7b2c23f21/element/D05499D3313DCB2D9E44DE653BA51672_element_9/click'
11:20:40.174 [AsyncHttpClient-1-11] DEBUG org.asynchttpclient.netty.handler.HttpHandler -- 

Request DefaultHttpRequest(decodeResult: success, version: HTTP/1.1)
POST /session/9164dd1e9098441a7472e5a7b2c23f21/element/D05499D3313DCB2D9E44DE653BA51672_element_9/click HTTP/1.1
User-Agent: selenium/4.5.3 (java unix)
Content-Length: 56
Content-Type: application/json; charset=utf-8
host: localhost:22444
accept: */*

Response DefaultHttpResponse(decodeResult: success, version: HTTP/1.1)
HTTP/1.1 200 OK
Content-Length: 14
Content-Type: application/json; charset=utf-8
cache-control: no-cache

11:20:40.174 [AsyncHttpClient-1-11] DEBUG org.asynchttpclient.netty.channel.ChannelManager -- Adding key: http://localhost:22444 for channel [id: 0xbeb9f968, L:/127.0.0.1:46734 - R:localhost/127.0.0.1:22444]
11:20:40.595 [AsyncHttpClient-1-1] DEBUG org.asynchttpclient.netty.channel.DefaultChannelPool -- Entry count for : http://localhost:37343 : 1
11:20:40.596 [AsyncHttpClient-1-1] DEBUG org.asynchttpclient.netty.channel.DefaultChannelPool -- Entry count for : http://localhost:39361 : 1
11:20:40.596 [AsyncHttpClient-1-1] DEBUG org.asynchttpclient.netty.channel.DefaultChannelPool -- Entry count for : http://localhost:2083 : 1
11:20:40.596 [AsyncHttpClient-1-1] DEBUG org.asynchttpclient.netty.channel.DefaultChannelPool -- Entry count for : http://localhost:22444 : 1
11:20:40.680 [Forwarding findElement on session 21edf3a5ee4c1078bb46dadf58cdf244 to remote] DEBUG org.asynchttpclient.netty.request.NettyRequestSender -- Using pooled Channel '[id: 0xbcd055a6, L:/127.0.0.1:42246 - R:localhost/127.0.0.1:2083]' for 'POST' to 'http://localhost:2083/session/21edf3a5ee4c1078bb46dadf58cdf244/element'
11:20:40.681 [Forwarding findElement on session 21edf3a5ee4c1078bb46dadf58cdf244 to remote] DEBUG org.asynchttpclient.netty.request.NettyRequestSender -- Using open Channel [id: 0xbcd055a6, L:/127.0.0.1:42246 - R:localhost/127.0.0.1:2083] for POST '/session/21edf3a5ee4c1078bb46dadf58cdf244/element'
11:20:40.696 [AsyncHttpClient-1-8] DEBUG org.asynchttpclient.netty.handler.HttpHandler -- 

Request DefaultHttpRequest(decodeResult: success, version: HTTP/1.1)
POST /session/21edf3a5ee4c1078bb46dadf58cdf244/element HTTP/1.1
User-Agent: selenium/4.5.3 (java unix)
Content-Length: 53
Content-Type: application/json; charset=utf-8
host: localhost:2083
accept: */*

Response DefaultHttpResponse(decodeResult: success, version: HTTP/1.1)
HTTP/1.1 200 OK
Content-Length: 94
Content-Type: application/json; charset=utf-8
cache-control: no-cache

11:20:40.697 [AsyncHttpClient-1-8] DEBUG org.asynchttpclient.netty.channel.ChannelManager -- Adding key: http://localhost:2083 for channel [id: 0xbcd055a6, L:/127.0.0.1:42246 - R:localhost/127.0.0.1:2083]
11:20:40.698 [Forwarding getElementText on session 21edf3a5ee4c1078bb46dadf58cdf244 to remote] DEBUG org.asynchttpclient.netty.request.NettyRequestSender -- Using pooled Channel '[id: 0xbcd055a6, L:/127.0.0.1:42246 - R:localhost/127.0.0.1:2083]' for 'GET' to 'http://localhost:2083/session/21edf3a5ee4c1078bb46dadf58cdf244/element/73D585DBD3154192542F76C22009D6E7_element_8/text'
11:20:40.698 [Forwarding getElementText on session 21edf3a5ee4c1078bb46dadf58cdf244 to remote] DEBUG org.asynchttpclient.netty.request.NettyRequestSender -- Using open Channel [id: 0xbcd055a6, L:/127.0.0.1:42246 - R:localhost/127.0.0.1:2083] for GET '/session/21edf3a5ee4c1078bb46dadf58cdf244/element/73D585DBD3154192542F76C22009D6E7_element_8/text'
11:20:40.713 [AsyncHttpClient-1-8] DEBUG org.asynchttpclient.netty.handler.HttpHandler -- 

Request DefaultFullHttpRequest(decodeResult: success, version: HTTP/1.1, content: EmptyByteBufBE)
GET /session/21edf3a5ee4c1078bb46dadf58cdf244/element/73D585DBD3154192542F76C22009D6E7_element_8/text HTTP/1.1
User-Agent: selenium/4.5.3 (java unix)
Cache-Control: no-cache
Content-Type: application/json; charset=utf-8
host: localhost:2083
accept: */*

Response DefaultHttpResponse(decodeResult: success, version: HTTP/1.1)
HTTP/1.1 200 OK
Content-Length: 81
Content-Type: application/json; charset=utf-8
cache-control: no-cache

11:20:40.714 [AsyncHttpClient-1-8] DEBUG org.asynchttpclient.netty.channel.ChannelManager -- Adding key: http://localhost:2083 for channel [id: 0xbcd055a6, L:/127.0.0.1:42246 - R:localhost/127.0.0.1:2083]
11:20:40.716 [AsyncHttpClient-1-10] DEBUG org.asynchttpclient.netty.handler.WebSocketHandler -- Channel Closed: [id: 0x10e42a8c, L:/127.0.0.1:44998 ! R:localhost/127.0.0.1:39361] with attribute NettyResponseFuture{currentRetry=0,
	isDone=1,
	isCancelled=0,
	asyncHandler=org.asynchttpclient.ws.WebSocketUpgradeHandler@769a206b,
	nettyRequest=org.asynchttpclient.netty.request.NettyRequest@3398b0dc,
	future=java.util.concurrent.CompletableFuture@5dcc0f27[Completed normally],
	uri=ws://localhost:39361/devtools/browser/70d87cb6-efa8-4bdb-91d1-f648a28af8cf,
	keepAlive=true,
	redirectCount=0,
	timeoutsHolder=null,
	inAuth=0,
	touch=1683192039077}
11:20:40.716 [Driver Command Executor] DEBUG org.asynchttpclient.netty.request.NettyRequestSender -- Using pooled Channel '[id: 0xbcd055a6, L:/127.0.0.1:42246 - R:localhost/127.0.0.1:2083]' for 'DELETE' to 'http://localhost:2083/session/21edf3a5ee4c1078bb46dadf58cdf244'
11:20:40.716 [AsyncHttpClient-1-10] DEBUG org.asynchttpclient.netty.channel.ChannelManager -- Closing Channel [id: 0x10e42a8c, L:/127.0.0.1:44998 ! R:localhost/127.0.0.1:39361] 
11:20:40.716 [Driver Command Executor] DEBUG org.asynchttpclient.netty.request.NettyRequestSender -- Using open Channel [id: 0xbcd055a6, L:/127.0.0.1:42246 - R:localhost/127.0.0.1:2083] for DELETE '/session/21edf3a5ee4c1078bb46dadf58cdf244'
11:20:40.724 [AsyncHttpClient-1-9] DEBUG org.asynchttpclient.netty.handler.HttpHandler -- Channel Closed: [id: 0x2fceaccd, L:/127.0.0.1:44984 ! R:localhost/127.0.0.1:39361] with attribute DISCARD
11:20:40.768 [AsyncHttpClient-1-8] DEBUG org.asynchttpclient.netty.handler.HttpHandler -- 

Request DefaultFullHttpRequest(decodeResult: success, version: HTTP/1.1, content: EmptyByteBufBE)
DELETE /session/21edf3a5ee4c1078bb46dadf58cdf244 HTTP/1.1
User-Agent: selenium/4.5.3 (java unix)
Content-Type: application/json; charset=utf-8
host: localhost:2083
accept: */*

Response DefaultHttpResponse(decodeResult: success, version: HTTP/1.1)
HTTP/1.1 200 OK
Content-Length: 14
Content-Type: application/json; charset=utf-8
cache-control: no-cache

11:20:40.768 [AsyncHttpClient-1-8] DEBUG org.asynchttpclient.netty.channel.ChannelManager -- Adding key: http://localhost:2083 for channel [id: 0xbcd055a6, L:/127.0.0.1:42246 - R:localhost/127.0.0.1:2083]
11:20:40.770 [AsyncHttpClient-1-8] DEBUG org.asynchttpclient.netty.handler.HttpHandler -- Channel Closed: [id: 0xbcd055a6, L:/127.0.0.1:42246 ! R:localhost/127.0.0.1:2083] with attribute DISCARD
11:20:40.820 [AsyncHttpClient-1-13] DEBUG org.asynchttpclient.netty.handler.WebSocketHandler -- Channel Closed: [id: 0x013e5e6a, L:/127.0.0.1:36514 ! R:localhost/127.0.0.1:37343] with attribute NettyResponseFuture{currentRetry=0,
	isDone=1,
	isCancelled=0,
	asyncHandler=org.asynchttpclient.ws.WebSocketUpgradeHandler@60a1286d,
	nettyRequest=org.asynchttpclient.netty.request.NettyRequest@25a3ba1d,
	future=java.util.concurrent.CompletableFuture@542441f[Completed normally],
	uri=ws://localhost:37343/devtools/browser/9c3abd1b-7e65-4327-9c3b-c26db6578c2f,
	keepAlive=true,
	redirectCount=0,
	timeoutsHolder=null,
	inAuth=0,
	touch=1683192039435}
11:20:40.821 [Driver Command Executor] DEBUG org.asynchttpclient.netty.request.NettyRequestSender -- Using pooled Channel '[id: 0xbeb9f968, L:/127.0.0.1:46734 - R:localhost/127.0.0.1:22444]' for 'DELETE' to 'http://localhost:22444/session/9164dd1e9098441a7472e5a7b2c23f21'
11:20:40.821 [AsyncHttpClient-1-13] DEBUG org.asynchttpclient.netty.channel.ChannelManager -- Closing Channel [id: 0x013e5e6a, L:/127.0.0.1:36514 ! R:localhost/127.0.0.1:37343] 
11:20:40.821 [Driver Command Executor] DEBUG org.asynchttpclient.netty.request.NettyRequestSender -- Using open Channel [id: 0xbeb9f968, L:/127.0.0.1:46734 - R:localhost/127.0.0.1:22444] for DELETE '/session/9164dd1e9098441a7472e5a7b2c23f21'
11:20:40.853 [AsyncHttpClient-1-12] DEBUG org.asynchttpclient.netty.handler.HttpHandler -- Channel Closed: [id: 0x5468be28, L:/127.0.0.1:36500 ! R:localhost/127.0.0.1:37343] with attribute DISCARD
11:20:40.876 [AsyncHttpClient-1-11] DEBUG org.asynchttpclient.netty.handler.HttpHandler -- 

Request DefaultFullHttpRequest(decodeResult: success, version: HTTP/1.1, content: EmptyByteBufBE)
DELETE /session/9164dd1e9098441a7472e5a7b2c23f21 HTTP/1.1
User-Agent: selenium/4.5.3 (java unix)
Content-Type: application/json; charset=utf-8
host: localhost:22444
accept: */*

Response DefaultHttpResponse(decodeResult: success, version: HTTP/1.1)
HTTP/1.1 200 OK
Content-Length: 14
Content-Type: application/json; charset=utf-8
cache-control: no-cache

11:20:40.876 [AsyncHttpClient-1-11] DEBUG org.asynchttpclient.netty.channel.ChannelManager -- Adding key: http://localhost:22444 for channel [id: 0xbeb9f968, L:/127.0.0.1:46734 - R:localhost/127.0.0.1:22444]
11:20:40.879 [AsyncHttpClient-1-11] DEBUG org.asynchttpclient.netty.handler.HttpHandler -- Channel Closed: [id: 0xbeb9f968, L:/127.0.0.1:46734 ! R:localhost/127.0.0.1:22444] with attribute DISCARD
]]></system-out>
    <system-err><![CDATA[Starting ChromeDriver 113.0.5672.63 (0e1a4471d5ae5bf128b1bd8f4d627c8cbd55f70c-refs/branch-heads/5672@{#912}) on port 2083
Only local connections are allowed.
Please see https://chromedriver.chromium.org/security-considerations for suggestions on keeping ChromeDriver safe.
ChromeDriver was started successfully.
may 04, 2023 11:20:39 A. M. org.openqa.selenium.devtools.CdpVersionFinder findNearestMatch
ADVERTENCIA: Unable to find CDP implementation matching 113
may 04, 2023 11:20:39 A. M. org.openqa.selenium.chromium.ChromiumDriver lambda$new$3
ADVERTENCIA: Unable to find version of CDP to use for . You may need to include a dependency on a specific version of the CDP using something similar to `org.seleniumhq.selenium:selenium-devtools-v86:4.5.3` where the version ("v86") matches the version of the chromium-based browser you're using and the version number of the artifact is the same as Selenium's.
Starting ChromeDriver 113.0.5672.63 (0e1a4471d5ae5bf128b1bd8f4d627c8cbd55f70c-refs/branch-heads/5672@{#912}) on port 22444
Only local connections are allowed.
Please see https://chromedriver.chromium.org/security-considerations for suggestions on keeping ChromeDriver safe.
ChromeDriver was started successfully.
may 04, 2023 11:20:39 A. M. org.openqa.selenium.devtools.CdpVersionFinder findNearestMatch
ADVERTENCIA: Unable to find CDP implementation matching 113
may 04, 2023 11:20:39 A. M. org.openqa.selenium.chromium.ChromiumDriver lambda$new$3
ADVERTENCIA: Unable to find version of CDP to use for . You may need to include a dependency on a specific version of the CDP using something similar to `org.seleniumhq.selenium:selenium-devtools-v86:4.5.3` where the version ("v86") matches the version of the chromium-based browser you're using and the version number of the artifact is the same as Selenium's.
]]></system-err>
  </testcase>
  <testcase name="mensaje2" classname="es.uma.informatica.sii.practica.websockets.tests.WebsocketsIT" time="2.114">
    <system-out><![CDATA[11:20:40.943 [AsyncHttpClient-1-14] DEBUG org.asynchttpclient.netty.channel.NettyConnectListener -- Using new Channel '[id: 0x321a49cd, L:/127.0.0.1:52216 - R:localhost/127.0.0.1:5696]' for 'POST' to '/session'
11:20:41.266 [AsyncHttpClient-1-14] DEBUG org.asynchttpclient.netty.handler.HttpHandler -- 

Request DefaultHttpRequest(decodeResult: success, version: HTTP/1.1)
POST /session HTTP/1.1
User-Agent: selenium/4.5.3 (java unix)
Content-Length: 439
Content-Type: application/json; charset=utf-8
host: localhost:5696
accept: */*

Response DefaultHttpResponse(decodeResult: success, version: HTTP/1.1)
HTTP/1.1 200 OK
Content-Length: 821
Content-Type: application/json; charset=utf-8
cache-control: no-cache

11:20:41.266 [AsyncHttpClient-1-14] DEBUG org.asynchttpclient.netty.channel.ChannelManager -- Adding key: http://localhost:5696 for channel [id: 0x321a49cd, L:/127.0.0.1:52216 - R:localhost/127.0.0.1:5696]
11:20:41.270 [AsyncHttpClient-1-15] DEBUG org.asynchttpclient.netty.channel.NettyConnectListener -- Using new Channel '[id: 0x7c444db8, L:/127.0.0.1:60194 - R:localhost/127.0.0.1:35021]' for 'GET' to '/json/version'
11:20:41.298 [AsyncHttpClient-1-15] DEBUG org.asynchttpclient.netty.handler.HttpHandler -- 

Request DefaultFullHttpRequest(decodeResult: success, version: HTTP/1.1, content: EmptyByteBufBE)
GET /json/version HTTP/1.1
User-Agent: selenium/4.5.3 (java unix)
host: localhost:35021
accept: */*

Response DefaultHttpResponse(decodeResult: success, version: HTTP/1.1)
HTTP/1.1 200 OK
Content-Security-Policy: frame-ancestors 'none'
Content-Length: 404
Content-Type: application/json; charset=UTF-8

11:20:41.298 [AsyncHttpClient-1-15] DEBUG org.asynchttpclient.netty.channel.ChannelManager -- Adding key: http://localhost:35021 for channel [id: 0x7c444db8, L:/127.0.0.1:60194 - R:localhost/127.0.0.1:35021]
11:20:41.301 [AsyncHttpClient-1-16] DEBUG org.asynchttpclient.netty.channel.NettyConnectListener -- Using new Channel '[id: 0x7f1d958b, L:/127.0.0.1:60204 - R:localhost/127.0.0.1:35021]' for 'GET' to '/devtools/browser/a76811f9-8053-4ebc-8c96-5bb5b356035f'
11:20:41.303 [AsyncHttpClient-1-16] DEBUG org.asynchttpclient.netty.handler.WebSocketHandler -- 

Request DefaultFullHttpRequest(decodeResult: success, version: HTTP/1.1, content: EmptyByteBufBE)
GET /devtools/browser/a76811f9-8053-4ebc-8c96-5bb5b356035f HTTP/1.1
upgrade: websocket
connection: upgrade
sec-websocket-key: tjFIduMz4pWXYySVA6QWkg==
sec-websocket-version: 13
origin: http://localhost:35021
host: localhost:35021
accept: */*
user-agent: AHC/2.1

Response DefaultHttpResponse(decodeResult: success, version: HTTP/1.1)
HTTP/1.1 101 WebSocket Protocol Handshake
Upgrade: WebSocket
Connection: Upgrade
Sec-WebSocket-Accept: A1kjU8nVOerwHjfv8PMRUbdnZcw=

11:20:41.323 [AsyncHttpClient-1-17] DEBUG org.asynchttpclient.netty.channel.NettyConnectListener -- Using new Channel '[id: 0xc0678dde, L:/127.0.0.1:55884 - R:localhost/127.0.0.1:31006]' for 'POST' to '/session'
11:20:41.628 [AsyncHttpClient-1-17] DEBUG org.asynchttpclient.netty.handler.HttpHandler -- 

Request DefaultHttpRequest(decodeResult: success, version: HTTP/1.1)
POST /session HTTP/1.1
User-Agent: selenium/4.5.3 (java unix)
Content-Length: 439
Content-Type: application/json; charset=utf-8
host: localhost:31006
accept: */*

Response DefaultHttpResponse(decodeResult: success, version: HTTP/1.1)
HTTP/1.1 200 OK
Content-Length: 821
Content-Type: application/json; charset=utf-8
cache-control: no-cache

11:20:41.628 [AsyncHttpClient-1-17] DEBUG org.asynchttpclient.netty.channel.ChannelManager -- Adding key: http://localhost:31006 for channel [id: 0xc0678dde, L:/127.0.0.1:55884 - R:localhost/127.0.0.1:31006]
11:20:41.632 [AsyncHttpClient-1-18] DEBUG org.asynchttpclient.netty.channel.NettyConnectListener -- Using new Channel '[id: 0xe97525f0, L:/127.0.0.1:49892 - R:localhost/127.0.0.1:34947]' for 'GET' to '/json/version'
11:20:41.654 [AsyncHttpClient-1-18] DEBUG org.asynchttpclient.netty.handler.HttpHandler -- 

Request DefaultFullHttpRequest(decodeResult: success, version: HTTP/1.1, content: EmptyByteBufBE)
GET /json/version HTTP/1.1
User-Agent: selenium/4.5.3 (java unix)
host: localhost:34947
accept: */*

Response DefaultHttpResponse(decodeResult: success, version: HTTP/1.1)
HTTP/1.1 200 OK
Content-Security-Policy: frame-ancestors 'none'
Content-Length: 404
Content-Type: application/json; charset=UTF-8

11:20:41.654 [AsyncHttpClient-1-18] DEBUG org.asynchttpclient.netty.channel.ChannelManager -- Adding key: http://localhost:34947 for channel [id: 0xe97525f0, L:/127.0.0.1:49892 - R:localhost/127.0.0.1:34947]
11:20:41.656 [AsyncHttpClient-1-19] DEBUG org.asynchttpclient.netty.channel.NettyConnectListener -- Using new Channel '[id: 0xd3c6567a, L:/127.0.0.1:49902 - R:localhost/127.0.0.1:34947]' for 'GET' to '/devtools/browser/3258dd76-d9eb-47a9-b1c8-359c28c990d1'
11:20:41.658 [AsyncHttpClient-1-19] DEBUG org.asynchttpclient.netty.handler.WebSocketHandler -- 

Request DefaultFullHttpRequest(decodeResult: success, version: HTTP/1.1, content: EmptyByteBufBE)
GET /devtools/browser/3258dd76-d9eb-47a9-b1c8-359c28c990d1 HTTP/1.1
upgrade: websocket
connection: upgrade
sec-websocket-key: 8GyZfuFtndSgyaZtww9znw==
sec-websocket-version: 13
origin: http://localhost:34947
host: localhost:34947
accept: */*
user-agent: AHC/2.1

Response DefaultHttpResponse(decodeResult: success, version: HTTP/1.1)
HTTP/1.1 101 WebSocket Protocol Handshake
Upgrade: WebSocket
Connection: Upgrade
Sec-WebSocket-Accept: Q4vCL775j4en/yUCVSmJ8wTiRkE=

11:20:41.662 [Forwarding get on session a8dab813ec2b22320f5e7a618d397815 to remote] DEBUG org.asynchttpclient.netty.request.NettyRequestSender -- Using pooled Channel '[id: 0x321a49cd, L:/127.0.0.1:52216 - R:localhost/127.0.0.1:5696]' for 'POST' to 'http://localhost:5696/session/a8dab813ec2b22320f5e7a618d397815/url'
11:20:41.662 [Forwarding get on session a8dab813ec2b22320f5e7a618d397815 to remote] DEBUG org.asynchttpclient.netty.request.NettyRequestSender -- Using open Channel [id: 0x321a49cd, L:/127.0.0.1:52216 - R:localhost/127.0.0.1:5696] for POST '/session/a8dab813ec2b22320f5e7a618d397815/url'
11:20:41.694 [AsyncHttpClient-1-1] DEBUG org.asynchttpclient.netty.channel.DefaultChannelPool -- Entry count for : http://localhost:37343 : 1
11:20:41.694 [AsyncHttpClient-1-1] DEBUG org.asynchttpclient.netty.channel.DefaultChannelPool -- Entry count for : http://localhost:35021 : 1
11:20:41.694 [AsyncHttpClient-1-1] DEBUG org.asynchttpclient.netty.channel.DefaultChannelPool -- Entry count for : http://localhost:2083 : 1
11:20:41.694 [AsyncHttpClient-1-1] DEBUG org.asynchttpclient.netty.channel.DefaultChannelPool -- Entry count for : http://localhost:31006 : 1
11:20:41.694 [AsyncHttpClient-1-1] DEBUG org.asynchttpclient.netty.channel.DefaultChannelPool -- Entry count for : http://localhost:39361 : 1
11:20:41.694 [AsyncHttpClient-1-1] DEBUG org.asynchttpclient.netty.channel.DefaultChannelPool -- Entry count for : http://localhost:34947 : 1
11:20:41.694 [AsyncHttpClient-1-1] DEBUG org.asynchttpclient.netty.channel.DefaultChannelPool -- Entry count for : http://localhost:22444 : 1
11:20:41.694 [AsyncHttpClient-1-1] DEBUG org.asynchttpclient.netty.channel.DefaultChannelPool -- Adding Candidate expired Channel [id: 0x5468be28, L:/127.0.0.1:36500 ! R:localhost/127.0.0.1:37343] isIdleTimeoutExpired=false isRemotelyClosed=true isTtlExpired=false
11:20:41.694 [AsyncHttpClient-1-1] DEBUG org.asynchttpclient.netty.channel.DefaultChannelPool -- Closing Idle Channel [id: 0x5468be28, L:/127.0.0.1:36500 ! R:localhost/127.0.0.1:37343]
11:20:41.694 [AsyncHttpClient-1-1] DEBUG org.asynchttpclient.netty.channel.DefaultChannelPool -- Adding Candidate expired Channel [id: 0xbcd055a6, L:/127.0.0.1:42246 ! R:localhost/127.0.0.1:2083] isIdleTimeoutExpired=false isRemotelyClosed=true isTtlExpired=false
11:20:41.694 [AsyncHttpClient-1-1] DEBUG org.asynchttpclient.netty.channel.DefaultChannelPool -- Closing Idle Channel [id: 0xbcd055a6, L:/127.0.0.1:42246 ! R:localhost/127.0.0.1:2083]
11:20:41.694 [AsyncHttpClient-1-1] DEBUG org.asynchttpclient.netty.channel.DefaultChannelPool -- Adding Candidate expired Channel [id: 0x2fceaccd, L:/127.0.0.1:44984 ! R:localhost/127.0.0.1:39361] isIdleTimeoutExpired=false isRemotelyClosed=true isTtlExpired=false
11:20:41.694 [AsyncHttpClient-1-1] DEBUG org.asynchttpclient.netty.channel.DefaultChannelPool -- Closing Idle Channel [id: 0x2fceaccd, L:/127.0.0.1:44984 ! R:localhost/127.0.0.1:39361]
11:20:41.694 [AsyncHttpClient-1-1] DEBUG org.asynchttpclient.netty.channel.DefaultChannelPool -- Adding Candidate expired Channel [id: 0xbeb9f968, L:/127.0.0.1:46734 ! R:localhost/127.0.0.1:22444] isIdleTimeoutExpired=false isRemotelyClosed=true isTtlExpired=false
11:20:41.694 [AsyncHttpClient-1-1] DEBUG org.asynchttpclient.netty.channel.DefaultChannelPool -- Closing Idle Channel [id: 0xbeb9f968, L:/127.0.0.1:46734 ! R:localhost/127.0.0.1:22444]
11:20:41.694 [AsyncHttpClient-1-1] DEBUG org.asynchttpclient.netty.channel.DefaultChannelPool -- Closed 4 connections out of 7 in 0 ms
11:20:41.723 [AsyncHttpClient-1-14] DEBUG org.asynchttpclient.netty.handler.HttpHandler -- 

Request DefaultHttpRequest(decodeResult: success, version: HTTP/1.1)
POST /session/a8dab813ec2b22320f5e7a618d397815/url HTTP/1.1
User-Agent: selenium/4.5.3 (java unix)
Content-Length: 62
Content-Type: application/json; charset=utf-8
host: localhost:5696
accept: */*

Response DefaultHttpResponse(decodeResult: success, version: HTTP/1.1)
HTTP/1.1 200 OK
Content-Length: 14
Content-Type: application/json; charset=utf-8
cache-control: no-cache

11:20:41.724 [AsyncHttpClient-1-14] DEBUG org.asynchttpclient.netty.channel.ChannelManager -- Adding key: http://localhost:5696 for channel [id: 0x321a49cd, L:/127.0.0.1:52216 - R:localhost/127.0.0.1:5696]
11:20:41.726 [Forwarding setCurrentWindowSize on session a8dab813ec2b22320f5e7a618d397815 to remote] DEBUG org.asynchttpclient.netty.request.NettyRequestSender -- Using pooled Channel '[id: 0x321a49cd, L:/127.0.0.1:52216 - R:localhost/127.0.0.1:5696]' for 'POST' to 'http://localhost:5696/session/a8dab813ec2b22320f5e7a618d397815/window/rect'
11:20:41.727 [Forwarding setCurrentWindowSize on session a8dab813ec2b22320f5e7a618d397815 to remote] DEBUG org.asynchttpclient.netty.request.NettyRequestSender -- Using open Channel [id: 0x321a49cd, L:/127.0.0.1:52216 - R:localhost/127.0.0.1:5696] for POST '/session/a8dab813ec2b22320f5e7a618d397815/window/rect'
11:20:41.832 [AsyncHttpClient-1-14] DEBUG org.asynchttpclient.netty.handler.HttpHandler -- 

Request DefaultHttpRequest(decodeResult: success, version: HTTP/1.1)
POST /session/a8dab813ec2b22320f5e7a618d397815/window/rect HTTP/1.1
User-Agent: selenium/4.5.3 (java unix)
Content-Length: 36
Content-Type: application/json; charset=utf-8
host: localhost:5696
accept: */*

Response DefaultHttpResponse(decodeResult: success, version: HTTP/1.1)
HTTP/1.1 200 OK
Content-Length: 51
Content-Type: application/json; charset=utf-8
cache-control: no-cache

11:20:41.832 [AsyncHttpClient-1-14] DEBUG org.asynchttpclient.netty.channel.ChannelManager -- Adding key: http://localhost:5696 for channel [id: 0x321a49cd, L:/127.0.0.1:52216 - R:localhost/127.0.0.1:5696]
11:20:41.834 [Forwarding findElement on session a8dab813ec2b22320f5e7a618d397815 to remote] DEBUG org.asynchttpclient.netty.request.NettyRequestSender -- Using pooled Channel '[id: 0x321a49cd, L:/127.0.0.1:52216 - R:localhost/127.0.0.1:5696]' for 'POST' to 'http://localhost:5696/session/a8dab813ec2b22320f5e7a618d397815/element'
11:20:41.834 [Forwarding findElement on session a8dab813ec2b22320f5e7a618d397815 to remote] DEBUG org.asynchttpclient.netty.request.NettyRequestSender -- Using open Channel [id: 0x321a49cd, L:/127.0.0.1:52216 - R:localhost/127.0.0.1:5696] for POST '/session/a8dab813ec2b22320f5e7a618d397815/element'
11:20:41.842 [AsyncHttpClient-1-14] DEBUG org.asynchttpclient.netty.handler.HttpHandler -- 

Request DefaultHttpRequest(decodeResult: success, version: HTTP/1.1)
POST /session/a8dab813ec2b22320f5e7a618d397815/element HTTP/1.1
User-Agent: selenium/4.5.3 (java unix)
Content-Length: 51
Content-Type: application/json; charset=utf-8
host: localhost:5696
accept: */*

Response DefaultHttpResponse(decodeResult: success, version: HTTP/1.1)
HTTP/1.1 200 OK
Content-Length: 94
Content-Type: application/json; charset=utf-8
cache-control: no-cache

11:20:41.842 [AsyncHttpClient-1-14] DEBUG org.asynchttpclient.netty.channel.ChannelManager -- Adding key: http://localhost:5696 for channel [id: 0x321a49cd, L:/127.0.0.1:52216 - R:localhost/127.0.0.1:5696]
11:20:41.844 [Forwarding sendKeysToElement on session a8dab813ec2b22320f5e7a618d397815 to remote] DEBUG org.asynchttpclient.netty.request.NettyRequestSender -- Using pooled Channel '[id: 0x321a49cd, L:/127.0.0.1:52216 - R:localhost/127.0.0.1:5696]' for 'POST' to 'http://localhost:5696/session/a8dab813ec2b22320f5e7a618d397815/element/F8C97144D02424F9A21C0E542612EB2E_element_5/value'
11:20:41.844 [Forwarding sendKeysToElement on session a8dab813ec2b22320f5e7a618d397815 to remote] DEBUG org.asynchttpclient.netty.request.NettyRequestSender -- Using open Channel [id: 0x321a49cd, L:/127.0.0.1:52216 - R:localhost/127.0.0.1:5696] for POST '/session/a8dab813ec2b22320f5e7a618d397815/element/F8C97144D02424F9A21C0E542612EB2E_element_5/value'
11:20:41.880 [AsyncHttpClient-1-14] DEBUG org.asynchttpclient.netty.handler.HttpHandler -- 

Request DefaultHttpRequest(decodeResult: success, version: HTTP/1.1)
POST /session/a8dab813ec2b22320f5e7a618d397815/element/F8C97144D02424F9A21C0E542612EB2E_element_5/value HTTP/1.1
User-Agent: selenium/4.5.3 (java unix)
Content-Length: 157
Content-Type: application/json; charset=utf-8
host: localhost:5696
accept: */*

Response DefaultHttpResponse(decodeResult: success, version: HTTP/1.1)
HTTP/1.1 200 OK
Content-Length: 14
Content-Type: application/json; charset=utf-8
cache-control: no-cache

11:20:41.881 [AsyncHttpClient-1-14] DEBUG org.asynchttpclient.netty.channel.ChannelManager -- Adding key: http://localhost:5696 for channel [id: 0x321a49cd, L:/127.0.0.1:52216 - R:localhost/127.0.0.1:5696]
11:20:41.882 [Forwarding findElement on session a8dab813ec2b22320f5e7a618d397815 to remote] DEBUG org.asynchttpclient.netty.request.NettyRequestSender -- Using pooled Channel '[id: 0x321a49cd, L:/127.0.0.1:52216 - R:localhost/127.0.0.1:5696]' for 'POST' to 'http://localhost:5696/session/a8dab813ec2b22320f5e7a618d397815/element'
11:20:41.882 [Forwarding findElement on session a8dab813ec2b22320f5e7a618d397815 to remote] DEBUG org.asynchttpclient.netty.request.NettyRequestSender -- Using open Channel [id: 0x321a49cd, L:/127.0.0.1:52216 - R:localhost/127.0.0.1:5696] for POST '/session/a8dab813ec2b22320f5e7a618d397815/element'
11:20:41.890 [AsyncHttpClient-1-14] DEBUG org.asynchttpclient.netty.handler.HttpHandler -- 

Request DefaultHttpRequest(decodeResult: success, version: HTTP/1.1)
POST /session/a8dab813ec2b22320f5e7a618d397815/element HTTP/1.1
User-Agent: selenium/4.5.3 (java unix)
Content-Length: 57
Content-Type: application/json; charset=utf-8
host: localhost:5696
accept: */*

Response DefaultHttpResponse(decodeResult: success, version: HTTP/1.1)
HTTP/1.1 200 OK
Content-Length: 94
Content-Type: application/json; charset=utf-8
cache-control: no-cache

11:20:41.890 [AsyncHttpClient-1-14] DEBUG org.asynchttpclient.netty.channel.ChannelManager -- Adding key: http://localhost:5696 for channel [id: 0x321a49cd, L:/127.0.0.1:52216 - R:localhost/127.0.0.1:5696]
11:20:41.891 [Forwarding clickElement on session a8dab813ec2b22320f5e7a618d397815 to remote] DEBUG org.asynchttpclient.netty.request.NettyRequestSender -- Using pooled Channel '[id: 0x321a49cd, L:/127.0.0.1:52216 - R:localhost/127.0.0.1:5696]' for 'POST' to 'http://localhost:5696/session/a8dab813ec2b22320f5e7a618d397815/element/F8C97144D02424F9A21C0E542612EB2E_element_6/click'
11:20:41.891 [Forwarding clickElement on session a8dab813ec2b22320f5e7a618d397815 to remote] DEBUG org.asynchttpclient.netty.request.NettyRequestSender -- Using open Channel [id: 0x321a49cd, L:/127.0.0.1:52216 - R:localhost/127.0.0.1:5696] for POST '/session/a8dab813ec2b22320f5e7a618d397815/element/F8C97144D02424F9A21C0E542612EB2E_element_6/click'
11:20:41.918 [AsyncHttpClient-1-14] DEBUG org.asynchttpclient.netty.handler.HttpHandler -- 

Request DefaultHttpRequest(decodeResult: success, version: HTTP/1.1)
POST /session/a8dab813ec2b22320f5e7a618d397815/element/F8C97144D02424F9A21C0E542612EB2E_element_6/click HTTP/1.1
User-Agent: selenium/4.5.3 (java unix)
Content-Length: 56
Content-Type: application/json; charset=utf-8
host: localhost:5696
accept: */*

Response DefaultHttpResponse(decodeResult: success, version: HTTP/1.1)
HTTP/1.1 200 OK
Content-Length: 14
Content-Type: application/json; charset=utf-8
cache-control: no-cache

11:20:41.918 [AsyncHttpClient-1-14] DEBUG org.asynchttpclient.netty.channel.ChannelManager -- Adding key: http://localhost:5696 for channel [id: 0x321a49cd, L:/127.0.0.1:52216 - R:localhost/127.0.0.1:5696]
11:20:41.920 [Forwarding get on session c19a7fd2d53eb85bf43e6ca1f17f91f1 to remote] DEBUG org.asynchttpclient.netty.request.NettyRequestSender -- Using pooled Channel '[id: 0xc0678dde, L:/127.0.0.1:55884 - R:localhost/127.0.0.1:31006]' for 'POST' to 'http://localhost:31006/session/c19a7fd2d53eb85bf43e6ca1f17f91f1/url'
11:20:41.920 [Forwarding get on session c19a7fd2d53eb85bf43e6ca1f17f91f1 to remote] DEBUG org.asynchttpclient.netty.request.NettyRequestSender -- Using open Channel [id: 0xc0678dde, L:/127.0.0.1:55884 - R:localhost/127.0.0.1:31006] for POST '/session/c19a7fd2d53eb85bf43e6ca1f17f91f1/url'
11:20:41.991 [AsyncHttpClient-1-17] DEBUG org.asynchttpclient.netty.handler.HttpHandler -- 

Request DefaultHttpRequest(decodeResult: success, version: HTTP/1.1)
POST /session/c19a7fd2d53eb85bf43e6ca1f17f91f1/url HTTP/1.1
User-Agent: selenium/4.5.3 (java unix)
Content-Length: 62
Content-Type: application/json; charset=utf-8
host: localhost:31006
accept: */*

Response DefaultHttpResponse(decodeResult: success, version: HTTP/1.1)
HTTP/1.1 200 OK
Content-Length: 14
Content-Type: application/json; charset=utf-8
cache-control: no-cache

11:20:41.991 [AsyncHttpClient-1-17] DEBUG org.asynchttpclient.netty.channel.ChannelManager -- Adding key: http://localhost:31006 for channel [id: 0xc0678dde, L:/127.0.0.1:55884 - R:localhost/127.0.0.1:31006]
11:20:41.994 [Forwarding setCurrentWindowSize on session c19a7fd2d53eb85bf43e6ca1f17f91f1 to remote] DEBUG org.asynchttpclient.netty.request.NettyRequestSender -- Using pooled Channel '[id: 0xc0678dde, L:/127.0.0.1:55884 - R:localhost/127.0.0.1:31006]' for 'POST' to 'http://localhost:31006/session/c19a7fd2d53eb85bf43e6ca1f17f91f1/window/rect'
11:20:41.994 [Forwarding setCurrentWindowSize on session c19a7fd2d53eb85bf43e6ca1f17f91f1 to remote] DEBUG org.asynchttpclient.netty.request.NettyRequestSender -- Using open Channel [id: 0xc0678dde, L:/127.0.0.1:55884 - R:localhost/127.0.0.1:31006] for POST '/session/c19a7fd2d53eb85bf43e6ca1f17f91f1/window/rect'
11:20:42.101 [AsyncHttpClient-1-17] DEBUG org.asynchttpclient.netty.handler.HttpHandler -- 

Request DefaultHttpRequest(decodeResult: success, version: HTTP/1.1)
POST /session/c19a7fd2d53eb85bf43e6ca1f17f91f1/window/rect HTTP/1.1
User-Agent: selenium/4.5.3 (java unix)
Content-Length: 36
Content-Type: application/json; charset=utf-8
host: localhost:31006
accept: */*

Response DefaultHttpResponse(decodeResult: success, version: HTTP/1.1)
HTTP/1.1 200 OK
Content-Length: 51
Content-Type: application/json; charset=utf-8
cache-control: no-cache

11:20:42.102 [AsyncHttpClient-1-17] DEBUG org.asynchttpclient.netty.channel.ChannelManager -- Adding key: http://localhost:31006 for channel [id: 0xc0678dde, L:/127.0.0.1:55884 - R:localhost/127.0.0.1:31006]
11:20:42.103 [Forwarding findElement on session c19a7fd2d53eb85bf43e6ca1f17f91f1 to remote] DEBUG org.asynchttpclient.netty.request.NettyRequestSender -- Using pooled Channel '[id: 0xc0678dde, L:/127.0.0.1:55884 - R:localhost/127.0.0.1:31006]' for 'POST' to 'http://localhost:31006/session/c19a7fd2d53eb85bf43e6ca1f17f91f1/element'
11:20:42.103 [Forwarding findElement on session c19a7fd2d53eb85bf43e6ca1f17f91f1 to remote] DEBUG org.asynchttpclient.netty.request.NettyRequestSender -- Using open Channel [id: 0xc0678dde, L:/127.0.0.1:55884 - R:localhost/127.0.0.1:31006] for POST '/session/c19a7fd2d53eb85bf43e6ca1f17f91f1/element'
11:20:42.112 [AsyncHttpClient-1-17] DEBUG org.asynchttpclient.netty.handler.HttpHandler -- 

Request DefaultHttpRequest(decodeResult: success, version: HTTP/1.1)
POST /session/c19a7fd2d53eb85bf43e6ca1f17f91f1/element HTTP/1.1
User-Agent: selenium/4.5.3 (java unix)
Content-Length: 51
Content-Type: application/json; charset=utf-8
host: localhost:31006
accept: */*

Response DefaultHttpResponse(decodeResult: success, version: HTTP/1.1)
HTTP/1.1 200 OK
Content-Length: 94
Content-Type: application/json; charset=utf-8
cache-control: no-cache

11:20:42.113 [AsyncHttpClient-1-17] DEBUG org.asynchttpclient.netty.channel.ChannelManager -- Adding key: http://localhost:31006 for channel [id: 0xc0678dde, L:/127.0.0.1:55884 - R:localhost/127.0.0.1:31006]
11:20:42.114 [Forwarding sendKeysToElement on session c19a7fd2d53eb85bf43e6ca1f17f91f1 to remote] DEBUG org.asynchttpclient.netty.request.NettyRequestSender -- Using pooled Channel '[id: 0xc0678dde, L:/127.0.0.1:55884 - R:localhost/127.0.0.1:31006]' for 'POST' to 'http://localhost:31006/session/c19a7fd2d53eb85bf43e6ca1f17f91f1/element/5F4548FE919BBCA8144C31FBA71D5010_element_5/value'
11:20:42.114 [Forwarding sendKeysToElement on session c19a7fd2d53eb85bf43e6ca1f17f91f1 to remote] DEBUG org.asynchttpclient.netty.request.NettyRequestSender -- Using open Channel [id: 0xc0678dde, L:/127.0.0.1:55884 - R:localhost/127.0.0.1:31006] for POST '/session/c19a7fd2d53eb85bf43e6ca1f17f91f1/element/5F4548FE919BBCA8144C31FBA71D5010_element_5/value'
11:20:42.154 [AsyncHttpClient-1-17] DEBUG org.asynchttpclient.netty.handler.HttpHandler -- 

Request DefaultHttpRequest(decodeResult: success, version: HTTP/1.1)
POST /session/c19a7fd2d53eb85bf43e6ca1f17f91f1/element/5F4548FE919BBCA8144C31FBA71D5010_element_5/value HTTP/1.1
User-Agent: selenium/4.5.3 (java unix)
Content-Length: 147
Content-Type: application/json; charset=utf-8
host: localhost:31006
accept: */*

Response DefaultHttpResponse(decodeResult: success, version: HTTP/1.1)
HTTP/1.1 200 OK
Content-Length: 14
Content-Type: application/json; charset=utf-8
cache-control: no-cache

11:20:42.154 [AsyncHttpClient-1-17] DEBUG org.asynchttpclient.netty.channel.ChannelManager -- Adding key: http://localhost:31006 for channel [id: 0xc0678dde, L:/127.0.0.1:55884 - R:localhost/127.0.0.1:31006]
11:20:42.155 [Forwarding findElement on session c19a7fd2d53eb85bf43e6ca1f17f91f1 to remote] DEBUG org.asynchttpclient.netty.request.NettyRequestSender -- Using pooled Channel '[id: 0xc0678dde, L:/127.0.0.1:55884 - R:localhost/127.0.0.1:31006]' for 'POST' to 'http://localhost:31006/session/c19a7fd2d53eb85bf43e6ca1f17f91f1/element'
11:20:42.155 [Forwarding findElement on session c19a7fd2d53eb85bf43e6ca1f17f91f1 to remote] DEBUG org.asynchttpclient.netty.request.NettyRequestSender -- Using open Channel [id: 0xc0678dde, L:/127.0.0.1:55884 - R:localhost/127.0.0.1:31006] for POST '/session/c19a7fd2d53eb85bf43e6ca1f17f91f1/element'
11:20:42.162 [AsyncHttpClient-1-17] DEBUG org.asynchttpclient.netty.handler.HttpHandler -- 

Request DefaultHttpRequest(decodeResult: success, version: HTTP/1.1)
POST /session/c19a7fd2d53eb85bf43e6ca1f17f91f1/element HTTP/1.1
User-Agent: selenium/4.5.3 (java unix)
Content-Length: 57
Content-Type: application/json; charset=utf-8
host: localhost:31006
accept: */*

Response DefaultHttpResponse(decodeResult: success, version: HTTP/1.1)
HTTP/1.1 200 OK
Content-Length: 94
Content-Type: application/json; charset=utf-8
cache-control: no-cache

11:20:42.163 [AsyncHttpClient-1-17] DEBUG org.asynchttpclient.netty.channel.ChannelManager -- Adding key: http://localhost:31006 for channel [id: 0xc0678dde, L:/127.0.0.1:55884 - R:localhost/127.0.0.1:31006]
11:20:42.164 [Forwarding clickElement on session c19a7fd2d53eb85bf43e6ca1f17f91f1 to remote] DEBUG org.asynchttpclient.netty.request.NettyRequestSender -- Using pooled Channel '[id: 0xc0678dde, L:/127.0.0.1:55884 - R:localhost/127.0.0.1:31006]' for 'POST' to 'http://localhost:31006/session/c19a7fd2d53eb85bf43e6ca1f17f91f1/element/5F4548FE919BBCA8144C31FBA71D5010_element_6/click'
11:20:42.164 [Forwarding clickElement on session c19a7fd2d53eb85bf43e6ca1f17f91f1 to remote] DEBUG org.asynchttpclient.netty.request.NettyRequestSender -- Using open Channel [id: 0xc0678dde, L:/127.0.0.1:55884 - R:localhost/127.0.0.1:31006] for POST '/session/c19a7fd2d53eb85bf43e6ca1f17f91f1/element/5F4548FE919BBCA8144C31FBA71D5010_element_6/click'
11:20:42.189 [AsyncHttpClient-1-17] DEBUG org.asynchttpclient.netty.handler.HttpHandler -- 

Request DefaultHttpRequest(decodeResult: success, version: HTTP/1.1)
POST /session/c19a7fd2d53eb85bf43e6ca1f17f91f1/element/5F4548FE919BBCA8144C31FBA71D5010_element_6/click HTTP/1.1
User-Agent: selenium/4.5.3 (java unix)
Content-Length: 56
Content-Type: application/json; charset=utf-8
host: localhost:31006
accept: */*

Response DefaultHttpResponse(decodeResult: success, version: HTTP/1.1)
HTTP/1.1 200 OK
Content-Length: 14
Content-Type: application/json; charset=utf-8
cache-control: no-cache

11:20:42.190 [AsyncHttpClient-1-17] DEBUG org.asynchttpclient.netty.channel.ChannelManager -- Adding key: http://localhost:31006 for channel [id: 0xc0678dde, L:/127.0.0.1:55884 - R:localhost/127.0.0.1:31006]
11:20:42.191 [Forwarding findElement on session a8dab813ec2b22320f5e7a618d397815 to remote] DEBUG org.asynchttpclient.netty.request.NettyRequestSender -- Using pooled Channel '[id: 0x321a49cd, L:/127.0.0.1:52216 - R:localhost/127.0.0.1:5696]' for 'POST' to 'http://localhost:5696/session/a8dab813ec2b22320f5e7a618d397815/element'
11:20:42.191 [Forwarding findElement on session a8dab813ec2b22320f5e7a618d397815 to remote] DEBUG org.asynchttpclient.netty.request.NettyRequestSender -- Using open Channel [id: 0x321a49cd, L:/127.0.0.1:52216 - R:localhost/127.0.0.1:5696] for POST '/session/a8dab813ec2b22320f5e7a618d397815/element'
11:20:42.200 [AsyncHttpClient-1-14] DEBUG org.asynchttpclient.netty.handler.HttpHandler -- 

Request DefaultHttpRequest(decodeResult: success, version: HTTP/1.1)
POST /session/a8dab813ec2b22320f5e7a618d397815/element HTTP/1.1
User-Agent: selenium/4.5.3 (java unix)
Content-Length: 57
Content-Type: application/json; charset=utf-8
host: localhost:5696
accept: */*

Response DefaultHttpResponse(decodeResult: success, version: HTTP/1.1)
HTTP/1.1 200 OK
Content-Length: 94
Content-Type: application/json; charset=utf-8
cache-control: no-cache

11:20:42.200 [AsyncHttpClient-1-14] DEBUG org.asynchttpclient.netty.channel.ChannelManager -- Adding key: http://localhost:5696 for channel [id: 0x321a49cd, L:/127.0.0.1:52216 - R:localhost/127.0.0.1:5696]
11:20:42.201 [Forwarding sendKeysToElement on session a8dab813ec2b22320f5e7a618d397815 to remote] DEBUG org.asynchttpclient.netty.request.NettyRequestSender -- Using pooled Channel '[id: 0x321a49cd, L:/127.0.0.1:52216 - R:localhost/127.0.0.1:5696]' for 'POST' to 'http://localhost:5696/session/a8dab813ec2b22320f5e7a618d397815/element/F8C97144D02424F9A21C0E542612EB2E_element_8/value'
11:20:42.201 [Forwarding sendKeysToElement on session a8dab813ec2b22320f5e7a618d397815 to remote] DEBUG org.asynchttpclient.netty.request.NettyRequestSender -- Using open Channel [id: 0x321a49cd, L:/127.0.0.1:52216 - R:localhost/127.0.0.1:5696] for POST '/session/a8dab813ec2b22320f5e7a618d397815/element/F8C97144D02424F9A21C0E542612EB2E_element_8/value'
11:20:42.224 [AsyncHttpClient-1-14] DEBUG org.asynchttpclient.netty.handler.HttpHandler -- 

Request DefaultHttpRequest(decodeResult: success, version: HTTP/1.1)
POST /session/a8dab813ec2b22320f5e7a618d397815/element/F8C97144D02424F9A21C0E542612EB2E_element_8/value HTTP/1.1
User-Agent: selenium/4.5.3 (java unix)
Content-Length: 127
Content-Type: application/json; charset=utf-8
host: localhost:5696
accept: */*

Response DefaultHttpResponse(decodeResult: success, version: HTTP/1.1)
HTTP/1.1 200 OK
Content-Length: 14
Content-Type: application/json; charset=utf-8
cache-control: no-cache

11:20:42.224 [AsyncHttpClient-1-14] DEBUG org.asynchttpclient.netty.channel.ChannelManager -- Adding key: http://localhost:5696 for channel [id: 0x321a49cd, L:/127.0.0.1:52216 - R:localhost/127.0.0.1:5696]
11:20:42.227 [Forwarding sendKeysToElement on session a8dab813ec2b22320f5e7a618d397815 to remote] DEBUG org.asynchttpclient.netty.request.NettyRequestSender -- Using pooled Channel '[id: 0x321a49cd, L:/127.0.0.1:52216 - R:localhost/127.0.0.1:5696]' for 'POST' to 'http://localhost:5696/session/a8dab813ec2b22320f5e7a618d397815/element/F8C97144D02424F9A21C0E542612EB2E_element_8/value'
11:20:42.227 [Forwarding sendKeysToElement on session a8dab813ec2b22320f5e7a618d397815 to remote] DEBUG org.asynchttpclient.netty.request.NettyRequestSender -- Using open Channel [id: 0x321a49cd, L:/127.0.0.1:52216 - R:localhost/127.0.0.1:5696] for POST '/session/a8dab813ec2b22320f5e7a618d397815/element/F8C97144D02424F9A21C0E542612EB2E_element_8/value'
11:20:42.241 [AsyncHttpClient-1-14] DEBUG org.asynchttpclient.netty.handler.HttpHandler -- 

Request DefaultHttpRequest(decodeResult: success, version: HTTP/1.1)
POST /session/a8dab813ec2b22320f5e7a618d397815/element/F8C97144D02424F9A21C0E542612EB2E_element_8/value HTTP/1.1
User-Agent: selenium/4.5.3 (java unix)
Content-Length: 101
Content-Type: application/json; charset=utf-8
host: localhost:5696
accept: */*

Response DefaultHttpResponse(decodeResult: success, version: HTTP/1.1)
HTTP/1.1 200 OK
Content-Length: 14
Content-Type: application/json; charset=utf-8
cache-control: no-cache

11:20:42.241 [AsyncHttpClient-1-14] DEBUG org.asynchttpclient.netty.channel.ChannelManager -- Adding key: http://localhost:5696 for channel [id: 0x321a49cd, L:/127.0.0.1:52216 - R:localhost/127.0.0.1:5696]
11:20:42.242 [Forwarding findElement on session c19a7fd2d53eb85bf43e6ca1f17f91f1 to remote] DEBUG org.asynchttpclient.netty.request.NettyRequestSender -- Using pooled Channel '[id: 0xc0678dde, L:/127.0.0.1:55884 - R:localhost/127.0.0.1:31006]' for 'POST' to 'http://localhost:31006/session/c19a7fd2d53eb85bf43e6ca1f17f91f1/element'
11:20:42.243 [Forwarding findElement on session c19a7fd2d53eb85bf43e6ca1f17f91f1 to remote] DEBUG org.asynchttpclient.netty.request.NettyRequestSender -- Using open Channel [id: 0xc0678dde, L:/127.0.0.1:55884 - R:localhost/127.0.0.1:31006] for POST '/session/c19a7fd2d53eb85bf43e6ca1f17f91f1/element'
11:20:42.249 [AsyncHttpClient-1-17] DEBUG org.asynchttpclient.netty.handler.HttpHandler -- 

Request DefaultHttpRequest(decodeResult: success, version: HTTP/1.1)
POST /session/c19a7fd2d53eb85bf43e6ca1f17f91f1/element HTTP/1.1
User-Agent: selenium/4.5.3 (java unix)
Content-Length: 57
Content-Type: application/json; charset=utf-8
host: localhost:31006
accept: */*

Response DefaultHttpResponse(decodeResult: success, version: HTTP/1.1)
HTTP/1.1 200 OK
Content-Length: 94
Content-Type: application/json; charset=utf-8
cache-control: no-cache

11:20:42.250 [AsyncHttpClient-1-17] DEBUG org.asynchttpclient.netty.channel.ChannelManager -- Adding key: http://localhost:31006 for channel [id: 0xc0678dde, L:/127.0.0.1:55884 - R:localhost/127.0.0.1:31006]
11:20:42.251 [Forwarding sendKeysToElement on session c19a7fd2d53eb85bf43e6ca1f17f91f1 to remote] DEBUG org.asynchttpclient.netty.request.NettyRequestSender -- Using pooled Channel '[id: 0xc0678dde, L:/127.0.0.1:55884 - R:localhost/127.0.0.1:31006]' for 'POST' to 'http://localhost:31006/session/c19a7fd2d53eb85bf43e6ca1f17f91f1/element/5F4548FE919BBCA8144C31FBA71D5010_element_9/value'
11:20:42.251 [Forwarding sendKeysToElement on session c19a7fd2d53eb85bf43e6ca1f17f91f1 to remote] DEBUG org.asynchttpclient.netty.request.NettyRequestSender -- Using open Channel [id: 0xc0678dde, L:/127.0.0.1:55884 - R:localhost/127.0.0.1:31006] for POST '/session/c19a7fd2d53eb85bf43e6ca1f17f91f1/element/5F4548FE919BBCA8144C31FBA71D5010_element_9/value'
11:20:42.276 [AsyncHttpClient-1-17] DEBUG org.asynchttpclient.netty.handler.HttpHandler -- 

Request DefaultHttpRequest(decodeResult: success, version: HTTP/1.1)
POST /session/c19a7fd2d53eb85bf43e6ca1f17f91f1/element/5F4548FE919BBCA8144C31FBA71D5010_element_9/value HTTP/1.1
User-Agent: selenium/4.5.3 (java unix)
Content-Length: 137
Content-Type: application/json; charset=utf-8
host: localhost:31006
accept: */*

Response DefaultHttpResponse(decodeResult: success, version: HTTP/1.1)
HTTP/1.1 200 OK
Content-Length: 14
Content-Type: application/json; charset=utf-8
cache-control: no-cache

11:20:42.276 [AsyncHttpClient-1-17] DEBUG org.asynchttpclient.netty.channel.ChannelManager -- Adding key: http://localhost:31006 for channel [id: 0xc0678dde, L:/127.0.0.1:55884 - R:localhost/127.0.0.1:31006]
11:20:42.277 [Forwarding sendKeysToElement on session c19a7fd2d53eb85bf43e6ca1f17f91f1 to remote] DEBUG org.asynchttpclient.netty.request.NettyRequestSender -- Using pooled Channel '[id: 0xc0678dde, L:/127.0.0.1:55884 - R:localhost/127.0.0.1:31006]' for 'POST' to 'http://localhost:31006/session/c19a7fd2d53eb85bf43e6ca1f17f91f1/element/5F4548FE919BBCA8144C31FBA71D5010_element_9/value'
11:20:42.277 [Forwarding sendKeysToElement on session c19a7fd2d53eb85bf43e6ca1f17f91f1 to remote] DEBUG org.asynchttpclient.netty.request.NettyRequestSender -- Using open Channel [id: 0xc0678dde, L:/127.0.0.1:55884 - R:localhost/127.0.0.1:31006] for POST '/session/c19a7fd2d53eb85bf43e6ca1f17f91f1/element/5F4548FE919BBCA8144C31FBA71D5010_element_9/value'
11:20:42.291 [AsyncHttpClient-1-17] DEBUG org.asynchttpclient.netty.handler.HttpHandler -- 

Request DefaultHttpRequest(decodeResult: success, version: HTTP/1.1)
POST /session/c19a7fd2d53eb85bf43e6ca1f17f91f1/element/5F4548FE919BBCA8144C31FBA71D5010_element_9/value HTTP/1.1
User-Agent: selenium/4.5.3 (java unix)
Content-Length: 101
Content-Type: application/json; charset=utf-8
host: localhost:31006
accept: */*

Response DefaultHttpResponse(decodeResult: success, version: HTTP/1.1)
HTTP/1.1 200 OK
Content-Length: 14
Content-Type: application/json; charset=utf-8
cache-control: no-cache

11:20:42.291 [AsyncHttpClient-1-17] DEBUG org.asynchttpclient.netty.channel.ChannelManager -- Adding key: http://localhost:31006 for channel [id: 0xc0678dde, L:/127.0.0.1:55884 - R:localhost/127.0.0.1:31006]
11:20:42.794 [Forwarding findElement on session a8dab813ec2b22320f5e7a618d397815 to remote] DEBUG org.asynchttpclient.netty.request.NettyRequestSender -- Using pooled Channel '[id: 0x321a49cd, L:/127.0.0.1:52216 - R:localhost/127.0.0.1:5696]' for 'POST' to 'http://localhost:5696/session/a8dab813ec2b22320f5e7a618d397815/element'
11:20:42.794 [Forwarding findElement on session a8dab813ec2b22320f5e7a618d397815 to remote] DEBUG org.asynchttpclient.netty.request.NettyRequestSender -- Using open Channel [id: 0x321a49cd, L:/127.0.0.1:52216 - R:localhost/127.0.0.1:5696] for POST '/session/a8dab813ec2b22320f5e7a618d397815/element'
11:20:42.794 [AsyncHttpClient-1-1] DEBUG org.asynchttpclient.netty.channel.DefaultChannelPool -- Entry count for : http://localhost:35021 : 1
11:20:42.794 [AsyncHttpClient-1-1] DEBUG org.asynchttpclient.netty.channel.DefaultChannelPool -- Entry count for : http://localhost:31006 : 1
11:20:42.794 [AsyncHttpClient-1-1] DEBUG org.asynchttpclient.netty.channel.DefaultChannelPool -- Entry count for : http://localhost:34947 : 1
11:20:42.806 [AsyncHttpClient-1-14] DEBUG org.asynchttpclient.netty.handler.HttpHandler -- 

Request DefaultHttpRequest(decodeResult: success, version: HTTP/1.1)
POST /session/a8dab813ec2b22320f5e7a618d397815/element HTTP/1.1
User-Agent: selenium/4.5.3 (java unix)
Content-Length: 53
Content-Type: application/json; charset=utf-8
host: localhost:5696
accept: */*

Response DefaultHttpResponse(decodeResult: success, version: HTTP/1.1)
HTTP/1.1 200 OK
Content-Length: 95
Content-Type: application/json; charset=utf-8
cache-control: no-cache

11:20:42.806 [AsyncHttpClient-1-14] DEBUG org.asynchttpclient.netty.channel.ChannelManager -- Adding key: http://localhost:5696 for channel [id: 0x321a49cd, L:/127.0.0.1:52216 - R:localhost/127.0.0.1:5696]
11:20:42.807 [Forwarding getElementText on session a8dab813ec2b22320f5e7a618d397815 to remote] DEBUG org.asynchttpclient.netty.request.NettyRequestSender -- Using pooled Channel '[id: 0x321a49cd, L:/127.0.0.1:52216 - R:localhost/127.0.0.1:5696]' for 'GET' to 'http://localhost:5696/session/a8dab813ec2b22320f5e7a618d397815/element/F8C97144D02424F9A21C0E542612EB2E_element_10/text'
11:20:42.807 [Forwarding getElementText on session a8dab813ec2b22320f5e7a618d397815 to remote] DEBUG org.asynchttpclient.netty.request.NettyRequestSender -- Using open Channel [id: 0x321a49cd, L:/127.0.0.1:52216 - R:localhost/127.0.0.1:5696] for GET '/session/a8dab813ec2b22320f5e7a618d397815/element/F8C97144D02424F9A21C0E542612EB2E_element_10/text'
11:20:42.819 [AsyncHttpClient-1-14] DEBUG org.asynchttpclient.netty.handler.HttpHandler -- 

Request DefaultFullHttpRequest(decodeResult: success, version: HTTP/1.1, content: EmptyByteBufBE)
GET /session/a8dab813ec2b22320f5e7a618d397815/element/F8C97144D02424F9A21C0E542612EB2E_element_10/text HTTP/1.1
User-Agent: selenium/4.5.3 (java unix)
Cache-Control: no-cache
Content-Type: application/json; charset=utf-8
host: localhost:5696
accept: */*

Response DefaultHttpResponse(decodeResult: success, version: HTTP/1.1)
HTTP/1.1 200 OK
Content-Length: 61
Content-Type: application/json; charset=utf-8
cache-control: no-cache

11:20:42.819 [AsyncHttpClient-1-14] DEBUG org.asynchttpclient.netty.channel.ChannelManager -- Adding key: http://localhost:5696 for channel [id: 0x321a49cd, L:/127.0.0.1:52216 - R:localhost/127.0.0.1:5696]
11:20:42.821 [AsyncHttpClient-1-16] DEBUG org.asynchttpclient.netty.handler.WebSocketHandler -- Channel Closed: [id: 0x7f1d958b, L:/127.0.0.1:60204 ! R:localhost/127.0.0.1:35021] with attribute NettyResponseFuture{currentRetry=0,
	isDone=1,
	isCancelled=0,
	asyncHandler=org.asynchttpclient.ws.WebSocketUpgradeHandler@15a868ca,
	nettyRequest=org.asynchttpclient.netty.request.NettyRequest@50aae41b,
	future=java.util.concurrent.CompletableFuture@4ff87067[Completed normally],
	uri=ws://localhost:35021/devtools/browser/a76811f9-8053-4ebc-8c96-5bb5b356035f,
	keepAlive=true,
	redirectCount=0,
	timeoutsHolder=null,
	inAuth=0,
	touch=1683192041304}
11:20:42.821 [AsyncHttpClient-1-16] DEBUG org.asynchttpclient.netty.channel.ChannelManager -- Closing Channel [id: 0x7f1d958b, L:/127.0.0.1:60204 ! R:localhost/127.0.0.1:35021] 
11:20:42.821 [Driver Command Executor] DEBUG org.asynchttpclient.netty.request.NettyRequestSender -- Using pooled Channel '[id: 0x321a49cd, L:/127.0.0.1:52216 - R:localhost/127.0.0.1:5696]' for 'DELETE' to 'http://localhost:5696/session/a8dab813ec2b22320f5e7a618d397815'
11:20:42.821 [Driver Command Executor] DEBUG org.asynchttpclient.netty.request.NettyRequestSender -- Using open Channel [id: 0x321a49cd, L:/127.0.0.1:52216 - R:localhost/127.0.0.1:5696] for DELETE '/session/a8dab813ec2b22320f5e7a618d397815'
11:20:42.827 [AsyncHttpClient-1-15] DEBUG org.asynchttpclient.netty.handler.HttpHandler -- Channel Closed: [id: 0x7c444db8, L:/127.0.0.1:60194 ! R:localhost/127.0.0.1:35021] with attribute DISCARD
11:20:42.874 [AsyncHttpClient-1-14] DEBUG org.asynchttpclient.netty.handler.HttpHandler -- 

Request DefaultFullHttpRequest(decodeResult: success, version: HTTP/1.1, content: EmptyByteBufBE)
DELETE /session/a8dab813ec2b22320f5e7a618d397815 HTTP/1.1
User-Agent: selenium/4.5.3 (java unix)
Content-Type: application/json; charset=utf-8
host: localhost:5696
accept: */*

Response DefaultHttpResponse(decodeResult: success, version: HTTP/1.1)
HTTP/1.1 200 OK
Content-Length: 14
Content-Type: application/json; charset=utf-8
cache-control: no-cache

11:20:42.875 [AsyncHttpClient-1-14] DEBUG org.asynchttpclient.netty.channel.ChannelManager -- Adding key: http://localhost:5696 for channel [id: 0x321a49cd, L:/127.0.0.1:52216 - R:localhost/127.0.0.1:5696]
11:20:42.891 [AsyncHttpClient-1-14] DEBUG org.asynchttpclient.netty.handler.HttpHandler -- Channel Closed: [id: 0x321a49cd, L:/127.0.0.1:52216 ! R:localhost/127.0.0.1:5696] with attribute DISCARD
11:20:42.935 [AsyncHttpClient-1-19] DEBUG org.asynchttpclient.netty.handler.WebSocketHandler -- Channel Closed: [id: 0xd3c6567a, L:/127.0.0.1:49902 ! R:localhost/127.0.0.1:34947] with attribute NettyResponseFuture{currentRetry=0,
	isDone=1,
	isCancelled=0,
	asyncHandler=org.asynchttpclient.ws.WebSocketUpgradeHandler@c138e85,
	nettyRequest=org.asynchttpclient.netty.request.NettyRequest@49110163,
	future=java.util.concurrent.CompletableFuture@100c81f9[Completed normally],
	uri=ws://localhost:34947/devtools/browser/3258dd76-d9eb-47a9-b1c8-359c28c990d1,
	keepAlive=true,
	redirectCount=0,
	timeoutsHolder=null,
	inAuth=0,
	touch=1683192041659}
11:20:42.936 [AsyncHttpClient-1-19] DEBUG org.asynchttpclient.netty.channel.ChannelManager -- Closing Channel [id: 0xd3c6567a, L:/127.0.0.1:49902 ! R:localhost/127.0.0.1:34947] 
11:20:42.936 [Driver Command Executor] DEBUG org.asynchttpclient.netty.request.NettyRequestSender -- Using pooled Channel '[id: 0xc0678dde, L:/127.0.0.1:55884 - R:localhost/127.0.0.1:31006]' for 'DELETE' to 'http://localhost:31006/session/c19a7fd2d53eb85bf43e6ca1f17f91f1'
11:20:42.936 [Driver Command Executor] DEBUG org.asynchttpclient.netty.request.NettyRequestSender -- Using open Channel [id: 0xc0678dde, L:/127.0.0.1:55884 - R:localhost/127.0.0.1:31006] for DELETE '/session/c19a7fd2d53eb85bf43e6ca1f17f91f1'
11:20:42.972 [AsyncHttpClient-1-18] DEBUG org.asynchttpclient.netty.handler.HttpHandler -- Channel Closed: [id: 0xe97525f0, L:/127.0.0.1:49892 ! R:localhost/127.0.0.1:34947] with attribute DISCARD
11:20:42.991 [AsyncHttpClient-1-17] DEBUG org.asynchttpclient.netty.handler.HttpHandler -- 

Request DefaultFullHttpRequest(decodeResult: success, version: HTTP/1.1, content: EmptyByteBufBE)
DELETE /session/c19a7fd2d53eb85bf43e6ca1f17f91f1 HTTP/1.1
User-Agent: selenium/4.5.3 (java unix)
Content-Type: application/json; charset=utf-8
host: localhost:31006
accept: */*

Response DefaultHttpResponse(decodeResult: success, version: HTTP/1.1)
HTTP/1.1 200 OK
Content-Length: 14
Content-Type: application/json; charset=utf-8
cache-control: no-cache

11:20:42.991 [AsyncHttpClient-1-17] DEBUG org.asynchttpclient.netty.channel.ChannelManager -- Adding key: http://localhost:31006 for channel [id: 0xc0678dde, L:/127.0.0.1:55884 - R:localhost/127.0.0.1:31006]
11:20:42.995 [AsyncHttpClient-1-17] DEBUG org.asynchttpclient.netty.handler.HttpHandler -- Channel Closed: [id: 0xc0678dde, L:/127.0.0.1:55884 ! R:localhost/127.0.0.1:31006] with attribute DISCARD
]]></system-out>
    <system-err><![CDATA[Starting ChromeDriver 113.0.5672.63 (0e1a4471d5ae5bf128b1bd8f4d627c8cbd55f70c-refs/branch-heads/5672@{#912}) on port 5696
Only local connections are allowed.
Please see https://chromedriver.chromium.org/security-considerations for suggestions on keeping ChromeDriver safe.
ChromeDriver was started successfully.
may 04, 2023 11:20:41 A. M. org.openqa.selenium.devtools.CdpVersionFinder findNearestMatch
ADVERTENCIA: Unable to find CDP implementation matching 113
may 04, 2023 11:20:41 A. M. org.openqa.selenium.chromium.ChromiumDriver lambda$new$3
ADVERTENCIA: Unable to find version of CDP to use for . You may need to include a dependency on a specific version of the CDP using something similar to `org.seleniumhq.selenium:selenium-devtools-v86:4.5.3` where the version ("v86") matches the version of the chromium-based browser you're using and the version number of the artifact is the same as Selenium's.
Starting ChromeDriver 113.0.5672.63 (0e1a4471d5ae5bf128b1bd8f4d627c8cbd55f70c-refs/branch-heads/5672@{#912}) on port 31006
Only local connections are allowed.
Please see https://chromedriver.chromium.org/security-considerations for suggestions on keeping ChromeDriver safe.
ChromeDriver was started successfully.
may 04, 2023 11:20:41 A. M. org.openqa.selenium.devtools.CdpVersionFinder findNearestMatch
ADVERTENCIA: Unable to find CDP implementation matching 113
may 04, 2023 11:20:41 A. M. org.openqa.selenium.chromium.ChromiumDriver lambda$new$3
ADVERTENCIA: Unable to find version of CDP to use for . You may need to include a dependency on a specific version of the CDP using something similar to `org.seleniumhq.selenium:selenium-devtools-v86:4.5.3` where the version ("v86") matches the version of the chromium-based browser you're using and the version number of the artifact is the same as Selenium's.
]]></system-err>
  </testcase>
  <testcase name="mensaje" classname="es.uma.informatica.sii.practica.websockets.tests.WebsocketsIT" time="2.223">
    <system-out><![CDATA[11:20:43.067 [AsyncHttpClient-1-20] DEBUG org.asynchttpclient.netty.channel.NettyConnectListener -- Using new Channel '[id: 0xb5f8756b, L:/127.0.0.1:46726 - R:localhost/127.0.0.1:15092]' for 'POST' to '/session'
11:20:43.372 [AsyncHttpClient-1-20] DEBUG org.asynchttpclient.netty.handler.HttpHandler -- 

Request DefaultHttpRequest(decodeResult: success, version: HTTP/1.1)
POST /session HTTP/1.1
User-Agent: selenium/4.5.3 (java unix)
Content-Length: 439
Content-Type: application/json; charset=utf-8
host: localhost:15092
accept: */*

Response DefaultHttpResponse(decodeResult: success, version: HTTP/1.1)
HTTP/1.1 200 OK
Content-Length: 821
Content-Type: application/json; charset=utf-8
cache-control: no-cache

11:20:43.373 [AsyncHttpClient-1-20] DEBUG org.asynchttpclient.netty.channel.ChannelManager -- Adding key: http://localhost:15092 for channel [id: 0xb5f8756b, L:/127.0.0.1:46726 - R:localhost/127.0.0.1:15092]
11:20:43.376 [AsyncHttpClient-1-21] DEBUG org.asynchttpclient.netty.channel.NettyConnectListener -- Using new Channel '[id: 0x840dcbae, L:/127.0.0.1:45832 - R:localhost/127.0.0.1:34757]' for 'GET' to '/json/version'
11:20:43.399 [AsyncHttpClient-1-21] DEBUG org.asynchttpclient.netty.handler.HttpHandler -- 

Request DefaultFullHttpRequest(decodeResult: success, version: HTTP/1.1, content: EmptyByteBufBE)
GET /json/version HTTP/1.1
User-Agent: selenium/4.5.3 (java unix)
host: localhost:34757
accept: */*

Response DefaultHttpResponse(decodeResult: success, version: HTTP/1.1)
HTTP/1.1 200 OK
Content-Security-Policy: frame-ancestors 'none'
Content-Length: 404
Content-Type: application/json; charset=UTF-8

11:20:43.401 [AsyncHttpClient-1-21] DEBUG org.asynchttpclient.netty.channel.ChannelManager -- Adding key: http://localhost:34757 for channel [id: 0x840dcbae, L:/127.0.0.1:45832 - R:localhost/127.0.0.1:34757]
11:20:43.412 [AsyncHttpClient-1-22] DEBUG org.asynchttpclient.netty.channel.NettyConnectListener -- Using new Channel '[id: 0xedb9da48, L:/127.0.0.1:45844 - R:localhost/127.0.0.1:34757]' for 'GET' to '/devtools/browser/a0dc09ad-b55a-45fc-8c96-c6159673c7ad'
11:20:43.426 [AsyncHttpClient-1-22] DEBUG org.asynchttpclient.netty.handler.WebSocketHandler -- 

Request DefaultFullHttpRequest(decodeResult: success, version: HTTP/1.1, content: EmptyByteBufBE)
GET /devtools/browser/a0dc09ad-b55a-45fc-8c96-c6159673c7ad HTTP/1.1
upgrade: websocket
connection: upgrade
sec-websocket-key: XJq9nVxOQVjjRoXtoiJkQQ==
sec-websocket-version: 13
origin: http://localhost:34757
host: localhost:34757
accept: */*
user-agent: AHC/2.1

Response DefaultHttpResponse(decodeResult: success, version: HTTP/1.1)
HTTP/1.1 101 WebSocket Protocol Handshake
Upgrade: WebSocket
Connection: Upgrade
Sec-WebSocket-Accept: 4Fd+KpmYx0nsXI+PQzW+vJQWlRw=

11:20:43.454 [AsyncHttpClient-1-23] DEBUG org.asynchttpclient.netty.channel.NettyConnectListener -- Using new Channel '[id: 0xbcf81df0, L:/127.0.0.1:36354 - R:localhost/127.0.0.1:23023]' for 'POST' to '/session'
11:20:43.721 [AsyncHttpClient-1-23] DEBUG org.asynchttpclient.netty.handler.HttpHandler -- 

Request DefaultHttpRequest(decodeResult: success, version: HTTP/1.1)
POST /session HTTP/1.1
User-Agent: selenium/4.5.3 (java unix)
Content-Length: 439
Content-Type: application/json; charset=utf-8
host: localhost:23023
accept: */*

Response DefaultHttpResponse(decodeResult: success, version: HTTP/1.1)
HTTP/1.1 200 OK
Content-Length: 821
Content-Type: application/json; charset=utf-8
cache-control: no-cache

11:20:43.722 [AsyncHttpClient-1-23] DEBUG org.asynchttpclient.netty.channel.ChannelManager -- Adding key: http://localhost:23023 for channel [id: 0xbcf81df0, L:/127.0.0.1:36354 - R:localhost/127.0.0.1:23023]
11:20:43.725 [AsyncHttpClient-1-24] DEBUG org.asynchttpclient.netty.channel.NettyConnectListener -- Using new Channel '[id: 0x79b92299, L:/127.0.0.1:41802 - R:localhost/127.0.0.1:38637]' for 'GET' to '/json/version'
11:20:43.739 [AsyncHttpClient-1-24] DEBUG org.asynchttpclient.netty.handler.HttpHandler -- 

Request DefaultFullHttpRequest(decodeResult: success, version: HTTP/1.1, content: EmptyByteBufBE)
GET /json/version HTTP/1.1
User-Agent: selenium/4.5.3 (java unix)
host: localhost:38637
accept: */*

Response DefaultHttpResponse(decodeResult: success, version: HTTP/1.1)
HTTP/1.1 200 OK
Content-Security-Policy: frame-ancestors 'none'
Content-Length: 404
Content-Type: application/json; charset=UTF-8

11:20:43.739 [AsyncHttpClient-1-24] DEBUG org.asynchttpclient.netty.channel.ChannelManager -- Adding key: http://localhost:38637 for channel [id: 0x79b92299, L:/127.0.0.1:41802 - R:localhost/127.0.0.1:38637]
11:20:43.741 [AsyncHttpClient-1-25] DEBUG org.asynchttpclient.netty.channel.NettyConnectListener -- Using new Channel '[id: 0x6e8c99f1, L:/127.0.0.1:41814 - R:localhost/127.0.0.1:38637]' for 'GET' to '/devtools/browser/dcbd8f33-863e-4ac9-9b2f-5e4b7bb144f5'
11:20:43.743 [AsyncHttpClient-1-25] DEBUG org.asynchttpclient.netty.handler.WebSocketHandler -- 

Request DefaultFullHttpRequest(decodeResult: success, version: HTTP/1.1, content: EmptyByteBufBE)
GET /devtools/browser/dcbd8f33-863e-4ac9-9b2f-5e4b7bb144f5 HTTP/1.1
upgrade: websocket
connection: upgrade
sec-websocket-key: vGmEGQA1xRkDEl9rLIHW+g==
sec-websocket-version: 13
origin: http://localhost:38637
host: localhost:38637
accept: */*
user-agent: AHC/2.1

Response DefaultHttpResponse(decodeResult: success, version: HTTP/1.1)
HTTP/1.1 101 WebSocket Protocol Handshake
Upgrade: WebSocket
Connection: Upgrade
Sec-WebSocket-Accept: /nr986vs7wZo1LPsqpeG3PAi7dE=

11:20:43.746 [Forwarding get on session aa4e9be83737882b9120b5e961f3dc66 to remote] DEBUG org.asynchttpclient.netty.request.NettyRequestSender -- Using pooled Channel '[id: 0xb5f8756b, L:/127.0.0.1:46726 - R:localhost/127.0.0.1:15092]' for 'POST' to 'http://localhost:15092/session/aa4e9be83737882b9120b5e961f3dc66/url'
11:20:43.746 [Forwarding get on session aa4e9be83737882b9120b5e961f3dc66 to remote] DEBUG org.asynchttpclient.netty.request.NettyRequestSender -- Using open Channel [id: 0xb5f8756b, L:/127.0.0.1:46726 - R:localhost/127.0.0.1:15092] for POST '/session/aa4e9be83737882b9120b5e961f3dc66/url'
11:20:43.794 [AsyncHttpClient-1-20] DEBUG org.asynchttpclient.netty.handler.HttpHandler -- 

Request DefaultHttpRequest(decodeResult: success, version: HTTP/1.1)
POST /session/aa4e9be83737882b9120b5e961f3dc66/url HTTP/1.1
User-Agent: selenium/4.5.3 (java unix)
Content-Length: 62
Content-Type: application/json; charset=utf-8
host: localhost:15092
accept: */*

Response DefaultHttpResponse(decodeResult: success, version: HTTP/1.1)
HTTP/1.1 200 OK
Content-Length: 14
Content-Type: application/json; charset=utf-8
cache-control: no-cache

11:20:43.794 [AsyncHttpClient-1-20] DEBUG org.asynchttpclient.netty.channel.ChannelManager -- Adding key: http://localhost:15092 for channel [id: 0xb5f8756b, L:/127.0.0.1:46726 - R:localhost/127.0.0.1:15092]
11:20:43.795 [Forwarding setCurrentWindowSize on session aa4e9be83737882b9120b5e961f3dc66 to remote] DEBUG org.asynchttpclient.netty.request.NettyRequestSender -- Using pooled Channel '[id: 0xb5f8756b, L:/127.0.0.1:46726 - R:localhost/127.0.0.1:15092]' for 'POST' to 'http://localhost:15092/session/aa4e9be83737882b9120b5e961f3dc66/window/rect'
11:20:43.795 [Forwarding setCurrentWindowSize on session aa4e9be83737882b9120b5e961f3dc66 to remote] DEBUG org.asynchttpclient.netty.request.NettyRequestSender -- Using open Channel [id: 0xb5f8756b, L:/127.0.0.1:46726 - R:localhost/127.0.0.1:15092] for POST '/session/aa4e9be83737882b9120b5e961f3dc66/window/rect'
11:20:43.895 [AsyncHttpClient-1-1] DEBUG org.asynchttpclient.netty.channel.DefaultChannelPool -- Entry count for : http://localhost:35021 : 1
11:20:43.895 [AsyncHttpClient-1-1] DEBUG org.asynchttpclient.netty.channel.DefaultChannelPool -- Entry count for : http://localhost:34757 : 1
11:20:43.896 [AsyncHttpClient-1-1] DEBUG org.asynchttpclient.netty.channel.DefaultChannelPool -- Entry count for : http://localhost:5696 : 1
11:20:43.896 [AsyncHttpClient-1-1] DEBUG org.asynchttpclient.netty.channel.DefaultChannelPool -- Entry count for : http://localhost:31006 : 1
11:20:43.896 [AsyncHttpClient-1-1] DEBUG org.asynchttpclient.netty.channel.DefaultChannelPool -- Entry count for : http://localhost:38637 : 1
11:20:43.896 [AsyncHttpClient-1-1] DEBUG org.asynchttpclient.netty.channel.DefaultChannelPool -- Entry count for : http://localhost:23023 : 1
11:20:43.896 [AsyncHttpClient-1-1] DEBUG org.asynchttpclient.netty.channel.DefaultChannelPool -- Entry count for : http://localhost:34947 : 1
11:20:43.896 [AsyncHttpClient-1-1] DEBUG org.asynchttpclient.netty.channel.DefaultChannelPool -- Adding Candidate expired Channel [id: 0x7c444db8, L:/127.0.0.1:60194 ! R:localhost/127.0.0.1:35021] isIdleTimeoutExpired=false isRemotelyClosed=true isTtlExpired=false
11:20:43.897 [AsyncHttpClient-1-1] DEBUG org.asynchttpclient.netty.channel.DefaultChannelPool -- Closing Idle Channel [id: 0x7c444db8, L:/127.0.0.1:60194 ! R:localhost/127.0.0.1:35021]
11:20:43.897 [AsyncHttpClient-1-1] DEBUG org.asynchttpclient.netty.channel.DefaultChannelPool -- Adding Candidate expired Channel [id: 0x321a49cd, L:/127.0.0.1:52216 ! R:localhost/127.0.0.1:5696] isIdleTimeoutExpired=false isRemotelyClosed=true isTtlExpired=false
11:20:43.897 [AsyncHttpClient-1-1] DEBUG org.asynchttpclient.netty.channel.DefaultChannelPool -- Closing Idle Channel [id: 0x321a49cd, L:/127.0.0.1:52216 ! R:localhost/127.0.0.1:5696]
11:20:43.898 [AsyncHttpClient-1-1] DEBUG org.asynchttpclient.netty.channel.DefaultChannelPool -- Adding Candidate expired Channel [id: 0xc0678dde, L:/127.0.0.1:55884 ! R:localhost/127.0.0.1:31006] isIdleTimeoutExpired=false isRemotelyClosed=true isTtlExpired=false
11:20:43.898 [AsyncHttpClient-1-1] DEBUG org.asynchttpclient.netty.channel.DefaultChannelPool -- Closing Idle Channel [id: 0xc0678dde, L:/127.0.0.1:55884 ! R:localhost/127.0.0.1:31006]
11:20:43.898 [AsyncHttpClient-1-1] DEBUG org.asynchttpclient.netty.channel.DefaultChannelPool -- Adding Candidate expired Channel [id: 0xe97525f0, L:/127.0.0.1:49892 ! R:localhost/127.0.0.1:34947] isIdleTimeoutExpired=false isRemotelyClosed=true isTtlExpired=false
11:20:43.898 [AsyncHttpClient-1-1] DEBUG org.asynchttpclient.netty.channel.DefaultChannelPool -- Closing Idle Channel [id: 0xe97525f0, L:/127.0.0.1:49892 ! R:localhost/127.0.0.1:34947]
11:20:43.898 [AsyncHttpClient-1-1] DEBUG org.asynchttpclient.netty.channel.DefaultChannelPool -- Closed 4 connections out of 7 in 2 ms
11:20:43.906 [AsyncHttpClient-1-20] DEBUG org.asynchttpclient.netty.handler.HttpHandler -- 

Request DefaultHttpRequest(decodeResult: success, version: HTTP/1.1)
POST /session/aa4e9be83737882b9120b5e961f3dc66/window/rect HTTP/1.1
User-Agent: selenium/4.5.3 (java unix)
Content-Length: 36
Content-Type: application/json; charset=utf-8
host: localhost:15092
accept: */*

Response DefaultHttpResponse(decodeResult: success, version: HTTP/1.1)
HTTP/1.1 200 OK
Content-Length: 51
Content-Type: application/json; charset=utf-8
cache-control: no-cache

11:20:43.908 [AsyncHttpClient-1-20] DEBUG org.asynchttpclient.netty.channel.ChannelManager -- Adding key: http://localhost:15092 for channel [id: 0xb5f8756b, L:/127.0.0.1:46726 - R:localhost/127.0.0.1:15092]
11:20:43.916 [Forwarding findElement on session aa4e9be83737882b9120b5e961f3dc66 to remote] DEBUG org.asynchttpclient.netty.request.NettyRequestSender -- Using pooled Channel '[id: 0xb5f8756b, L:/127.0.0.1:46726 - R:localhost/127.0.0.1:15092]' for 'POST' to 'http://localhost:15092/session/aa4e9be83737882b9120b5e961f3dc66/element'
11:20:43.917 [Forwarding findElement on session aa4e9be83737882b9120b5e961f3dc66 to remote] DEBUG org.asynchttpclient.netty.request.NettyRequestSender -- Using open Channel [id: 0xb5f8756b, L:/127.0.0.1:46726 - R:localhost/127.0.0.1:15092] for POST '/session/aa4e9be83737882b9120b5e961f3dc66/element'
11:20:43.947 [AsyncHttpClient-1-20] DEBUG org.asynchttpclient.netty.handler.HttpHandler -- 

Request DefaultHttpRequest(decodeResult: success, version: HTTP/1.1)
POST /session/aa4e9be83737882b9120b5e961f3dc66/element HTTP/1.1
User-Agent: selenium/4.5.3 (java unix)
Content-Length: 51
Content-Type: application/json; charset=utf-8
host: localhost:15092
accept: */*

Response DefaultHttpResponse(decodeResult: success, version: HTTP/1.1)
HTTP/1.1 200 OK
Content-Length: 94
Content-Type: application/json; charset=utf-8
cache-control: no-cache

11:20:43.948 [AsyncHttpClient-1-20] DEBUG org.asynchttpclient.netty.channel.ChannelManager -- Adding key: http://localhost:15092 for channel [id: 0xb5f8756b, L:/127.0.0.1:46726 - R:localhost/127.0.0.1:15092]
11:20:43.951 [Forwarding sendKeysToElement on session aa4e9be83737882b9120b5e961f3dc66 to remote] DEBUG org.asynchttpclient.netty.request.NettyRequestSender -- Using pooled Channel '[id: 0xb5f8756b, L:/127.0.0.1:46726 - R:localhost/127.0.0.1:15092]' for 'POST' to 'http://localhost:15092/session/aa4e9be83737882b9120b5e961f3dc66/element/59E6562ADD26F87BEB9A89FBCBABC336_element_5/value'
11:20:43.951 [Forwarding sendKeysToElement on session aa4e9be83737882b9120b5e961f3dc66 to remote] DEBUG org.asynchttpclient.netty.request.NettyRequestSender -- Using open Channel [id: 0xb5f8756b, L:/127.0.0.1:46726 - R:localhost/127.0.0.1:15092] for POST '/session/aa4e9be83737882b9120b5e961f3dc66/element/59E6562ADD26F87BEB9A89FBCBABC336_element_5/value'
11:20:44.079 [AsyncHttpClient-1-20] DEBUG org.asynchttpclient.netty.handler.HttpHandler -- 

Request DefaultHttpRequest(decodeResult: success, version: HTTP/1.1)
POST /session/aa4e9be83737882b9120b5e961f3dc66/element/59E6562ADD26F87BEB9A89FBCBABC336_element_5/value HTTP/1.1
User-Agent: selenium/4.5.3 (java unix)
Content-Length: 157
Content-Type: application/json; charset=utf-8
host: localhost:15092
accept: */*

Response DefaultHttpResponse(decodeResult: success, version: HTTP/1.1)
HTTP/1.1 200 OK
Content-Length: 14
Content-Type: application/json; charset=utf-8
cache-control: no-cache

11:20:44.079 [AsyncHttpClient-1-20] DEBUG org.asynchttpclient.netty.channel.ChannelManager -- Adding key: http://localhost:15092 for channel [id: 0xb5f8756b, L:/127.0.0.1:46726 - R:localhost/127.0.0.1:15092]
11:20:44.080 [Forwarding findElement on session aa4e9be83737882b9120b5e961f3dc66 to remote] DEBUG org.asynchttpclient.netty.request.NettyRequestSender -- Using pooled Channel '[id: 0xb5f8756b, L:/127.0.0.1:46726 - R:localhost/127.0.0.1:15092]' for 'POST' to 'http://localhost:15092/session/aa4e9be83737882b9120b5e961f3dc66/element'
11:20:44.081 [Forwarding findElement on session aa4e9be83737882b9120b5e961f3dc66 to remote] DEBUG org.asynchttpclient.netty.request.NettyRequestSender -- Using open Channel [id: 0xb5f8756b, L:/127.0.0.1:46726 - R:localhost/127.0.0.1:15092] for POST '/session/aa4e9be83737882b9120b5e961f3dc66/element'
11:20:44.090 [AsyncHttpClient-1-20] DEBUG org.asynchttpclient.netty.handler.HttpHandler -- 

Request DefaultHttpRequest(decodeResult: success, version: HTTP/1.1)
POST /session/aa4e9be83737882b9120b5e961f3dc66/element HTTP/1.1
User-Agent: selenium/4.5.3 (java unix)
Content-Length: 57
Content-Type: application/json; charset=utf-8
host: localhost:15092
accept: */*

Response DefaultHttpResponse(decodeResult: success, version: HTTP/1.1)
HTTP/1.1 200 OK
Content-Length: 94
Content-Type: application/json; charset=utf-8
cache-control: no-cache

11:20:44.090 [AsyncHttpClient-1-20] DEBUG org.asynchttpclient.netty.channel.ChannelManager -- Adding key: http://localhost:15092 for channel [id: 0xb5f8756b, L:/127.0.0.1:46726 - R:localhost/127.0.0.1:15092]
11:20:44.091 [Forwarding clickElement on session aa4e9be83737882b9120b5e961f3dc66 to remote] DEBUG org.asynchttpclient.netty.request.NettyRequestSender -- Using pooled Channel '[id: 0xb5f8756b, L:/127.0.0.1:46726 - R:localhost/127.0.0.1:15092]' for 'POST' to 'http://localhost:15092/session/aa4e9be83737882b9120b5e961f3dc66/element/59E6562ADD26F87BEB9A89FBCBABC336_element_6/click'
11:20:44.091 [Forwarding clickElement on session aa4e9be83737882b9120b5e961f3dc66 to remote] DEBUG org.asynchttpclient.netty.request.NettyRequestSender -- Using open Channel [id: 0xb5f8756b, L:/127.0.0.1:46726 - R:localhost/127.0.0.1:15092] for POST '/session/aa4e9be83737882b9120b5e961f3dc66/element/59E6562ADD26F87BEB9A89FBCBABC336_element_6/click'
11:20:44.117 [AsyncHttpClient-1-20] DEBUG org.asynchttpclient.netty.handler.HttpHandler -- 

Request DefaultHttpRequest(decodeResult: success, version: HTTP/1.1)
POST /session/aa4e9be83737882b9120b5e961f3dc66/element/59E6562ADD26F87BEB9A89FBCBABC336_element_6/click HTTP/1.1
User-Agent: selenium/4.5.3 (java unix)
Content-Length: 56
Content-Type: application/json; charset=utf-8
host: localhost:15092
accept: */*

Response DefaultHttpResponse(decodeResult: success, version: HTTP/1.1)
HTTP/1.1 200 OK
Content-Length: 14
Content-Type: application/json; charset=utf-8
cache-control: no-cache

11:20:44.118 [AsyncHttpClient-1-20] DEBUG org.asynchttpclient.netty.channel.ChannelManager -- Adding key: http://localhost:15092 for channel [id: 0xb5f8756b, L:/127.0.0.1:46726 - R:localhost/127.0.0.1:15092]
11:20:44.119 [Forwarding get on session 8a9733d46508ee33b2a34f9c3f00d011 to remote] DEBUG org.asynchttpclient.netty.request.NettyRequestSender -- Using pooled Channel '[id: 0xbcf81df0, L:/127.0.0.1:36354 - R:localhost/127.0.0.1:23023]' for 'POST' to 'http://localhost:23023/session/8a9733d46508ee33b2a34f9c3f00d011/url'
11:20:44.119 [Forwarding get on session 8a9733d46508ee33b2a34f9c3f00d011 to remote] DEBUG org.asynchttpclient.netty.request.NettyRequestSender -- Using open Channel [id: 0xbcf81df0, L:/127.0.0.1:36354 - R:localhost/127.0.0.1:23023] for POST '/session/8a9733d46508ee33b2a34f9c3f00d011/url'
11:20:44.175 [AsyncHttpClient-1-23] DEBUG org.asynchttpclient.netty.handler.HttpHandler -- 

Request DefaultHttpRequest(decodeResult: success, version: HTTP/1.1)
POST /session/8a9733d46508ee33b2a34f9c3f00d011/url HTTP/1.1
User-Agent: selenium/4.5.3 (java unix)
Content-Length: 62
Content-Type: application/json; charset=utf-8
host: localhost:23023
accept: */*

Response DefaultHttpResponse(decodeResult: success, version: HTTP/1.1)
HTTP/1.1 200 OK
Content-Length: 14
Content-Type: application/json; charset=utf-8
cache-control: no-cache

11:20:44.176 [AsyncHttpClient-1-23] DEBUG org.asynchttpclient.netty.channel.ChannelManager -- Adding key: http://localhost:23023 for channel [id: 0xbcf81df0, L:/127.0.0.1:36354 - R:localhost/127.0.0.1:23023]
11:20:44.177 [Forwarding setCurrentWindowSize on session 8a9733d46508ee33b2a34f9c3f00d011 to remote] DEBUG org.asynchttpclient.netty.request.NettyRequestSender -- Using pooled Channel '[id: 0xbcf81df0, L:/127.0.0.1:36354 - R:localhost/127.0.0.1:23023]' for 'POST' to 'http://localhost:23023/session/8a9733d46508ee33b2a34f9c3f00d011/window/rect'
11:20:44.177 [Forwarding setCurrentWindowSize on session 8a9733d46508ee33b2a34f9c3f00d011 to remote] DEBUG org.asynchttpclient.netty.request.NettyRequestSender -- Using open Channel [id: 0xbcf81df0, L:/127.0.0.1:36354 - R:localhost/127.0.0.1:23023] for POST '/session/8a9733d46508ee33b2a34f9c3f00d011/window/rect'
11:20:44.286 [AsyncHttpClient-1-23] DEBUG org.asynchttpclient.netty.handler.HttpHandler -- 

Request DefaultHttpRequest(decodeResult: success, version: HTTP/1.1)
POST /session/8a9733d46508ee33b2a34f9c3f00d011/window/rect HTTP/1.1
User-Agent: selenium/4.5.3 (java unix)
Content-Length: 36
Content-Type: application/json; charset=utf-8
host: localhost:23023
accept: */*

Response DefaultHttpResponse(decodeResult: success, version: HTTP/1.1)
HTTP/1.1 200 OK
Content-Length: 51
Content-Type: application/json; charset=utf-8
cache-control: no-cache

11:20:44.288 [AsyncHttpClient-1-23] DEBUG org.asynchttpclient.netty.channel.ChannelManager -- Adding key: http://localhost:23023 for channel [id: 0xbcf81df0, L:/127.0.0.1:36354 - R:localhost/127.0.0.1:23023]
11:20:44.295 [Forwarding findElement on session 8a9733d46508ee33b2a34f9c3f00d011 to remote] DEBUG org.asynchttpclient.netty.request.NettyRequestSender -- Using pooled Channel '[id: 0xbcf81df0, L:/127.0.0.1:36354 - R:localhost/127.0.0.1:23023]' for 'POST' to 'http://localhost:23023/session/8a9733d46508ee33b2a34f9c3f00d011/element'
11:20:44.295 [Forwarding findElement on session 8a9733d46508ee33b2a34f9c3f00d011 to remote] DEBUG org.asynchttpclient.netty.request.NettyRequestSender -- Using open Channel [id: 0xbcf81df0, L:/127.0.0.1:36354 - R:localhost/127.0.0.1:23023] for POST '/session/8a9733d46508ee33b2a34f9c3f00d011/element'
11:20:44.355 [AsyncHttpClient-1-23] DEBUG org.asynchttpclient.netty.handler.HttpHandler -- 

Request DefaultHttpRequest(decodeResult: success, version: HTTP/1.1)
POST /session/8a9733d46508ee33b2a34f9c3f00d011/element HTTP/1.1
User-Agent: selenium/4.5.3 (java unix)
Content-Length: 51
Content-Type: application/json; charset=utf-8
host: localhost:23023
accept: */*

Response DefaultHttpResponse(decodeResult: success, version: HTTP/1.1)
HTTP/1.1 200 OK
Content-Length: 94
Content-Type: application/json; charset=utf-8
cache-control: no-cache

11:20:44.355 [AsyncHttpClient-1-23] DEBUG org.asynchttpclient.netty.channel.ChannelManager -- Adding key: http://localhost:23023 for channel [id: 0xbcf81df0, L:/127.0.0.1:36354 - R:localhost/127.0.0.1:23023]
11:20:44.357 [Forwarding sendKeysToElement on session 8a9733d46508ee33b2a34f9c3f00d011 to remote] DEBUG org.asynchttpclient.netty.request.NettyRequestSender -- Using pooled Channel '[id: 0xbcf81df0, L:/127.0.0.1:36354 - R:localhost/127.0.0.1:23023]' for 'POST' to 'http://localhost:23023/session/8a9733d46508ee33b2a34f9c3f00d011/element/28FE7EC7C6B0EC88E36C2E38D70DB40F_element_5/value'
11:20:44.358 [Forwarding sendKeysToElement on session 8a9733d46508ee33b2a34f9c3f00d011 to remote] DEBUG org.asynchttpclient.netty.request.NettyRequestSender -- Using open Channel [id: 0xbcf81df0, L:/127.0.0.1:36354 - R:localhost/127.0.0.1:23023] for POST '/session/8a9733d46508ee33b2a34f9c3f00d011/element/28FE7EC7C6B0EC88E36C2E38D70DB40F_element_5/value'
11:20:44.427 [AsyncHttpClient-1-23] DEBUG org.asynchttpclient.netty.handler.HttpHandler -- 

Request DefaultHttpRequest(decodeResult: success, version: HTTP/1.1)
POST /session/8a9733d46508ee33b2a34f9c3f00d011/element/28FE7EC7C6B0EC88E36C2E38D70DB40F_element_5/value HTTP/1.1
User-Agent: selenium/4.5.3 (java unix)
Content-Length: 147
Content-Type: application/json; charset=utf-8
host: localhost:23023
accept: */*

Response DefaultHttpResponse(decodeResult: success, version: HTTP/1.1)
HTTP/1.1 200 OK
Content-Length: 14
Content-Type: application/json; charset=utf-8
cache-control: no-cache

11:20:44.428 [AsyncHttpClient-1-23] DEBUG org.asynchttpclient.netty.channel.ChannelManager -- Adding key: http://localhost:23023 for channel [id: 0xbcf81df0, L:/127.0.0.1:36354 - R:localhost/127.0.0.1:23023]
11:20:44.428 [Forwarding findElement on session 8a9733d46508ee33b2a34f9c3f00d011 to remote] DEBUG org.asynchttpclient.netty.request.NettyRequestSender -- Using pooled Channel '[id: 0xbcf81df0, L:/127.0.0.1:36354 - R:localhost/127.0.0.1:23023]' for 'POST' to 'http://localhost:23023/session/8a9733d46508ee33b2a34f9c3f00d011/element'
11:20:44.429 [Forwarding findElement on session 8a9733d46508ee33b2a34f9c3f00d011 to remote] DEBUG org.asynchttpclient.netty.request.NettyRequestSender -- Using open Channel [id: 0xbcf81df0, L:/127.0.0.1:36354 - R:localhost/127.0.0.1:23023] for POST '/session/8a9733d46508ee33b2a34f9c3f00d011/element'
11:20:44.436 [AsyncHttpClient-1-23] DEBUG org.asynchttpclient.netty.handler.HttpHandler -- 

Request DefaultHttpRequest(decodeResult: success, version: HTTP/1.1)
POST /session/8a9733d46508ee33b2a34f9c3f00d011/element HTTP/1.1
User-Agent: selenium/4.5.3 (java unix)
Content-Length: 57
Content-Type: application/json; charset=utf-8
host: localhost:23023
accept: */*

Response DefaultHttpResponse(decodeResult: success, version: HTTP/1.1)
HTTP/1.1 200 OK
Content-Length: 94
Content-Type: application/json; charset=utf-8
cache-control: no-cache

11:20:44.436 [AsyncHttpClient-1-23] DEBUG org.asynchttpclient.netty.channel.ChannelManager -- Adding key: http://localhost:23023 for channel [id: 0xbcf81df0, L:/127.0.0.1:36354 - R:localhost/127.0.0.1:23023]
11:20:44.437 [Forwarding clickElement on session 8a9733d46508ee33b2a34f9c3f00d011 to remote] DEBUG org.asynchttpclient.netty.request.NettyRequestSender -- Using pooled Channel '[id: 0xbcf81df0, L:/127.0.0.1:36354 - R:localhost/127.0.0.1:23023]' for 'POST' to 'http://localhost:23023/session/8a9733d46508ee33b2a34f9c3f00d011/element/28FE7EC7C6B0EC88E36C2E38D70DB40F_element_6/click'
11:20:44.437 [Forwarding clickElement on session 8a9733d46508ee33b2a34f9c3f00d011 to remote] DEBUG org.asynchttpclient.netty.request.NettyRequestSender -- Using open Channel [id: 0xbcf81df0, L:/127.0.0.1:36354 - R:localhost/127.0.0.1:23023] for POST '/session/8a9733d46508ee33b2a34f9c3f00d011/element/28FE7EC7C6B0EC88E36C2E38D70DB40F_element_6/click'
11:20:44.462 [AsyncHttpClient-1-23] DEBUG org.asynchttpclient.netty.handler.HttpHandler -- 

Request DefaultHttpRequest(decodeResult: success, version: HTTP/1.1)
POST /session/8a9733d46508ee33b2a34f9c3f00d011/element/28FE7EC7C6B0EC88E36C2E38D70DB40F_element_6/click HTTP/1.1
User-Agent: selenium/4.5.3 (java unix)
Content-Length: 56
Content-Type: application/json; charset=utf-8
host: localhost:23023
accept: */*

Response DefaultHttpResponse(decodeResult: success, version: HTTP/1.1)
HTTP/1.1 200 OK
Content-Length: 14
Content-Type: application/json; charset=utf-8
cache-control: no-cache

11:20:44.462 [AsyncHttpClient-1-23] DEBUG org.asynchttpclient.netty.channel.ChannelManager -- Adding key: http://localhost:23023 for channel [id: 0xbcf81df0, L:/127.0.0.1:36354 - R:localhost/127.0.0.1:23023]
11:20:44.463 [Forwarding findElement on session aa4e9be83737882b9120b5e961f3dc66 to remote] DEBUG org.asynchttpclient.netty.request.NettyRequestSender -- Using pooled Channel '[id: 0xb5f8756b, L:/127.0.0.1:46726 - R:localhost/127.0.0.1:15092]' for 'POST' to 'http://localhost:15092/session/aa4e9be83737882b9120b5e961f3dc66/element'
11:20:44.463 [Forwarding findElement on session aa4e9be83737882b9120b5e961f3dc66 to remote] DEBUG org.asynchttpclient.netty.request.NettyRequestSender -- Using open Channel [id: 0xb5f8756b, L:/127.0.0.1:46726 - R:localhost/127.0.0.1:15092] for POST '/session/aa4e9be83737882b9120b5e961f3dc66/element'
11:20:44.471 [AsyncHttpClient-1-20] DEBUG org.asynchttpclient.netty.handler.HttpHandler -- 

Request DefaultHttpRequest(decodeResult: success, version: HTTP/1.1)
POST /session/aa4e9be83737882b9120b5e961f3dc66/element HTTP/1.1
User-Agent: selenium/4.5.3 (java unix)
Content-Length: 57
Content-Type: application/json; charset=utf-8
host: localhost:15092
accept: */*

Response DefaultHttpResponse(decodeResult: success, version: HTTP/1.1)
HTTP/1.1 200 OK
Content-Length: 94
Content-Type: application/json; charset=utf-8
cache-control: no-cache

11:20:44.472 [AsyncHttpClient-1-20] DEBUG org.asynchttpclient.netty.channel.ChannelManager -- Adding key: http://localhost:15092 for channel [id: 0xb5f8756b, L:/127.0.0.1:46726 - R:localhost/127.0.0.1:15092]
11:20:44.473 [Forwarding sendKeysToElement on session aa4e9be83737882b9120b5e961f3dc66 to remote] DEBUG org.asynchttpclient.netty.request.NettyRequestSender -- Using pooled Channel '[id: 0xb5f8756b, L:/127.0.0.1:46726 - R:localhost/127.0.0.1:15092]' for 'POST' to 'http://localhost:15092/session/aa4e9be83737882b9120b5e961f3dc66/element/59E6562ADD26F87BEB9A89FBCBABC336_element_8/value'
11:20:44.473 [Forwarding sendKeysToElement on session aa4e9be83737882b9120b5e961f3dc66 to remote] DEBUG org.asynchttpclient.netty.request.NettyRequestSender -- Using open Channel [id: 0xb5f8756b, L:/127.0.0.1:46726 - R:localhost/127.0.0.1:15092] for POST '/session/aa4e9be83737882b9120b5e961f3dc66/element/59E6562ADD26F87BEB9A89FBCBABC336_element_8/value'
11:20:44.495 [AsyncHttpClient-1-20] DEBUG org.asynchttpclient.netty.handler.HttpHandler -- 

Request DefaultHttpRequest(decodeResult: success, version: HTTP/1.1)
POST /session/aa4e9be83737882b9120b5e961f3dc66/element/59E6562ADD26F87BEB9A89FBCBABC336_element_8/value HTTP/1.1
User-Agent: selenium/4.5.3 (java unix)
Content-Length: 127
Content-Type: application/json; charset=utf-8
host: localhost:15092
accept: */*

Response DefaultHttpResponse(decodeResult: success, version: HTTP/1.1)
HTTP/1.1 200 OK
Content-Length: 14
Content-Type: application/json; charset=utf-8
cache-control: no-cache

11:20:44.495 [AsyncHttpClient-1-20] DEBUG org.asynchttpclient.netty.channel.ChannelManager -- Adding key: http://localhost:15092 for channel [id: 0xb5f8756b, L:/127.0.0.1:46726 - R:localhost/127.0.0.1:15092]
11:20:44.496 [Forwarding sendKeysToElement on session aa4e9be83737882b9120b5e961f3dc66 to remote] DEBUG org.asynchttpclient.netty.request.NettyRequestSender -- Using pooled Channel '[id: 0xb5f8756b, L:/127.0.0.1:46726 - R:localhost/127.0.0.1:15092]' for 'POST' to 'http://localhost:15092/session/aa4e9be83737882b9120b5e961f3dc66/element/59E6562ADD26F87BEB9A89FBCBABC336_element_8/value'
11:20:44.496 [Forwarding sendKeysToElement on session aa4e9be83737882b9120b5e961f3dc66 to remote] DEBUG org.asynchttpclient.netty.request.NettyRequestSender -- Using open Channel [id: 0xb5f8756b, L:/127.0.0.1:46726 - R:localhost/127.0.0.1:15092] for POST '/session/aa4e9be83737882b9120b5e961f3dc66/element/59E6562ADD26F87BEB9A89FBCBABC336_element_8/value'
11:20:44.509 [AsyncHttpClient-1-20] DEBUG org.asynchttpclient.netty.handler.HttpHandler -- 

Request DefaultHttpRequest(decodeResult: success, version: HTTP/1.1)
POST /session/aa4e9be83737882b9120b5e961f3dc66/element/59E6562ADD26F87BEB9A89FBCBABC336_element_8/value HTTP/1.1
User-Agent: selenium/4.5.3 (java unix)
Content-Length: 101
Content-Type: application/json; charset=utf-8
host: localhost:15092
accept: */*

Response DefaultHttpResponse(decodeResult: success, version: HTTP/1.1)
HTTP/1.1 200 OK
Content-Length: 14
Content-Type: application/json; charset=utf-8
cache-control: no-cache

11:20:44.509 [AsyncHttpClient-1-20] DEBUG org.asynchttpclient.netty.channel.ChannelManager -- Adding key: http://localhost:15092 for channel [id: 0xb5f8756b, L:/127.0.0.1:46726 - R:localhost/127.0.0.1:15092]
11:20:44.995 [AsyncHttpClient-1-1] DEBUG org.asynchttpclient.netty.channel.DefaultChannelPool -- Entry count for : http://localhost:34757 : 1
11:20:44.996 [AsyncHttpClient-1-1] DEBUG org.asynchttpclient.netty.channel.DefaultChannelPool -- Entry count for : http://localhost:38637 : 1
11:20:44.996 [AsyncHttpClient-1-1] DEBUG org.asynchttpclient.netty.channel.DefaultChannelPool -- Entry count for : http://localhost:23023 : 1
11:20:44.996 [AsyncHttpClient-1-1] DEBUG org.asynchttpclient.netty.channel.DefaultChannelPool -- Entry count for : http://localhost:15092 : 1
11:20:45.014 [Forwarding findElement on session 8a9733d46508ee33b2a34f9c3f00d011 to remote] DEBUG org.asynchttpclient.netty.request.NettyRequestSender -- Using pooled Channel '[id: 0xbcf81df0, L:/127.0.0.1:36354 - R:localhost/127.0.0.1:23023]' for 'POST' to 'http://localhost:23023/session/8a9733d46508ee33b2a34f9c3f00d011/element'
11:20:45.015 [Forwarding findElement on session 8a9733d46508ee33b2a34f9c3f00d011 to remote] DEBUG org.asynchttpclient.netty.request.NettyRequestSender -- Using open Channel [id: 0xbcf81df0, L:/127.0.0.1:36354 - R:localhost/127.0.0.1:23023] for POST '/session/8a9733d46508ee33b2a34f9c3f00d011/element'
11:20:45.032 [AsyncHttpClient-1-23] DEBUG org.asynchttpclient.netty.handler.HttpHandler -- 

Request DefaultHttpRequest(decodeResult: success, version: HTTP/1.1)
POST /session/8a9733d46508ee33b2a34f9c3f00d011/element HTTP/1.1
User-Agent: selenium/4.5.3 (java unix)
Content-Length: 53
Content-Type: application/json; charset=utf-8
host: localhost:23023
accept: */*

Response DefaultHttpResponse(decodeResult: success, version: HTTP/1.1)
HTTP/1.1 200 OK
Content-Length: 94
Content-Type: application/json; charset=utf-8
cache-control: no-cache

11:20:45.032 [AsyncHttpClient-1-23] DEBUG org.asynchttpclient.netty.channel.ChannelManager -- Adding key: http://localhost:23023 for channel [id: 0xbcf81df0, L:/127.0.0.1:36354 - R:localhost/127.0.0.1:23023]
11:20:45.033 [Forwarding getElementText on session 8a9733d46508ee33b2a34f9c3f00d011 to remote] DEBUG org.asynchttpclient.netty.request.NettyRequestSender -- Using pooled Channel '[id: 0xbcf81df0, L:/127.0.0.1:36354 - R:localhost/127.0.0.1:23023]' for 'GET' to 'http://localhost:23023/session/8a9733d46508ee33b2a34f9c3f00d011/element/28FE7EC7C6B0EC88E36C2E38D70DB40F_element_9/text'
11:20:45.034 [Forwarding getElementText on session 8a9733d46508ee33b2a34f9c3f00d011 to remote] DEBUG org.asynchttpclient.netty.request.NettyRequestSender -- Using open Channel [id: 0xbcf81df0, L:/127.0.0.1:36354 - R:localhost/127.0.0.1:23023] for GET '/session/8a9733d46508ee33b2a34f9c3f00d011/element/28FE7EC7C6B0EC88E36C2E38D70DB40F_element_9/text'
11:20:45.054 [AsyncHttpClient-1-23] DEBUG org.asynchttpclient.netty.handler.HttpHandler -- 

Request DefaultFullHttpRequest(decodeResult: success, version: HTTP/1.1, content: EmptyByteBufBE)
GET /session/8a9733d46508ee33b2a34f9c3f00d011/element/28FE7EC7C6B0EC88E36C2E38D70DB40F_element_9/text HTTP/1.1
User-Agent: selenium/4.5.3 (java unix)
Cache-Control: no-cache
Content-Type: application/json; charset=utf-8
host: localhost:23023
accept: */*

Response DefaultHttpResponse(decodeResult: success, version: HTTP/1.1)
HTTP/1.1 200 OK
Content-Length: 25
Content-Type: application/json; charset=utf-8
cache-control: no-cache

11:20:45.054 [AsyncHttpClient-1-23] DEBUG org.asynchttpclient.netty.channel.ChannelManager -- Adding key: http://localhost:23023 for channel [id: 0xbcf81df0, L:/127.0.0.1:36354 - R:localhost/127.0.0.1:23023]
11:20:45.056 [AsyncHttpClient-1-22] DEBUG org.asynchttpclient.netty.handler.WebSocketHandler -- Channel Closed: [id: 0xedb9da48, L:/127.0.0.1:45844 ! R:localhost/127.0.0.1:34757] with attribute NettyResponseFuture{currentRetry=0,
	isDone=1,
	isCancelled=0,
	asyncHandler=org.asynchttpclient.ws.WebSocketUpgradeHandler@1a342a95,
	nettyRequest=org.asynchttpclient.netty.request.NettyRequest@5f36b7b7,
	future=java.util.concurrent.CompletableFuture@2d8706dd[Completed normally],
	uri=ws://localhost:34757/devtools/browser/a0dc09ad-b55a-45fc-8c96-c6159673c7ad,
	keepAlive=true,
	redirectCount=0,
	timeoutsHolder=null,
	inAuth=0,
	touch=1683192043427}
11:20:45.057 [Driver Command Executor] DEBUG org.asynchttpclient.netty.request.NettyRequestSender -- Using pooled Channel '[id: 0xb5f8756b, L:/127.0.0.1:46726 - R:localhost/127.0.0.1:15092]' for 'DELETE' to 'http://localhost:15092/session/aa4e9be83737882b9120b5e961f3dc66'
11:20:45.057 [AsyncHttpClient-1-22] DEBUG org.asynchttpclient.netty.channel.ChannelManager -- Closing Channel [id: 0xedb9da48, L:/127.0.0.1:45844 ! R:localhost/127.0.0.1:34757] 
11:20:45.057 [Driver Command Executor] DEBUG org.asynchttpclient.netty.request.NettyRequestSender -- Using open Channel [id: 0xb5f8756b, L:/127.0.0.1:46726 - R:localhost/127.0.0.1:15092] for DELETE '/session/aa4e9be83737882b9120b5e961f3dc66'
11:20:45.067 [AsyncHttpClient-1-21] DEBUG org.asynchttpclient.netty.handler.HttpHandler -- Channel Closed: [id: 0x840dcbae, L:/127.0.0.1:45832 ! R:localhost/127.0.0.1:34757] with attribute DISCARD
11:20:45.108 [AsyncHttpClient-1-20] DEBUG org.asynchttpclient.netty.handler.HttpHandler -- 

Request DefaultFullHttpRequest(decodeResult: success, version: HTTP/1.1, content: EmptyByteBufBE)
DELETE /session/aa4e9be83737882b9120b5e961f3dc66 HTTP/1.1
User-Agent: selenium/4.5.3 (java unix)
Content-Type: application/json; charset=utf-8
host: localhost:15092
accept: */*

Response DefaultHttpResponse(decodeResult: success, version: HTTP/1.1)
HTTP/1.1 200 OK
Content-Length: 14
Content-Type: application/json; charset=utf-8
cache-control: no-cache

11:20:45.109 [AsyncHttpClient-1-20] DEBUG org.asynchttpclient.netty.channel.ChannelManager -- Adding key: http://localhost:15092 for channel [id: 0xb5f8756b, L:/127.0.0.1:46726 - R:localhost/127.0.0.1:15092]
11:20:45.111 [AsyncHttpClient-1-20] DEBUG org.asynchttpclient.netty.handler.HttpHandler -- Channel Closed: [id: 0xb5f8756b, L:/127.0.0.1:46726 ! R:localhost/127.0.0.1:15092] with attribute DISCARD
11:20:45.160 [AsyncHttpClient-1-25] DEBUG org.asynchttpclient.netty.handler.WebSocketHandler -- Channel Closed: [id: 0x6e8c99f1, L:/127.0.0.1:41814 ! R:localhost/127.0.0.1:38637] with attribute NettyResponseFuture{currentRetry=0,
	isDone=1,
	isCancelled=0,
	asyncHandler=org.asynchttpclient.ws.WebSocketUpgradeHandler@598b2505,
	nettyRequest=org.asynchttpclient.netty.request.NettyRequest@1c89b050,
	future=java.util.concurrent.CompletableFuture@55404552[Completed normally],
	uri=ws://localhost:38637/devtools/browser/dcbd8f33-863e-4ac9-9b2f-5e4b7bb144f5,
	keepAlive=true,
	redirectCount=0,
	timeoutsHolder=null,
	inAuth=0,
	touch=1683192043743}
11:20:45.161 [AsyncHttpClient-1-25] DEBUG org.asynchttpclient.netty.channel.ChannelManager -- Closing Channel [id: 0x6e8c99f1, L:/127.0.0.1:41814 ! R:localhost/127.0.0.1:38637] 
11:20:45.161 [Driver Command Executor] DEBUG org.asynchttpclient.netty.request.NettyRequestSender -- Using pooled Channel '[id: 0xbcf81df0, L:/127.0.0.1:36354 - R:localhost/127.0.0.1:23023]' for 'DELETE' to 'http://localhost:23023/session/8a9733d46508ee33b2a34f9c3f00d011'
11:20:45.161 [Driver Command Executor] DEBUG org.asynchttpclient.netty.request.NettyRequestSender -- Using open Channel [id: 0xbcf81df0, L:/127.0.0.1:36354 - R:localhost/127.0.0.1:23023] for DELETE '/session/8a9733d46508ee33b2a34f9c3f00d011'
11:20:45.194 [AsyncHttpClient-1-24] DEBUG org.asynchttpclient.netty.handler.HttpHandler -- Channel Closed: [id: 0x79b92299, L:/127.0.0.1:41802 ! R:localhost/127.0.0.1:38637] with attribute DISCARD
11:20:45.216 [AsyncHttpClient-1-23] DEBUG org.asynchttpclient.netty.handler.HttpHandler -- 

Request DefaultFullHttpRequest(decodeResult: success, version: HTTP/1.1, content: EmptyByteBufBE)
DELETE /session/8a9733d46508ee33b2a34f9c3f00d011 HTTP/1.1
User-Agent: selenium/4.5.3 (java unix)
Content-Type: application/json; charset=utf-8
host: localhost:23023
accept: */*

Response DefaultHttpResponse(decodeResult: success, version: HTTP/1.1)
HTTP/1.1 200 OK
Content-Length: 14
Content-Type: application/json; charset=utf-8
cache-control: no-cache

11:20:45.216 [AsyncHttpClient-1-23] DEBUG org.asynchttpclient.netty.channel.ChannelManager -- Adding key: http://localhost:23023 for channel [id: 0xbcf81df0, L:/127.0.0.1:36354 - R:localhost/127.0.0.1:23023]
11:20:45.219 [AsyncHttpClient-1-23] DEBUG org.asynchttpclient.netty.handler.HttpHandler -- Channel Closed: [id: 0xbcf81df0, L:/127.0.0.1:36354 ! R:localhost/127.0.0.1:23023] with attribute DISCARD
]]></system-out>
    <system-err><![CDATA[Starting ChromeDriver 113.0.5672.63 (0e1a4471d5ae5bf128b1bd8f4d627c8cbd55f70c-refs/branch-heads/5672@{#912}) on port 15092
Only local connections are allowed.
Please see https://chromedriver.chromium.org/security-considerations for suggestions on keeping ChromeDriver safe.
ChromeDriver was started successfully.
may 04, 2023 11:20:43 A. M. org.openqa.selenium.devtools.CdpVersionFinder findNearestMatch
ADVERTENCIA: Unable to find CDP implementation matching 113
may 04, 2023 11:20:43 A. M. org.openqa.selenium.chromium.ChromiumDriver lambda$new$3
ADVERTENCIA: Unable to find version of CDP to use for . You may need to include a dependency on a specific version of the CDP using something similar to `org.seleniumhq.selenium:selenium-devtools-v86:4.5.3` where the version ("v86") matches the version of the chromium-based browser you're using and the version number of the artifact is the same as Selenium's.
Starting ChromeDriver 113.0.5672.63 (0e1a4471d5ae5bf128b1bd8f4d627c8cbd55f70c-refs/branch-heads/5672@{#912}) on port 23023
Only local connections are allowed.
Please see https://chromedriver.chromium.org/security-considerations for suggestions on keeping ChromeDriver safe.
ChromeDriver was started successfully.
may 04, 2023 11:20:43 A. M. org.openqa.selenium.devtools.CdpVersionFinder findNearestMatch
ADVERTENCIA: Unable to find CDP implementation matching 113
may 04, 2023 11:20:43 A. M. org.openqa.selenium.chromium.ChromiumDriver lambda$new$3
ADVERTENCIA: Unable to find version of CDP to use for . You may need to include a dependency on a specific version of the CDP using something similar to `org.seleniumhq.selenium:selenium-devtools-v86:4.5.3` where the version ("v86") matches the version of the chromium-based browser you're using and the version number of the artifact is the same as Selenium's.
]]></system-err>
  </testcase>
  <testcase name="salida2" classname="es.uma.informatica.sii.practica.websockets.tests.WebsocketsIT" time="2.319">
    <system-out><![CDATA[11:20:45.287 [AsyncHttpClient-1-2] DEBUG org.asynchttpclient.netty.channel.NettyConnectListener -- Using new Channel '[id: 0x09696a33, L:/127.0.0.1:60940 - R:localhost/127.0.0.1:30159]' for 'POST' to '/session'
11:20:45.584 [AsyncHttpClient-1-2] DEBUG org.asynchttpclient.netty.handler.HttpHandler -- 

Request DefaultHttpRequest(decodeResult: success, version: HTTP/1.1)
POST /session HTTP/1.1
User-Agent: selenium/4.5.3 (java unix)
Content-Length: 439
Content-Type: application/json; charset=utf-8
host: localhost:30159
accept: */*

Response DefaultHttpResponse(decodeResult: success, version: HTTP/1.1)
HTTP/1.1 200 OK
Content-Length: 821
Content-Type: application/json; charset=utf-8
cache-control: no-cache

11:20:45.584 [AsyncHttpClient-1-2] DEBUG org.asynchttpclient.netty.channel.ChannelManager -- Adding key: http://localhost:30159 for channel [id: 0x09696a33, L:/127.0.0.1:60940 - R:localhost/127.0.0.1:30159]
11:20:45.587 [AsyncHttpClient-1-3] DEBUG org.asynchttpclient.netty.channel.NettyConnectListener -- Using new Channel '[id: 0x368b1506, L:/127.0.0.1:41900 - R:localhost/127.0.0.1:42769]' for 'GET' to '/json/version'
11:20:45.631 [AsyncHttpClient-1-3] DEBUG org.asynchttpclient.netty.handler.HttpHandler -- 

Request DefaultFullHttpRequest(decodeResult: success, version: HTTP/1.1, content: EmptyByteBufBE)
GET /json/version HTTP/1.1
User-Agent: selenium/4.5.3 (java unix)
host: localhost:42769
accept: */*

Response DefaultHttpResponse(decodeResult: success, version: HTTP/1.1)
HTTP/1.1 200 OK
Content-Security-Policy: frame-ancestors 'none'
Content-Length: 404
Content-Type: application/json; charset=UTF-8

11:20:45.632 [AsyncHttpClient-1-3] DEBUG org.asynchttpclient.netty.channel.ChannelManager -- Adding key: http://localhost:42769 for channel [id: 0x368b1506, L:/127.0.0.1:41900 - R:localhost/127.0.0.1:42769]
11:20:45.634 [AsyncHttpClient-1-4] DEBUG org.asynchttpclient.netty.channel.NettyConnectListener -- Using new Channel '[id: 0x3a6ce3df, L:/127.0.0.1:41916 - R:localhost/127.0.0.1:42769]' for 'GET' to '/devtools/browser/27117e3d-bec3-4226-8795-2439dca371ce'
11:20:45.636 [AsyncHttpClient-1-4] DEBUG org.asynchttpclient.netty.handler.WebSocketHandler -- 

Request DefaultFullHttpRequest(decodeResult: success, version: HTTP/1.1, content: EmptyByteBufBE)
GET /devtools/browser/27117e3d-bec3-4226-8795-2439dca371ce HTTP/1.1
upgrade: websocket
connection: upgrade
sec-websocket-key: fmN7FXm3SQfIYSPXZs7dSA==
sec-websocket-version: 13
origin: http://localhost:42769
host: localhost:42769
accept: */*
user-agent: AHC/2.1

Response DefaultHttpResponse(decodeResult: success, version: HTTP/1.1)
HTTP/1.1 101 WebSocket Protocol Handshake
Upgrade: WebSocket
Connection: Upgrade
Sec-WebSocket-Accept: 2sNMkuBET52eZHOY+jf6bqg4f18=

11:20:45.663 [AsyncHttpClient-1-5] DEBUG org.asynchttpclient.netty.channel.NettyConnectListener -- Using new Channel '[id: 0x06592195, L:/127.0.0.1:50164 - R:localhost/127.0.0.1:9273]' for 'POST' to '/session'
11:20:45.979 [AsyncHttpClient-1-5] DEBUG org.asynchttpclient.netty.handler.HttpHandler -- 

Request DefaultHttpRequest(decodeResult: success, version: HTTP/1.1)
POST /session HTTP/1.1
User-Agent: selenium/4.5.3 (java unix)
Content-Length: 439
Content-Type: application/json; charset=utf-8
host: localhost:9273
accept: */*

Response DefaultHttpResponse(decodeResult: success, version: HTTP/1.1)
HTTP/1.1 200 OK
Content-Length: 821
Content-Type: application/json; charset=utf-8
cache-control: no-cache

11:20:45.979 [AsyncHttpClient-1-5] DEBUG org.asynchttpclient.netty.channel.ChannelManager -- Adding key: http://localhost:9273 for channel [id: 0x06592195, L:/127.0.0.1:50164 - R:localhost/127.0.0.1:9273]
11:20:45.982 [AsyncHttpClient-1-6] DEBUG org.asynchttpclient.netty.channel.NettyConnectListener -- Using new Channel '[id: 0xf3cf160b, L:/127.0.0.1:58484 - R:localhost/127.0.0.1:41539]' for 'GET' to '/json/version'
11:20:46.015 [AsyncHttpClient-1-6] DEBUG org.asynchttpclient.netty.handler.HttpHandler -- 

Request DefaultFullHttpRequest(decodeResult: success, version: HTTP/1.1, content: EmptyByteBufBE)
GET /json/version HTTP/1.1
User-Agent: selenium/4.5.3 (java unix)
host: localhost:41539
accept: */*

Response DefaultHttpResponse(decodeResult: success, version: HTTP/1.1)
HTTP/1.1 200 OK
Content-Security-Policy: frame-ancestors 'none'
Content-Length: 404
Content-Type: application/json; charset=UTF-8

11:20:46.016 [AsyncHttpClient-1-6] DEBUG org.asynchttpclient.netty.channel.ChannelManager -- Adding key: http://localhost:41539 for channel [id: 0xf3cf160b, L:/127.0.0.1:58484 - R:localhost/127.0.0.1:41539]
11:20:46.024 [AsyncHttpClient-1-7] DEBUG org.asynchttpclient.netty.channel.NettyConnectListener -- Using new Channel '[id: 0x345692eb, L:/127.0.0.1:58494 - R:localhost/127.0.0.1:41539]' for 'GET' to '/devtools/browser/5fde3904-b376-44b9-b3ce-bf9da1a26d5b'
11:20:46.035 [AsyncHttpClient-1-7] DEBUG org.asynchttpclient.netty.handler.WebSocketHandler -- 

Request DefaultFullHttpRequest(decodeResult: success, version: HTTP/1.1, content: EmptyByteBufBE)
GET /devtools/browser/5fde3904-b376-44b9-b3ce-bf9da1a26d5b HTTP/1.1
upgrade: websocket
connection: upgrade
sec-websocket-key: 7TL704yuBjYkggf9vTR3ew==
sec-websocket-version: 13
origin: http://localhost:41539
host: localhost:41539
accept: */*
user-agent: AHC/2.1

Response DefaultHttpResponse(decodeResult: success, version: HTTP/1.1)
HTTP/1.1 101 WebSocket Protocol Handshake
Upgrade: WebSocket
Connection: Upgrade
Sec-WebSocket-Accept: W5cUZcpksL0ljcbdYnQnAVtX04c=

11:20:46.043 [Forwarding get on session d8c241b6e2ce2cd8d4b41005a35f90ac to remote] DEBUG org.asynchttpclient.netty.request.NettyRequestSender -- Using pooled Channel '[id: 0x09696a33, L:/127.0.0.1:60940 - R:localhost/127.0.0.1:30159]' for 'POST' to 'http://localhost:30159/session/d8c241b6e2ce2cd8d4b41005a35f90ac/url'
11:20:46.044 [Forwarding get on session d8c241b6e2ce2cd8d4b41005a35f90ac to remote] DEBUG org.asynchttpclient.netty.request.NettyRequestSender -- Using open Channel [id: 0x09696a33, L:/127.0.0.1:60940 - R:localhost/127.0.0.1:30159] for POST '/session/d8c241b6e2ce2cd8d4b41005a35f90ac/url'
11:20:46.094 [AsyncHttpClient-1-1] DEBUG org.asynchttpclient.netty.channel.DefaultChannelPool -- Entry count for : http://localhost:42769 : 1
11:20:46.094 [AsyncHttpClient-1-1] DEBUG org.asynchttpclient.netty.channel.DefaultChannelPool -- Entry count for : http://localhost:41539 : 1
11:20:46.094 [AsyncHttpClient-1-1] DEBUG org.asynchttpclient.netty.channel.DefaultChannelPool -- Entry count for : http://localhost:34757 : 1
11:20:46.094 [AsyncHttpClient-1-1] DEBUG org.asynchttpclient.netty.channel.DefaultChannelPool -- Entry count for : http://localhost:38637 : 1
11:20:46.094 [AsyncHttpClient-1-1] DEBUG org.asynchttpclient.netty.channel.DefaultChannelPool -- Entry count for : http://localhost:23023 : 1
11:20:46.094 [AsyncHttpClient-1-1] DEBUG org.asynchttpclient.netty.channel.DefaultChannelPool -- Entry count for : http://localhost:9273 : 1
11:20:46.094 [AsyncHttpClient-1-1] DEBUG org.asynchttpclient.netty.channel.DefaultChannelPool -- Entry count for : http://localhost:15092 : 1
11:20:46.094 [AsyncHttpClient-1-1] DEBUG org.asynchttpclient.netty.channel.DefaultChannelPool -- Adding Candidate expired Channel [id: 0x840dcbae, L:/127.0.0.1:45832 ! R:localhost/127.0.0.1:34757] isIdleTimeoutExpired=false isRemotelyClosed=true isTtlExpired=false
11:20:46.094 [AsyncHttpClient-1-1] DEBUG org.asynchttpclient.netty.channel.DefaultChannelPool -- Closing Idle Channel [id: 0x840dcbae, L:/127.0.0.1:45832 ! R:localhost/127.0.0.1:34757]
11:20:46.094 [AsyncHttpClient-1-1] DEBUG org.asynchttpclient.netty.channel.DefaultChannelPool -- Adding Candidate expired Channel [id: 0x79b92299, L:/127.0.0.1:41802 ! R:localhost/127.0.0.1:38637] isIdleTimeoutExpired=false isRemotelyClosed=true isTtlExpired=false
11:20:46.094 [AsyncHttpClient-1-1] DEBUG org.asynchttpclient.netty.channel.DefaultChannelPool -- Closing Idle Channel [id: 0x79b92299, L:/127.0.0.1:41802 ! R:localhost/127.0.0.1:38637]
11:20:46.094 [AsyncHttpClient-1-1] DEBUG org.asynchttpclient.netty.channel.DefaultChannelPool -- Adding Candidate expired Channel [id: 0xbcf81df0, L:/127.0.0.1:36354 ! R:localhost/127.0.0.1:23023] isIdleTimeoutExpired=false isRemotelyClosed=true isTtlExpired=false
11:20:46.094 [AsyncHttpClient-1-1] DEBUG org.asynchttpclient.netty.channel.DefaultChannelPool -- Closing Idle Channel [id: 0xbcf81df0, L:/127.0.0.1:36354 ! R:localhost/127.0.0.1:23023]
11:20:46.094 [AsyncHttpClient-1-1] DEBUG org.asynchttpclient.netty.channel.DefaultChannelPool -- Adding Candidate expired Channel [id: 0xb5f8756b, L:/127.0.0.1:46726 ! R:localhost/127.0.0.1:15092] isIdleTimeoutExpired=false isRemotelyClosed=true isTtlExpired=false
11:20:46.094 [AsyncHttpClient-1-1] DEBUG org.asynchttpclient.netty.channel.DefaultChannelPool -- Closing Idle Channel [id: 0xb5f8756b, L:/127.0.0.1:46726 ! R:localhost/127.0.0.1:15092]
11:20:46.095 [AsyncHttpClient-1-1] DEBUG org.asynchttpclient.netty.channel.DefaultChannelPool -- Closed 4 connections out of 7 in 1 ms
11:20:46.096 [AsyncHttpClient-1-2] DEBUG org.asynchttpclient.netty.handler.HttpHandler -- 

Request DefaultHttpRequest(decodeResult: success, version: HTTP/1.1)
POST /session/d8c241b6e2ce2cd8d4b41005a35f90ac/url HTTP/1.1
User-Agent: selenium/4.5.3 (java unix)
Content-Length: 62
Content-Type: application/json; charset=utf-8
host: localhost:30159
accept: */*

Response DefaultHttpResponse(decodeResult: success, version: HTTP/1.1)
HTTP/1.1 200 OK
Content-Length: 14
Content-Type: application/json; charset=utf-8
cache-control: no-cache

11:20:46.097 [AsyncHttpClient-1-2] DEBUG org.asynchttpclient.netty.channel.ChannelManager -- Adding key: http://localhost:30159 for channel [id: 0x09696a33, L:/127.0.0.1:60940 - R:localhost/127.0.0.1:30159]
11:20:46.098 [Forwarding setCurrentWindowSize on session d8c241b6e2ce2cd8d4b41005a35f90ac to remote] DEBUG org.asynchttpclient.netty.request.NettyRequestSender -- Using pooled Channel '[id: 0x09696a33, L:/127.0.0.1:60940 - R:localhost/127.0.0.1:30159]' for 'POST' to 'http://localhost:30159/session/d8c241b6e2ce2cd8d4b41005a35f90ac/window/rect'
11:20:46.098 [Forwarding setCurrentWindowSize on session d8c241b6e2ce2cd8d4b41005a35f90ac to remote] DEBUG org.asynchttpclient.netty.request.NettyRequestSender -- Using open Channel [id: 0x09696a33, L:/127.0.0.1:60940 - R:localhost/127.0.0.1:30159] for POST '/session/d8c241b6e2ce2cd8d4b41005a35f90ac/window/rect'
11:20:46.205 [AsyncHttpClient-1-2] DEBUG org.asynchttpclient.netty.handler.HttpHandler -- 

Request DefaultHttpRequest(decodeResult: success, version: HTTP/1.1)
POST /session/d8c241b6e2ce2cd8d4b41005a35f90ac/window/rect HTTP/1.1
User-Agent: selenium/4.5.3 (java unix)
Content-Length: 36
Content-Type: application/json; charset=utf-8
host: localhost:30159
accept: */*

Response DefaultHttpResponse(decodeResult: success, version: HTTP/1.1)
HTTP/1.1 200 OK
Content-Length: 51
Content-Type: application/json; charset=utf-8
cache-control: no-cache

11:20:46.206 [AsyncHttpClient-1-2] DEBUG org.asynchttpclient.netty.channel.ChannelManager -- Adding key: http://localhost:30159 for channel [id: 0x09696a33, L:/127.0.0.1:60940 - R:localhost/127.0.0.1:30159]
11:20:46.210 [Forwarding findElement on session d8c241b6e2ce2cd8d4b41005a35f90ac to remote] DEBUG org.asynchttpclient.netty.request.NettyRequestSender -- Using pooled Channel '[id: 0x09696a33, L:/127.0.0.1:60940 - R:localhost/127.0.0.1:30159]' for 'POST' to 'http://localhost:30159/session/d8c241b6e2ce2cd8d4b41005a35f90ac/element'
11:20:46.210 [Forwarding findElement on session d8c241b6e2ce2cd8d4b41005a35f90ac to remote] DEBUG org.asynchttpclient.netty.request.NettyRequestSender -- Using open Channel [id: 0x09696a33, L:/127.0.0.1:60940 - R:localhost/127.0.0.1:30159] for POST '/session/d8c241b6e2ce2cd8d4b41005a35f90ac/element'
11:20:46.264 [AsyncHttpClient-1-2] DEBUG org.asynchttpclient.netty.handler.HttpHandler -- 

Request DefaultHttpRequest(decodeResult: success, version: HTTP/1.1)
POST /session/d8c241b6e2ce2cd8d4b41005a35f90ac/element HTTP/1.1
User-Agent: selenium/4.5.3 (java unix)
Content-Length: 51
Content-Type: application/json; charset=utf-8
host: localhost:30159
accept: */*

Response DefaultHttpResponse(decodeResult: success, version: HTTP/1.1)
HTTP/1.1 200 OK
Content-Length: 94
Content-Type: application/json; charset=utf-8
cache-control: no-cache

11:20:46.264 [AsyncHttpClient-1-2] DEBUG org.asynchttpclient.netty.channel.ChannelManager -- Adding key: http://localhost:30159 for channel [id: 0x09696a33, L:/127.0.0.1:60940 - R:localhost/127.0.0.1:30159]
11:20:46.269 [Forwarding sendKeysToElement on session d8c241b6e2ce2cd8d4b41005a35f90ac to remote] DEBUG org.asynchttpclient.netty.request.NettyRequestSender -- Using pooled Channel '[id: 0x09696a33, L:/127.0.0.1:60940 - R:localhost/127.0.0.1:30159]' for 'POST' to 'http://localhost:30159/session/d8c241b6e2ce2cd8d4b41005a35f90ac/element/8D8E137D1E904A0330230BBB15C56332_element_5/value'
11:20:46.269 [Forwarding sendKeysToElement on session d8c241b6e2ce2cd8d4b41005a35f90ac to remote] DEBUG org.asynchttpclient.netty.request.NettyRequestSender -- Using open Channel [id: 0x09696a33, L:/127.0.0.1:60940 - R:localhost/127.0.0.1:30159] for POST '/session/d8c241b6e2ce2cd8d4b41005a35f90ac/element/8D8E137D1E904A0330230BBB15C56332_element_5/value'
11:20:46.347 [AsyncHttpClient-1-2] DEBUG org.asynchttpclient.netty.handler.HttpHandler -- 

Request DefaultHttpRequest(decodeResult: success, version: HTTP/1.1)
POST /session/d8c241b6e2ce2cd8d4b41005a35f90ac/element/8D8E137D1E904A0330230BBB15C56332_element_5/value HTTP/1.1
User-Agent: selenium/4.5.3 (java unix)
Content-Length: 157
Content-Type: application/json; charset=utf-8
host: localhost:30159
accept: */*

Response DefaultHttpResponse(decodeResult: success, version: HTTP/1.1)
HTTP/1.1 200 OK
Content-Length: 14
Content-Type: application/json; charset=utf-8
cache-control: no-cache

11:20:46.348 [AsyncHttpClient-1-2] DEBUG org.asynchttpclient.netty.channel.ChannelManager -- Adding key: http://localhost:30159 for channel [id: 0x09696a33, L:/127.0.0.1:60940 - R:localhost/127.0.0.1:30159]
11:20:46.349 [Forwarding findElement on session d8c241b6e2ce2cd8d4b41005a35f90ac to remote] DEBUG org.asynchttpclient.netty.request.NettyRequestSender -- Using pooled Channel '[id: 0x09696a33, L:/127.0.0.1:60940 - R:localhost/127.0.0.1:30159]' for 'POST' to 'http://localhost:30159/session/d8c241b6e2ce2cd8d4b41005a35f90ac/element'
11:20:46.349 [Forwarding findElement on session d8c241b6e2ce2cd8d4b41005a35f90ac to remote] DEBUG org.asynchttpclient.netty.request.NettyRequestSender -- Using open Channel [id: 0x09696a33, L:/127.0.0.1:60940 - R:localhost/127.0.0.1:30159] for POST '/session/d8c241b6e2ce2cd8d4b41005a35f90ac/element'
11:20:46.357 [AsyncHttpClient-1-2] DEBUG org.asynchttpclient.netty.handler.HttpHandler -- 

Request DefaultHttpRequest(decodeResult: success, version: HTTP/1.1)
POST /session/d8c241b6e2ce2cd8d4b41005a35f90ac/element HTTP/1.1
User-Agent: selenium/4.5.3 (java unix)
Content-Length: 57
Content-Type: application/json; charset=utf-8
host: localhost:30159
accept: */*

Response DefaultHttpResponse(decodeResult: success, version: HTTP/1.1)
HTTP/1.1 200 OK
Content-Length: 94
Content-Type: application/json; charset=utf-8
cache-control: no-cache

11:20:46.357 [AsyncHttpClient-1-2] DEBUG org.asynchttpclient.netty.channel.ChannelManager -- Adding key: http://localhost:30159 for channel [id: 0x09696a33, L:/127.0.0.1:60940 - R:localhost/127.0.0.1:30159]
11:20:46.358 [Forwarding clickElement on session d8c241b6e2ce2cd8d4b41005a35f90ac to remote] DEBUG org.asynchttpclient.netty.request.NettyRequestSender -- Using pooled Channel '[id: 0x09696a33, L:/127.0.0.1:60940 - R:localhost/127.0.0.1:30159]' for 'POST' to 'http://localhost:30159/session/d8c241b6e2ce2cd8d4b41005a35f90ac/element/8D8E137D1E904A0330230BBB15C56332_element_6/click'
11:20:46.358 [Forwarding clickElement on session d8c241b6e2ce2cd8d4b41005a35f90ac to remote] DEBUG org.asynchttpclient.netty.request.NettyRequestSender -- Using open Channel [id: 0x09696a33, L:/127.0.0.1:60940 - R:localhost/127.0.0.1:30159] for POST '/session/d8c241b6e2ce2cd8d4b41005a35f90ac/element/8D8E137D1E904A0330230BBB15C56332_element_6/click'
11:20:46.383 [AsyncHttpClient-1-2] DEBUG org.asynchttpclient.netty.handler.HttpHandler -- 

Request DefaultHttpRequest(decodeResult: success, version: HTTP/1.1)
POST /session/d8c241b6e2ce2cd8d4b41005a35f90ac/element/8D8E137D1E904A0330230BBB15C56332_element_6/click HTTP/1.1
User-Agent: selenium/4.5.3 (java unix)
Content-Length: 56
Content-Type: application/json; charset=utf-8
host: localhost:30159
accept: */*

Response DefaultHttpResponse(decodeResult: success, version: HTTP/1.1)
HTTP/1.1 200 OK
Content-Length: 14
Content-Type: application/json; charset=utf-8
cache-control: no-cache

11:20:46.383 [AsyncHttpClient-1-2] DEBUG org.asynchttpclient.netty.channel.ChannelManager -- Adding key: http://localhost:30159 for channel [id: 0x09696a33, L:/127.0.0.1:60940 - R:localhost/127.0.0.1:30159]
11:20:46.384 [Forwarding get on session 4d0d2d28c87a90b1ad81fd29c00b6c56 to remote] DEBUG org.asynchttpclient.netty.request.NettyRequestSender -- Using pooled Channel '[id: 0x06592195, L:/127.0.0.1:50164 - R:localhost/127.0.0.1:9273]' for 'POST' to 'http://localhost:9273/session/4d0d2d28c87a90b1ad81fd29c00b6c56/url'
11:20:46.384 [Forwarding get on session 4d0d2d28c87a90b1ad81fd29c00b6c56 to remote] DEBUG org.asynchttpclient.netty.request.NettyRequestSender -- Using open Channel [id: 0x06592195, L:/127.0.0.1:50164 - R:localhost/127.0.0.1:9273] for POST '/session/4d0d2d28c87a90b1ad81fd29c00b6c56/url'
11:20:46.442 [AsyncHttpClient-1-5] DEBUG org.asynchttpclient.netty.handler.HttpHandler -- 

Request DefaultHttpRequest(decodeResult: success, version: HTTP/1.1)
POST /session/4d0d2d28c87a90b1ad81fd29c00b6c56/url HTTP/1.1
User-Agent: selenium/4.5.3 (java unix)
Content-Length: 62
Content-Type: application/json; charset=utf-8
host: localhost:9273
accept: */*

Response DefaultHttpResponse(decodeResult: success, version: HTTP/1.1)
HTTP/1.1 200 OK
Content-Length: 14
Content-Type: application/json; charset=utf-8
cache-control: no-cache

11:20:46.442 [AsyncHttpClient-1-5] DEBUG org.asynchttpclient.netty.channel.ChannelManager -- Adding key: http://localhost:9273 for channel [id: 0x06592195, L:/127.0.0.1:50164 - R:localhost/127.0.0.1:9273]
11:20:46.443 [Forwarding setCurrentWindowSize on session 4d0d2d28c87a90b1ad81fd29c00b6c56 to remote] DEBUG org.asynchttpclient.netty.request.NettyRequestSender -- Using pooled Channel '[id: 0x06592195, L:/127.0.0.1:50164 - R:localhost/127.0.0.1:9273]' for 'POST' to 'http://localhost:9273/session/4d0d2d28c87a90b1ad81fd29c00b6c56/window/rect'
11:20:46.443 [Forwarding setCurrentWindowSize on session 4d0d2d28c87a90b1ad81fd29c00b6c56 to remote] DEBUG org.asynchttpclient.netty.request.NettyRequestSender -- Using open Channel [id: 0x06592195, L:/127.0.0.1:50164 - R:localhost/127.0.0.1:9273] for POST '/session/4d0d2d28c87a90b1ad81fd29c00b6c56/window/rect'
11:20:46.550 [AsyncHttpClient-1-5] DEBUG org.asynchttpclient.netty.handler.HttpHandler -- 

Request DefaultHttpRequest(decodeResult: success, version: HTTP/1.1)
POST /session/4d0d2d28c87a90b1ad81fd29c00b6c56/window/rect HTTP/1.1
User-Agent: selenium/4.5.3 (java unix)
Content-Length: 36
Content-Type: application/json; charset=utf-8
host: localhost:9273
accept: */*

Response DefaultHttpResponse(decodeResult: success, version: HTTP/1.1)
HTTP/1.1 200 OK
Content-Length: 51
Content-Type: application/json; charset=utf-8
cache-control: no-cache

11:20:46.550 [AsyncHttpClient-1-5] DEBUG org.asynchttpclient.netty.channel.ChannelManager -- Adding key: http://localhost:9273 for channel [id: 0x06592195, L:/127.0.0.1:50164 - R:localhost/127.0.0.1:9273]
11:20:46.551 [Forwarding findElement on session 4d0d2d28c87a90b1ad81fd29c00b6c56 to remote] DEBUG org.asynchttpclient.netty.request.NettyRequestSender -- Using pooled Channel '[id: 0x06592195, L:/127.0.0.1:50164 - R:localhost/127.0.0.1:9273]' for 'POST' to 'http://localhost:9273/session/4d0d2d28c87a90b1ad81fd29c00b6c56/element'
11:20:46.552 [Forwarding findElement on session 4d0d2d28c87a90b1ad81fd29c00b6c56 to remote] DEBUG org.asynchttpclient.netty.request.NettyRequestSender -- Using open Channel [id: 0x06592195, L:/127.0.0.1:50164 - R:localhost/127.0.0.1:9273] for POST '/session/4d0d2d28c87a90b1ad81fd29c00b6c56/element'
11:20:46.575 [AsyncHttpClient-1-5] DEBUG org.asynchttpclient.netty.handler.HttpHandler -- 

Request DefaultHttpRequest(decodeResult: success, version: HTTP/1.1)
POST /session/4d0d2d28c87a90b1ad81fd29c00b6c56/element HTTP/1.1
User-Agent: selenium/4.5.3 (java unix)
Content-Length: 51
Content-Type: application/json; charset=utf-8
host: localhost:9273
accept: */*

Response DefaultHttpResponse(decodeResult: success, version: HTTP/1.1)
HTTP/1.1 200 OK
Content-Length: 94
Content-Type: application/json; charset=utf-8
cache-control: no-cache

11:20:46.575 [AsyncHttpClient-1-5] DEBUG org.asynchttpclient.netty.channel.ChannelManager -- Adding key: http://localhost:9273 for channel [id: 0x06592195, L:/127.0.0.1:50164 - R:localhost/127.0.0.1:9273]
11:20:46.578 [Forwarding sendKeysToElement on session 4d0d2d28c87a90b1ad81fd29c00b6c56 to remote] DEBUG org.asynchttpclient.netty.request.NettyRequestSender -- Using pooled Channel '[id: 0x06592195, L:/127.0.0.1:50164 - R:localhost/127.0.0.1:9273]' for 'POST' to 'http://localhost:9273/session/4d0d2d28c87a90b1ad81fd29c00b6c56/element/654DAADCFE3F5E37087454289F231281_element_5/value'
11:20:46.578 [Forwarding sendKeysToElement on session 4d0d2d28c87a90b1ad81fd29c00b6c56 to remote] DEBUG org.asynchttpclient.netty.request.NettyRequestSender -- Using open Channel [id: 0x06592195, L:/127.0.0.1:50164 - R:localhost/127.0.0.1:9273] for POST '/session/4d0d2d28c87a90b1ad81fd29c00b6c56/element/654DAADCFE3F5E37087454289F231281_element_5/value'
11:20:46.711 [AsyncHttpClient-1-5] DEBUG org.asynchttpclient.netty.handler.HttpHandler -- 

Request DefaultHttpRequest(decodeResult: success, version: HTTP/1.1)
POST /session/4d0d2d28c87a90b1ad81fd29c00b6c56/element/654DAADCFE3F5E37087454289F231281_element_5/value HTTP/1.1
User-Agent: selenium/4.5.3 (java unix)
Content-Length: 147
Content-Type: application/json; charset=utf-8
host: localhost:9273
accept: */*

Response DefaultHttpResponse(decodeResult: success, version: HTTP/1.1)
HTTP/1.1 200 OK
Content-Length: 14
Content-Type: application/json; charset=utf-8
cache-control: no-cache

11:20:46.711 [AsyncHttpClient-1-5] DEBUG org.asynchttpclient.netty.channel.ChannelManager -- Adding key: http://localhost:9273 for channel [id: 0x06592195, L:/127.0.0.1:50164 - R:localhost/127.0.0.1:9273]
11:20:46.712 [Forwarding findElement on session 4d0d2d28c87a90b1ad81fd29c00b6c56 to remote] DEBUG org.asynchttpclient.netty.request.NettyRequestSender -- Using pooled Channel '[id: 0x06592195, L:/127.0.0.1:50164 - R:localhost/127.0.0.1:9273]' for 'POST' to 'http://localhost:9273/session/4d0d2d28c87a90b1ad81fd29c00b6c56/element'
11:20:46.712 [Forwarding findElement on session 4d0d2d28c87a90b1ad81fd29c00b6c56 to remote] DEBUG org.asynchttpclient.netty.request.NettyRequestSender -- Using open Channel [id: 0x06592195, L:/127.0.0.1:50164 - R:localhost/127.0.0.1:9273] for POST '/session/4d0d2d28c87a90b1ad81fd29c00b6c56/element'
11:20:46.720 [AsyncHttpClient-1-5] DEBUG org.asynchttpclient.netty.handler.HttpHandler -- 

Request DefaultHttpRequest(decodeResult: success, version: HTTP/1.1)
POST /session/4d0d2d28c87a90b1ad81fd29c00b6c56/element HTTP/1.1
User-Agent: selenium/4.5.3 (java unix)
Content-Length: 57
Content-Type: application/json; charset=utf-8
host: localhost:9273
accept: */*

Response DefaultHttpResponse(decodeResult: success, version: HTTP/1.1)
HTTP/1.1 200 OK
Content-Length: 94
Content-Type: application/json; charset=utf-8
cache-control: no-cache

11:20:46.720 [AsyncHttpClient-1-5] DEBUG org.asynchttpclient.netty.channel.ChannelManager -- Adding key: http://localhost:9273 for channel [id: 0x06592195, L:/127.0.0.1:50164 - R:localhost/127.0.0.1:9273]
11:20:46.721 [Forwarding clickElement on session 4d0d2d28c87a90b1ad81fd29c00b6c56 to remote] DEBUG org.asynchttpclient.netty.request.NettyRequestSender -- Using pooled Channel '[id: 0x06592195, L:/127.0.0.1:50164 - R:localhost/127.0.0.1:9273]' for 'POST' to 'http://localhost:9273/session/4d0d2d28c87a90b1ad81fd29c00b6c56/element/654DAADCFE3F5E37087454289F231281_element_6/click'
11:20:46.721 [Forwarding clickElement on session 4d0d2d28c87a90b1ad81fd29c00b6c56 to remote] DEBUG org.asynchttpclient.netty.request.NettyRequestSender -- Using open Channel [id: 0x06592195, L:/127.0.0.1:50164 - R:localhost/127.0.0.1:9273] for POST '/session/4d0d2d28c87a90b1ad81fd29c00b6c56/element/654DAADCFE3F5E37087454289F231281_element_6/click'
11:20:46.749 [AsyncHttpClient-1-5] DEBUG org.asynchttpclient.netty.handler.HttpHandler -- 

Request DefaultHttpRequest(decodeResult: success, version: HTTP/1.1)
POST /session/4d0d2d28c87a90b1ad81fd29c00b6c56/element/654DAADCFE3F5E37087454289F231281_element_6/click HTTP/1.1
User-Agent: selenium/4.5.3 (java unix)
Content-Length: 56
Content-Type: application/json; charset=utf-8
host: localhost:9273
accept: */*

Response DefaultHttpResponse(decodeResult: success, version: HTTP/1.1)
HTTP/1.1 200 OK
Content-Length: 14
Content-Type: application/json; charset=utf-8
cache-control: no-cache

11:20:46.749 [AsyncHttpClient-1-5] DEBUG org.asynchttpclient.netty.channel.ChannelManager -- Adding key: http://localhost:9273 for channel [id: 0x06592195, L:/127.0.0.1:50164 - R:localhost/127.0.0.1:9273]
11:20:46.750 [Forwarding findElement on session d8c241b6e2ce2cd8d4b41005a35f90ac to remote] DEBUG org.asynchttpclient.netty.request.NettyRequestSender -- Using pooled Channel '[id: 0x09696a33, L:/127.0.0.1:60940 - R:localhost/127.0.0.1:30159]' for 'POST' to 'http://localhost:30159/session/d8c241b6e2ce2cd8d4b41005a35f90ac/element'
11:20:46.750 [Forwarding findElement on session d8c241b6e2ce2cd8d4b41005a35f90ac to remote] DEBUG org.asynchttpclient.netty.request.NettyRequestSender -- Using open Channel [id: 0x09696a33, L:/127.0.0.1:60940 - R:localhost/127.0.0.1:30159] for POST '/session/d8c241b6e2ce2cd8d4b41005a35f90ac/element'
11:20:46.759 [AsyncHttpClient-1-2] DEBUG org.asynchttpclient.netty.handler.HttpHandler -- 

Request DefaultHttpRequest(decodeResult: success, version: HTTP/1.1)
POST /session/d8c241b6e2ce2cd8d4b41005a35f90ac/element HTTP/1.1
User-Agent: selenium/4.5.3 (java unix)
Content-Length: 55
Content-Type: application/json; charset=utf-8
host: localhost:30159
accept: */*

Response DefaultHttpResponse(decodeResult: success, version: HTTP/1.1)
HTTP/1.1 200 OK
Content-Length: 94
Content-Type: application/json; charset=utf-8
cache-control: no-cache

11:20:46.759 [AsyncHttpClient-1-2] DEBUG org.asynchttpclient.netty.channel.ChannelManager -- Adding key: http://localhost:30159 for channel [id: 0x09696a33, L:/127.0.0.1:60940 - R:localhost/127.0.0.1:30159]
11:20:46.760 [Forwarding clickElement on session d8c241b6e2ce2cd8d4b41005a35f90ac to remote] DEBUG org.asynchttpclient.netty.request.NettyRequestSender -- Using pooled Channel '[id: 0x09696a33, L:/127.0.0.1:60940 - R:localhost/127.0.0.1:30159]' for 'POST' to 'http://localhost:30159/session/d8c241b6e2ce2cd8d4b41005a35f90ac/element/8D8E137D1E904A0330230BBB15C56332_element_8/click'
11:20:46.760 [Forwarding clickElement on session d8c241b6e2ce2cd8d4b41005a35f90ac to remote] DEBUG org.asynchttpclient.netty.request.NettyRequestSender -- Using open Channel [id: 0x09696a33, L:/127.0.0.1:60940 - R:localhost/127.0.0.1:30159] for POST '/session/d8c241b6e2ce2cd8d4b41005a35f90ac/element/8D8E137D1E904A0330230BBB15C56332_element_8/click'
11:20:46.779 [AsyncHttpClient-1-2] DEBUG org.asynchttpclient.netty.handler.HttpHandler -- 

Request DefaultHttpRequest(decodeResult: success, version: HTTP/1.1)
POST /session/d8c241b6e2ce2cd8d4b41005a35f90ac/element/8D8E137D1E904A0330230BBB15C56332_element_8/click HTTP/1.1
User-Agent: selenium/4.5.3 (java unix)
Content-Length: 56
Content-Type: application/json; charset=utf-8
host: localhost:30159
accept: */*

Response DefaultHttpResponse(decodeResult: success, version: HTTP/1.1)
HTTP/1.1 200 OK
Content-Length: 14
Content-Type: application/json; charset=utf-8
cache-control: no-cache

11:20:46.780 [AsyncHttpClient-1-2] DEBUG org.asynchttpclient.netty.channel.ChannelManager -- Adding key: http://localhost:30159 for channel [id: 0x09696a33, L:/127.0.0.1:60940 - R:localhost/127.0.0.1:30159]
11:20:47.195 [AsyncHttpClient-1-1] DEBUG org.asynchttpclient.netty.channel.DefaultChannelPool -- Entry count for : http://localhost:42769 : 1
11:20:47.196 [AsyncHttpClient-1-1] DEBUG org.asynchttpclient.netty.channel.DefaultChannelPool -- Entry count for : http://localhost:41539 : 1
11:20:47.196 [AsyncHttpClient-1-1] DEBUG org.asynchttpclient.netty.channel.DefaultChannelPool -- Entry count for : http://localhost:30159 : 1
11:20:47.196 [AsyncHttpClient-1-1] DEBUG org.asynchttpclient.netty.channel.DefaultChannelPool -- Entry count for : http://localhost:9273 : 1
11:20:47.284 [Forwarding findElement on session 4d0d2d28c87a90b1ad81fd29c00b6c56 to remote] DEBUG org.asynchttpclient.netty.request.NettyRequestSender -- Using pooled Channel '[id: 0x06592195, L:/127.0.0.1:50164 - R:localhost/127.0.0.1:9273]' for 'POST' to 'http://localhost:9273/session/4d0d2d28c87a90b1ad81fd29c00b6c56/element'
11:20:47.285 [Forwarding findElement on session 4d0d2d28c87a90b1ad81fd29c00b6c56 to remote] DEBUG org.asynchttpclient.netty.request.NettyRequestSender -- Using open Channel [id: 0x06592195, L:/127.0.0.1:50164 - R:localhost/127.0.0.1:9273] for POST '/session/4d0d2d28c87a90b1ad81fd29c00b6c56/element'
11:20:47.344 [AsyncHttpClient-1-5] DEBUG org.asynchttpclient.netty.handler.HttpHandler -- 

Request DefaultHttpRequest(decodeResult: success, version: HTTP/1.1)
POST /session/4d0d2d28c87a90b1ad81fd29c00b6c56/element HTTP/1.1
User-Agent: selenium/4.5.3 (java unix)
Content-Length: 53
Content-Type: application/json; charset=utf-8
host: localhost:9273
accept: */*

Response DefaultHttpResponse(decodeResult: success, version: HTTP/1.1)
HTTP/1.1 200 OK
Content-Length: 94
Content-Type: application/json; charset=utf-8
cache-control: no-cache

11:20:47.345 [AsyncHttpClient-1-5] DEBUG org.asynchttpclient.netty.channel.ChannelManager -- Adding key: http://localhost:9273 for channel [id: 0x06592195, L:/127.0.0.1:50164 - R:localhost/127.0.0.1:9273]
11:20:47.347 [Forwarding getElementText on session 4d0d2d28c87a90b1ad81fd29c00b6c56 to remote] DEBUG org.asynchttpclient.netty.request.NettyRequestSender -- Using pooled Channel '[id: 0x06592195, L:/127.0.0.1:50164 - R:localhost/127.0.0.1:9273]' for 'GET' to 'http://localhost:9273/session/4d0d2d28c87a90b1ad81fd29c00b6c56/element/654DAADCFE3F5E37087454289F231281_element_9/text'
11:20:47.347 [Forwarding getElementText on session 4d0d2d28c87a90b1ad81fd29c00b6c56 to remote] DEBUG org.asynchttpclient.netty.request.NettyRequestSender -- Using open Channel [id: 0x06592195, L:/127.0.0.1:50164 - R:localhost/127.0.0.1:9273] for GET '/session/4d0d2d28c87a90b1ad81fd29c00b6c56/element/654DAADCFE3F5E37087454289F231281_element_9/text'
11:20:47.374 [AsyncHttpClient-1-5] DEBUG org.asynchttpclient.netty.handler.HttpHandler -- 

Request DefaultFullHttpRequest(decodeResult: success, version: HTTP/1.1, content: EmptyByteBufBE)
GET /session/4d0d2d28c87a90b1ad81fd29c00b6c56/element/654DAADCFE3F5E37087454289F231281_element_9/text HTTP/1.1
User-Agent: selenium/4.5.3 (java unix)
Cache-Control: no-cache
Content-Type: application/json; charset=utf-8
host: localhost:9273
accept: */*

Response DefaultHttpResponse(decodeResult: success, version: HTTP/1.1)
HTTP/1.1 200 OK
Content-Length: 61
Content-Type: application/json; charset=utf-8
cache-control: no-cache

11:20:47.375 [AsyncHttpClient-1-5] DEBUG org.asynchttpclient.netty.channel.ChannelManager -- Adding key: http://localhost:9273 for channel [id: 0x06592195, L:/127.0.0.1:50164 - R:localhost/127.0.0.1:9273]
11:20:47.377 [AsyncHttpClient-1-4] DEBUG org.asynchttpclient.netty.handler.WebSocketHandler -- Channel Closed: [id: 0x3a6ce3df, L:/127.0.0.1:41916 ! R:localhost/127.0.0.1:42769] with attribute NettyResponseFuture{currentRetry=0,
	isDone=1,
	isCancelled=0,
	asyncHandler=org.asynchttpclient.ws.WebSocketUpgradeHandler@589845d,
	nettyRequest=org.asynchttpclient.netty.request.NettyRequest@5ece4914,
	future=java.util.concurrent.CompletableFuture@48f5aad0[Completed normally],
	uri=ws://localhost:42769/devtools/browser/27117e3d-bec3-4226-8795-2439dca371ce,
	keepAlive=true,
	redirectCount=0,
	timeoutsHolder=null,
	inAuth=0,
	touch=1683192045636}
11:20:47.377 [Driver Command Executor] DEBUG org.asynchttpclient.netty.request.NettyRequestSender -- Using pooled Channel '[id: 0x09696a33, L:/127.0.0.1:60940 - R:localhost/127.0.0.1:30159]' for 'DELETE' to 'http://localhost:30159/session/d8c241b6e2ce2cd8d4b41005a35f90ac'
11:20:47.377 [AsyncHttpClient-1-4] DEBUG org.asynchttpclient.netty.channel.ChannelManager -- Closing Channel [id: 0x3a6ce3df, L:/127.0.0.1:41916 ! R:localhost/127.0.0.1:42769] 
11:20:47.377 [Driver Command Executor] DEBUG org.asynchttpclient.netty.request.NettyRequestSender -- Using open Channel [id: 0x09696a33, L:/127.0.0.1:60940 - R:localhost/127.0.0.1:30159] for DELETE '/session/d8c241b6e2ce2cd8d4b41005a35f90ac'
11:20:47.385 [AsyncHttpClient-1-3] DEBUG org.asynchttpclient.netty.handler.HttpHandler -- Channel Closed: [id: 0x368b1506, L:/127.0.0.1:41900 ! R:localhost/127.0.0.1:42769] with attribute DISCARD
11:20:47.428 [AsyncHttpClient-1-2] DEBUG org.asynchttpclient.netty.handler.HttpHandler -- 

Request DefaultFullHttpRequest(decodeResult: success, version: HTTP/1.1, content: EmptyByteBufBE)
DELETE /session/d8c241b6e2ce2cd8d4b41005a35f90ac HTTP/1.1
User-Agent: selenium/4.5.3 (java unix)
Content-Type: application/json; charset=utf-8
host: localhost:30159
accept: */*

Response DefaultHttpResponse(decodeResult: success, version: HTTP/1.1)
HTTP/1.1 200 OK
Content-Length: 14
Content-Type: application/json; charset=utf-8
cache-control: no-cache

11:20:47.428 [AsyncHttpClient-1-2] DEBUG org.asynchttpclient.netty.channel.ChannelManager -- Adding key: http://localhost:30159 for channel [id: 0x09696a33, L:/127.0.0.1:60940 - R:localhost/127.0.0.1:30159]
11:20:47.431 [AsyncHttpClient-1-2] DEBUG org.asynchttpclient.netty.handler.HttpHandler -- Channel Closed: [id: 0x09696a33, L:/127.0.0.1:60940 ! R:localhost/127.0.0.1:30159] with attribute DISCARD
11:20:47.481 [AsyncHttpClient-1-7] DEBUG org.asynchttpclient.netty.handler.WebSocketHandler -- Channel Closed: [id: 0x345692eb, L:/127.0.0.1:58494 ! R:localhost/127.0.0.1:41539] with attribute NettyResponseFuture{currentRetry=0,
	isDone=1,
	isCancelled=0,
	asyncHandler=org.asynchttpclient.ws.WebSocketUpgradeHandler@7a49aaf9,
	nettyRequest=org.asynchttpclient.netty.request.NettyRequest@522a4dfc,
	future=java.util.concurrent.CompletableFuture@4f75e358[Completed normally],
	uri=ws://localhost:41539/devtools/browser/5fde3904-b376-44b9-b3ce-bf9da1a26d5b,
	keepAlive=true,
	redirectCount=0,
	timeoutsHolder=null,
	inAuth=0,
	touch=1683192046036}
11:20:47.482 [Driver Command Executor] DEBUG org.asynchttpclient.netty.request.NettyRequestSender -- Using pooled Channel '[id: 0x06592195, L:/127.0.0.1:50164 - R:localhost/127.0.0.1:9273]' for 'DELETE' to 'http://localhost:9273/session/4d0d2d28c87a90b1ad81fd29c00b6c56'
11:20:47.482 [AsyncHttpClient-1-7] DEBUG org.asynchttpclient.netty.channel.ChannelManager -- Closing Channel [id: 0x345692eb, L:/127.0.0.1:58494 ! R:localhost/127.0.0.1:41539] 
11:20:47.482 [Driver Command Executor] DEBUG org.asynchttpclient.netty.request.NettyRequestSender -- Using open Channel [id: 0x06592195, L:/127.0.0.1:50164 - R:localhost/127.0.0.1:9273] for DELETE '/session/4d0d2d28c87a90b1ad81fd29c00b6c56'
11:20:47.515 [AsyncHttpClient-1-6] DEBUG org.asynchttpclient.netty.handler.HttpHandler -- Channel Closed: [id: 0xf3cf160b, L:/127.0.0.1:58484 ! R:localhost/127.0.0.1:41539] with attribute DISCARD
11:20:47.535 [AsyncHttpClient-1-5] DEBUG org.asynchttpclient.netty.handler.HttpHandler -- 

Request DefaultFullHttpRequest(decodeResult: success, version: HTTP/1.1, content: EmptyByteBufBE)
DELETE /session/4d0d2d28c87a90b1ad81fd29c00b6c56 HTTP/1.1
User-Agent: selenium/4.5.3 (java unix)
Content-Type: application/json; charset=utf-8
host: localhost:9273
accept: */*

Response DefaultHttpResponse(decodeResult: success, version: HTTP/1.1)
HTTP/1.1 200 OK
Content-Length: 14
Content-Type: application/json; charset=utf-8
cache-control: no-cache

11:20:47.536 [AsyncHttpClient-1-5] DEBUG org.asynchttpclient.netty.channel.ChannelManager -- Adding key: http://localhost:9273 for channel [id: 0x06592195, L:/127.0.0.1:50164 - R:localhost/127.0.0.1:9273]
11:20:47.540 [AsyncHttpClient-1-5] DEBUG org.asynchttpclient.netty.handler.HttpHandler -- Channel Closed: [id: 0x06592195, L:/127.0.0.1:50164 ! R:localhost/127.0.0.1:9273] with attribute DISCARD
]]></system-out>
    <system-err><![CDATA[Starting ChromeDriver 113.0.5672.63 (0e1a4471d5ae5bf128b1bd8f4d627c8cbd55f70c-refs/branch-heads/5672@{#912}) on port 30159
Only local connections are allowed.
Please see https://chromedriver.chromium.org/security-considerations for suggestions on keeping ChromeDriver safe.
ChromeDriver was started successfully.
may 04, 2023 11:20:45 A. M. org.openqa.selenium.devtools.CdpVersionFinder findNearestMatch
ADVERTENCIA: Unable to find CDP implementation matching 113
may 04, 2023 11:20:45 A. M. org.openqa.selenium.chromium.ChromiumDriver lambda$new$3
ADVERTENCIA: Unable to find version of CDP to use for . You may need to include a dependency on a specific version of the CDP using something similar to `org.seleniumhq.selenium:selenium-devtools-v86:4.5.3` where the version ("v86") matches the version of the chromium-based browser you're using and the version number of the artifact is the same as Selenium's.
Starting ChromeDriver 113.0.5672.63 (0e1a4471d5ae5bf128b1bd8f4d627c8cbd55f70c-refs/branch-heads/5672@{#912}) on port 9273
Only local connections are allowed.
Please see https://chromedriver.chromium.org/security-considerations for suggestions on keeping ChromeDriver safe.
ChromeDriver was started successfully.
may 04, 2023 11:20:46 A. M. org.openqa.selenium.devtools.CdpVersionFinder findNearestMatch
ADVERTENCIA: Unable to find CDP implementation matching 113
may 04, 2023 11:20:46 A. M. org.openqa.selenium.chromium.ChromiumDriver lambda$new$3
ADVERTENCIA: Unable to find version of CDP to use for . You may need to include a dependency on a specific version of the CDP using something similar to `org.seleniumhq.selenium:selenium-devtools-v86:4.5.3` where the version ("v86") matches the version of the chromium-based browser you're using and the version number of the artifact is the same as Selenium's.
]]></system-err>
  </testcase>
  <testcase name="salida3" classname="es.uma.informatica.sii.practica.websockets.tests.WebsocketsIT" time="2.173">
    <system-out><![CDATA[11:20:47.611 [AsyncHttpClient-1-8] DEBUG org.asynchttpclient.netty.channel.NettyConnectListener -- Using new Channel '[id: 0x143ea169, L:/127.0.0.1:40832 - R:localhost/127.0.0.1:25780]' for 'POST' to '/session'
11:20:47.901 [AsyncHttpClient-1-8] DEBUG org.asynchttpclient.netty.handler.HttpHandler -- 

Request DefaultHttpRequest(decodeResult: success, version: HTTP/1.1)
POST /session HTTP/1.1
User-Agent: selenium/4.5.3 (java unix)
Content-Length: 439
Content-Type: application/json; charset=utf-8
host: localhost:25780
accept: */*

Response DefaultHttpResponse(decodeResult: success, version: HTTP/1.1)
HTTP/1.1 200 OK
Content-Length: 821
Content-Type: application/json; charset=utf-8
cache-control: no-cache

11:20:47.901 [AsyncHttpClient-1-8] DEBUG org.asynchttpclient.netty.channel.ChannelManager -- Adding key: http://localhost:25780 for channel [id: 0x143ea169, L:/127.0.0.1:40832 - R:localhost/127.0.0.1:25780]
11:20:47.906 [AsyncHttpClient-1-9] DEBUG org.asynchttpclient.netty.channel.NettyConnectListener -- Using new Channel '[id: 0x2d54f385, L:/127.0.0.1:57944 - R:localhost/127.0.0.1:42573]' for 'GET' to '/json/version'
11:20:47.929 [AsyncHttpClient-1-9] DEBUG org.asynchttpclient.netty.handler.HttpHandler -- 

Request DefaultFullHttpRequest(decodeResult: success, version: HTTP/1.1, content: EmptyByteBufBE)
GET /json/version HTTP/1.1
User-Agent: selenium/4.5.3 (java unix)
host: localhost:42573
accept: */*

Response DefaultHttpResponse(decodeResult: success, version: HTTP/1.1)
HTTP/1.1 200 OK
Content-Security-Policy: frame-ancestors 'none'
Content-Length: 404
Content-Type: application/json; charset=UTF-8

11:20:47.931 [AsyncHttpClient-1-9] DEBUG org.asynchttpclient.netty.channel.ChannelManager -- Adding key: http://localhost:42573 for channel [id: 0x2d54f385, L:/127.0.0.1:57944 - R:localhost/127.0.0.1:42573]
11:20:47.939 [AsyncHttpClient-1-10] DEBUG org.asynchttpclient.netty.channel.NettyConnectListener -- Using new Channel '[id: 0x745f176e, L:/127.0.0.1:57956 - R:localhost/127.0.0.1:42573]' for 'GET' to '/devtools/browser/39d378f3-e39b-43f2-b72d-ab2078e881bc'
11:20:47.944 [AsyncHttpClient-1-10] DEBUG org.asynchttpclient.netty.handler.WebSocketHandler -- 

Request DefaultFullHttpRequest(decodeResult: success, version: HTTP/1.1, content: EmptyByteBufBE)
GET /devtools/browser/39d378f3-e39b-43f2-b72d-ab2078e881bc HTTP/1.1
upgrade: websocket
connection: upgrade
sec-websocket-key: wLJ56VACJIiZfHtMIT8Kqw==
sec-websocket-version: 13
origin: http://localhost:42573
host: localhost:42573
accept: */*
user-agent: AHC/2.1

Response DefaultHttpResponse(decodeResult: success, version: HTTP/1.1)
HTTP/1.1 101 WebSocket Protocol Handshake
Upgrade: WebSocket
Connection: Upgrade
Sec-WebSocket-Accept: kcCf2ao/a7jVmHePcvGORbrZMzY=

11:20:47.971 [AsyncHttpClient-1-11] DEBUG org.asynchttpclient.netty.channel.NettyConnectListener -- Using new Channel '[id: 0x1f5c108e, L:/127.0.0.1:54292 - R:localhost/127.0.0.1:25305]' for 'POST' to '/session'
11:20:48.256 [AsyncHttpClient-1-11] DEBUG org.asynchttpclient.netty.handler.HttpHandler -- 

Request DefaultHttpRequest(decodeResult: success, version: HTTP/1.1)
POST /session HTTP/1.1
User-Agent: selenium/4.5.3 (java unix)
Content-Length: 439
Content-Type: application/json; charset=utf-8
host: localhost:25305
accept: */*

Response DefaultHttpResponse(decodeResult: success, version: HTTP/1.1)
HTTP/1.1 200 OK
Content-Length: 821
Content-Type: application/json; charset=utf-8
cache-control: no-cache

11:20:48.256 [AsyncHttpClient-1-11] DEBUG org.asynchttpclient.netty.channel.ChannelManager -- Adding key: http://localhost:25305 for channel [id: 0x1f5c108e, L:/127.0.0.1:54292 - R:localhost/127.0.0.1:25305]
11:20:48.260 [AsyncHttpClient-1-12] DEBUG org.asynchttpclient.netty.channel.NettyConnectListener -- Using new Channel '[id: 0x150b8d27, L:/127.0.0.1:45314 - R:localhost/127.0.0.1:40483]' for 'GET' to '/json/version'
11:20:48.295 [AsyncHttpClient-1-1] DEBUG org.asynchttpclient.netty.channel.DefaultChannelPool -- Entry count for : http://localhost:42769 : 1
11:20:48.295 [AsyncHttpClient-1-1] DEBUG org.asynchttpclient.netty.channel.DefaultChannelPool -- Entry count for : http://localhost:41539 : 1
11:20:48.296 [AsyncHttpClient-1-1] DEBUG org.asynchttpclient.netty.channel.DefaultChannelPool -- Entry count for : http://localhost:30159 : 1
11:20:48.296 [AsyncHttpClient-1-1] DEBUG org.asynchttpclient.netty.channel.DefaultChannelPool -- Entry count for : http://localhost:9273 : 1
11:20:48.296 [AsyncHttpClient-1-1] DEBUG org.asynchttpclient.netty.channel.DefaultChannelPool -- Entry count for : http://localhost:25305 : 1
11:20:48.296 [AsyncHttpClient-1-1] DEBUG org.asynchttpclient.netty.channel.DefaultChannelPool -- Entry count for : http://localhost:42573 : 1
11:20:48.296 [AsyncHttpClient-1-1] DEBUG org.asynchttpclient.netty.channel.DefaultChannelPool -- Entry count for : http://localhost:25780 : 1
11:20:48.297 [AsyncHttpClient-1-1] DEBUG org.asynchttpclient.netty.channel.DefaultChannelPool -- Adding Candidate expired Channel [id: 0x368b1506, L:/127.0.0.1:41900 ! R:localhost/127.0.0.1:42769] isIdleTimeoutExpired=false isRemotelyClosed=true isTtlExpired=false
11:20:48.297 [AsyncHttpClient-1-1] DEBUG org.asynchttpclient.netty.channel.DefaultChannelPool -- Closing Idle Channel [id: 0x368b1506, L:/127.0.0.1:41900 ! R:localhost/127.0.0.1:42769]
11:20:48.297 [AsyncHttpClient-1-1] DEBUG org.asynchttpclient.netty.channel.DefaultChannelPool -- Adding Candidate expired Channel [id: 0xf3cf160b, L:/127.0.0.1:58484 ! R:localhost/127.0.0.1:41539] isIdleTimeoutExpired=false isRemotelyClosed=true isTtlExpired=false
11:20:48.298 [AsyncHttpClient-1-1] DEBUG org.asynchttpclient.netty.channel.DefaultChannelPool -- Closing Idle Channel [id: 0xf3cf160b, L:/127.0.0.1:58484 ! R:localhost/127.0.0.1:41539]
11:20:48.297 [AsyncHttpClient-1-12] DEBUG org.asynchttpclient.netty.handler.HttpHandler -- 

Request DefaultFullHttpRequest(decodeResult: success, version: HTTP/1.1, content: EmptyByteBufBE)
GET /json/version HTTP/1.1
User-Agent: selenium/4.5.3 (java unix)
host: localhost:40483
accept: */*

Response DefaultHttpResponse(decodeResult: success, version: HTTP/1.1)
HTTP/1.1 200 OK
Content-Security-Policy: frame-ancestors 'none'
Content-Length: 404
Content-Type: application/json; charset=UTF-8

11:20:48.298 [AsyncHttpClient-1-1] DEBUG org.asynchttpclient.netty.channel.DefaultChannelPool -- Adding Candidate expired Channel [id: 0x09696a33, L:/127.0.0.1:60940 ! R:localhost/127.0.0.1:30159] isIdleTimeoutExpired=false isRemotelyClosed=true isTtlExpired=false
11:20:48.298 [AsyncHttpClient-1-1] DEBUG org.asynchttpclient.netty.channel.DefaultChannelPool -- Closing Idle Channel [id: 0x09696a33, L:/127.0.0.1:60940 ! R:localhost/127.0.0.1:30159]
11:20:48.299 [AsyncHttpClient-1-12] DEBUG org.asynchttpclient.netty.channel.ChannelManager -- Adding key: http://localhost:40483 for channel [id: 0x150b8d27, L:/127.0.0.1:45314 - R:localhost/127.0.0.1:40483]
11:20:48.299 [AsyncHttpClient-1-1] DEBUG org.asynchttpclient.netty.channel.DefaultChannelPool -- Adding Candidate expired Channel [id: 0x06592195, L:/127.0.0.1:50164 ! R:localhost/127.0.0.1:9273] isIdleTimeoutExpired=false isRemotelyClosed=true isTtlExpired=false
11:20:48.299 [AsyncHttpClient-1-1] DEBUG org.asynchttpclient.netty.channel.DefaultChannelPool -- Closing Idle Channel [id: 0x06592195, L:/127.0.0.1:50164 ! R:localhost/127.0.0.1:9273]
11:20:48.300 [AsyncHttpClient-1-1] DEBUG org.asynchttpclient.netty.channel.DefaultChannelPool -- Closed 4 connections out of 8 in 3 ms
11:20:48.306 [AsyncHttpClient-1-13] DEBUG org.asynchttpclient.netty.channel.NettyConnectListener -- Using new Channel '[id: 0xc91a19d0, L:/127.0.0.1:45316 - R:localhost/127.0.0.1:40483]' for 'GET' to '/devtools/browser/8be3ece8-c76c-4705-bd70-4800b1f2d4a2'
11:20:48.319 [AsyncHttpClient-1-13] DEBUG org.asynchttpclient.netty.handler.WebSocketHandler -- 

Request DefaultFullHttpRequest(decodeResult: success, version: HTTP/1.1, content: EmptyByteBufBE)
GET /devtools/browser/8be3ece8-c76c-4705-bd70-4800b1f2d4a2 HTTP/1.1
upgrade: websocket
connection: upgrade
sec-websocket-key: UUk4Bcti26Xv473r9kSerw==
sec-websocket-version: 13
origin: http://localhost:40483
host: localhost:40483
accept: */*
user-agent: AHC/2.1

Response DefaultHttpResponse(decodeResult: success, version: HTTP/1.1)
HTTP/1.1 101 WebSocket Protocol Handshake
Upgrade: WebSocket
Connection: Upgrade
Sec-WebSocket-Accept: tb54HzfY6Tzhtpna9EqJACMM87g=

11:20:48.328 [Forwarding get on session 90fbb20c3059183e400704c3cbc522b4 to remote] DEBUG org.asynchttpclient.netty.request.NettyRequestSender -- Using pooled Channel '[id: 0x143ea169, L:/127.0.0.1:40832 - R:localhost/127.0.0.1:25780]' for 'POST' to 'http://localhost:25780/session/90fbb20c3059183e400704c3cbc522b4/url'
11:20:48.328 [Forwarding get on session 90fbb20c3059183e400704c3cbc522b4 to remote] DEBUG org.asynchttpclient.netty.request.NettyRequestSender -- Using open Channel [id: 0x143ea169, L:/127.0.0.1:40832 - R:localhost/127.0.0.1:25780] for POST '/session/90fbb20c3059183e400704c3cbc522b4/url'
11:20:48.381 [AsyncHttpClient-1-8] DEBUG org.asynchttpclient.netty.handler.HttpHandler -- 

Request DefaultHttpRequest(decodeResult: success, version: HTTP/1.1)
POST /session/90fbb20c3059183e400704c3cbc522b4/url HTTP/1.1
User-Agent: selenium/4.5.3 (java unix)
Content-Length: 62
Content-Type: application/json; charset=utf-8
host: localhost:25780
accept: */*

Response DefaultHttpResponse(decodeResult: success, version: HTTP/1.1)
HTTP/1.1 200 OK
Content-Length: 14
Content-Type: application/json; charset=utf-8
cache-control: no-cache

11:20:48.381 [AsyncHttpClient-1-8] DEBUG org.asynchttpclient.netty.channel.ChannelManager -- Adding key: http://localhost:25780 for channel [id: 0x143ea169, L:/127.0.0.1:40832 - R:localhost/127.0.0.1:25780]
11:20:48.382 [Forwarding setCurrentWindowSize on session 90fbb20c3059183e400704c3cbc522b4 to remote] DEBUG org.asynchttpclient.netty.request.NettyRequestSender -- Using pooled Channel '[id: 0x143ea169, L:/127.0.0.1:40832 - R:localhost/127.0.0.1:25780]' for 'POST' to 'http://localhost:25780/session/90fbb20c3059183e400704c3cbc522b4/window/rect'
11:20:48.382 [Forwarding setCurrentWindowSize on session 90fbb20c3059183e400704c3cbc522b4 to remote] DEBUG org.asynchttpclient.netty.request.NettyRequestSender -- Using open Channel [id: 0x143ea169, L:/127.0.0.1:40832 - R:localhost/127.0.0.1:25780] for POST '/session/90fbb20c3059183e400704c3cbc522b4/window/rect'
11:20:48.495 [AsyncHttpClient-1-8] DEBUG org.asynchttpclient.netty.handler.HttpHandler -- 

Request DefaultHttpRequest(decodeResult: success, version: HTTP/1.1)
POST /session/90fbb20c3059183e400704c3cbc522b4/window/rect HTTP/1.1
User-Agent: selenium/4.5.3 (java unix)
Content-Length: 36
Content-Type: application/json; charset=utf-8
host: localhost:25780
accept: */*

Response DefaultHttpResponse(decodeResult: success, version: HTTP/1.1)
HTTP/1.1 200 OK
Content-Length: 51
Content-Type: application/json; charset=utf-8
cache-control: no-cache

11:20:48.496 [AsyncHttpClient-1-8] DEBUG org.asynchttpclient.netty.channel.ChannelManager -- Adding key: http://localhost:25780 for channel [id: 0x143ea169, L:/127.0.0.1:40832 - R:localhost/127.0.0.1:25780]
11:20:48.502 [Forwarding findElement on session 90fbb20c3059183e400704c3cbc522b4 to remote] DEBUG org.asynchttpclient.netty.request.NettyRequestSender -- Using pooled Channel '[id: 0x143ea169, L:/127.0.0.1:40832 - R:localhost/127.0.0.1:25780]' for 'POST' to 'http://localhost:25780/session/90fbb20c3059183e400704c3cbc522b4/element'
11:20:48.503 [Forwarding findElement on session 90fbb20c3059183e400704c3cbc522b4 to remote] DEBUG org.asynchttpclient.netty.request.NettyRequestSender -- Using open Channel [id: 0x143ea169, L:/127.0.0.1:40832 - R:localhost/127.0.0.1:25780] for POST '/session/90fbb20c3059183e400704c3cbc522b4/element'
11:20:48.560 [AsyncHttpClient-1-8] DEBUG org.asynchttpclient.netty.handler.HttpHandler -- 

Request DefaultHttpRequest(decodeResult: success, version: HTTP/1.1)
POST /session/90fbb20c3059183e400704c3cbc522b4/element HTTP/1.1
User-Agent: selenium/4.5.3 (java unix)
Content-Length: 51
Content-Type: application/json; charset=utf-8
host: localhost:25780
accept: */*

Response DefaultHttpResponse(decodeResult: success, version: HTTP/1.1)
HTTP/1.1 200 OK
Content-Length: 94
Content-Type: application/json; charset=utf-8
cache-control: no-cache

11:20:48.560 [AsyncHttpClient-1-8] DEBUG org.asynchttpclient.netty.channel.ChannelManager -- Adding key: http://localhost:25780 for channel [id: 0x143ea169, L:/127.0.0.1:40832 - R:localhost/127.0.0.1:25780]
11:20:48.562 [Forwarding sendKeysToElement on session 90fbb20c3059183e400704c3cbc522b4 to remote] DEBUG org.asynchttpclient.netty.request.NettyRequestSender -- Using pooled Channel '[id: 0x143ea169, L:/127.0.0.1:40832 - R:localhost/127.0.0.1:25780]' for 'POST' to 'http://localhost:25780/session/90fbb20c3059183e400704c3cbc522b4/element/AB7E5C63F0FE70023F8617AB8F06E5CD_element_5/value'
11:20:48.563 [Forwarding sendKeysToElement on session 90fbb20c3059183e400704c3cbc522b4 to remote] DEBUG org.asynchttpclient.netty.request.NettyRequestSender -- Using open Channel [id: 0x143ea169, L:/127.0.0.1:40832 - R:localhost/127.0.0.1:25780] for POST '/session/90fbb20c3059183e400704c3cbc522b4/element/AB7E5C63F0FE70023F8617AB8F06E5CD_element_5/value'
11:20:48.610 [AsyncHttpClient-1-8] DEBUG org.asynchttpclient.netty.handler.HttpHandler -- 

Request DefaultHttpRequest(decodeResult: success, version: HTTP/1.1)
POST /session/90fbb20c3059183e400704c3cbc522b4/element/AB7E5C63F0FE70023F8617AB8F06E5CD_element_5/value HTTP/1.1
User-Agent: selenium/4.5.3 (java unix)
Content-Length: 157
Content-Type: application/json; charset=utf-8
host: localhost:25780
accept: */*

Response DefaultHttpResponse(decodeResult: success, version: HTTP/1.1)
HTTP/1.1 200 OK
Content-Length: 14
Content-Type: application/json; charset=utf-8
cache-control: no-cache

11:20:48.610 [AsyncHttpClient-1-8] DEBUG org.asynchttpclient.netty.channel.ChannelManager -- Adding key: http://localhost:25780 for channel [id: 0x143ea169, L:/127.0.0.1:40832 - R:localhost/127.0.0.1:25780]
11:20:48.611 [Forwarding findElement on session 90fbb20c3059183e400704c3cbc522b4 to remote] DEBUG org.asynchttpclient.netty.request.NettyRequestSender -- Using pooled Channel '[id: 0x143ea169, L:/127.0.0.1:40832 - R:localhost/127.0.0.1:25780]' for 'POST' to 'http://localhost:25780/session/90fbb20c3059183e400704c3cbc522b4/element'
11:20:48.611 [Forwarding findElement on session 90fbb20c3059183e400704c3cbc522b4 to remote] DEBUG org.asynchttpclient.netty.request.NettyRequestSender -- Using open Channel [id: 0x143ea169, L:/127.0.0.1:40832 - R:localhost/127.0.0.1:25780] for POST '/session/90fbb20c3059183e400704c3cbc522b4/element'
11:20:48.618 [AsyncHttpClient-1-8] DEBUG org.asynchttpclient.netty.handler.HttpHandler -- 

Request DefaultHttpRequest(decodeResult: success, version: HTTP/1.1)
POST /session/90fbb20c3059183e400704c3cbc522b4/element HTTP/1.1
User-Agent: selenium/4.5.3 (java unix)
Content-Length: 57
Content-Type: application/json; charset=utf-8
host: localhost:25780
accept: */*

Response DefaultHttpResponse(decodeResult: success, version: HTTP/1.1)
HTTP/1.1 200 OK
Content-Length: 94
Content-Type: application/json; charset=utf-8
cache-control: no-cache

11:20:48.618 [AsyncHttpClient-1-8] DEBUG org.asynchttpclient.netty.channel.ChannelManager -- Adding key: http://localhost:25780 for channel [id: 0x143ea169, L:/127.0.0.1:40832 - R:localhost/127.0.0.1:25780]
11:20:48.619 [Forwarding clickElement on session 90fbb20c3059183e400704c3cbc522b4 to remote] DEBUG org.asynchttpclient.netty.request.NettyRequestSender -- Using pooled Channel '[id: 0x143ea169, L:/127.0.0.1:40832 - R:localhost/127.0.0.1:25780]' for 'POST' to 'http://localhost:25780/session/90fbb20c3059183e400704c3cbc522b4/element/AB7E5C63F0FE70023F8617AB8F06E5CD_element_6/click'
11:20:48.619 [Forwarding clickElement on session 90fbb20c3059183e400704c3cbc522b4 to remote] DEBUG org.asynchttpclient.netty.request.NettyRequestSender -- Using open Channel [id: 0x143ea169, L:/127.0.0.1:40832 - R:localhost/127.0.0.1:25780] for POST '/session/90fbb20c3059183e400704c3cbc522b4/element/AB7E5C63F0FE70023F8617AB8F06E5CD_element_6/click'
11:20:48.647 [AsyncHttpClient-1-8] DEBUG org.asynchttpclient.netty.handler.HttpHandler -- 

Request DefaultHttpRequest(decodeResult: success, version: HTTP/1.1)
POST /session/90fbb20c3059183e400704c3cbc522b4/element/AB7E5C63F0FE70023F8617AB8F06E5CD_element_6/click HTTP/1.1
User-Agent: selenium/4.5.3 (java unix)
Content-Length: 56
Content-Type: application/json; charset=utf-8
host: localhost:25780
accept: */*

Response DefaultHttpResponse(decodeResult: success, version: HTTP/1.1)
HTTP/1.1 200 OK
Content-Length: 14
Content-Type: application/json; charset=utf-8
cache-control: no-cache

11:20:48.647 [AsyncHttpClient-1-8] DEBUG org.asynchttpclient.netty.channel.ChannelManager -- Adding key: http://localhost:25780 for channel [id: 0x143ea169, L:/127.0.0.1:40832 - R:localhost/127.0.0.1:25780]
11:20:48.648 [Forwarding get on session 635e6883d1a67cf0ea06c69035cf83c2 to remote] DEBUG org.asynchttpclient.netty.request.NettyRequestSender -- Using pooled Channel '[id: 0x1f5c108e, L:/127.0.0.1:54292 - R:localhost/127.0.0.1:25305]' for 'POST' to 'http://localhost:25305/session/635e6883d1a67cf0ea06c69035cf83c2/url'
11:20:48.648 [Forwarding get on session 635e6883d1a67cf0ea06c69035cf83c2 to remote] DEBUG org.asynchttpclient.netty.request.NettyRequestSender -- Using open Channel [id: 0x1f5c108e, L:/127.0.0.1:54292 - R:localhost/127.0.0.1:25305] for POST '/session/635e6883d1a67cf0ea06c69035cf83c2/url'
11:20:48.708 [AsyncHttpClient-1-11] DEBUG org.asynchttpclient.netty.handler.HttpHandler -- 

Request DefaultHttpRequest(decodeResult: success, version: HTTP/1.1)
POST /session/635e6883d1a67cf0ea06c69035cf83c2/url HTTP/1.1
User-Agent: selenium/4.5.3 (java unix)
Content-Length: 62
Content-Type: application/json; charset=utf-8
host: localhost:25305
accept: */*

Response DefaultHttpResponse(decodeResult: success, version: HTTP/1.1)
HTTP/1.1 200 OK
Content-Length: 14
Content-Type: application/json; charset=utf-8
cache-control: no-cache

11:20:48.709 [AsyncHttpClient-1-11] DEBUG org.asynchttpclient.netty.channel.ChannelManager -- Adding key: http://localhost:25305 for channel [id: 0x1f5c108e, L:/127.0.0.1:54292 - R:localhost/127.0.0.1:25305]
11:20:48.710 [Forwarding setCurrentWindowSize on session 635e6883d1a67cf0ea06c69035cf83c2 to remote] DEBUG org.asynchttpclient.netty.request.NettyRequestSender -- Using pooled Channel '[id: 0x1f5c108e, L:/127.0.0.1:54292 - R:localhost/127.0.0.1:25305]' for 'POST' to 'http://localhost:25305/session/635e6883d1a67cf0ea06c69035cf83c2/window/rect'
11:20:48.710 [Forwarding setCurrentWindowSize on session 635e6883d1a67cf0ea06c69035cf83c2 to remote] DEBUG org.asynchttpclient.netty.request.NettyRequestSender -- Using open Channel [id: 0x1f5c108e, L:/127.0.0.1:54292 - R:localhost/127.0.0.1:25305] for POST '/session/635e6883d1a67cf0ea06c69035cf83c2/window/rect'
11:20:48.821 [AsyncHttpClient-1-11] DEBUG org.asynchttpclient.netty.handler.HttpHandler -- 

Request DefaultHttpRequest(decodeResult: success, version: HTTP/1.1)
POST /session/635e6883d1a67cf0ea06c69035cf83c2/window/rect HTTP/1.1
User-Agent: selenium/4.5.3 (java unix)
Content-Length: 36
Content-Type: application/json; charset=utf-8
host: localhost:25305
accept: */*

Response DefaultHttpResponse(decodeResult: success, version: HTTP/1.1)
HTTP/1.1 200 OK
Content-Length: 51
Content-Type: application/json; charset=utf-8
cache-control: no-cache

11:20:48.822 [AsyncHttpClient-1-11] DEBUG org.asynchttpclient.netty.channel.ChannelManager -- Adding key: http://localhost:25305 for channel [id: 0x1f5c108e, L:/127.0.0.1:54292 - R:localhost/127.0.0.1:25305]
11:20:48.829 [Forwarding findElement on session 635e6883d1a67cf0ea06c69035cf83c2 to remote] DEBUG org.asynchttpclient.netty.request.NettyRequestSender -- Using pooled Channel '[id: 0x1f5c108e, L:/127.0.0.1:54292 - R:localhost/127.0.0.1:25305]' for 'POST' to 'http://localhost:25305/session/635e6883d1a67cf0ea06c69035cf83c2/element'
11:20:48.830 [Forwarding findElement on session 635e6883d1a67cf0ea06c69035cf83c2 to remote] DEBUG org.asynchttpclient.netty.request.NettyRequestSender -- Using open Channel [id: 0x1f5c108e, L:/127.0.0.1:54292 - R:localhost/127.0.0.1:25305] for POST '/session/635e6883d1a67cf0ea06c69035cf83c2/element'
11:20:48.894 [AsyncHttpClient-1-11] DEBUG org.asynchttpclient.netty.handler.HttpHandler -- 

Request DefaultHttpRequest(decodeResult: success, version: HTTP/1.1)
POST /session/635e6883d1a67cf0ea06c69035cf83c2/element HTTP/1.1
User-Agent: selenium/4.5.3 (java unix)
Content-Length: 51
Content-Type: application/json; charset=utf-8
host: localhost:25305
accept: */*

Response DefaultHttpResponse(decodeResult: success, version: HTTP/1.1)
HTTP/1.1 200 OK
Content-Length: 94
Content-Type: application/json; charset=utf-8
cache-control: no-cache

11:20:48.894 [AsyncHttpClient-1-11] DEBUG org.asynchttpclient.netty.channel.ChannelManager -- Adding key: http://localhost:25305 for channel [id: 0x1f5c108e, L:/127.0.0.1:54292 - R:localhost/127.0.0.1:25305]
11:20:48.896 [Forwarding sendKeysToElement on session 635e6883d1a67cf0ea06c69035cf83c2 to remote] DEBUG org.asynchttpclient.netty.request.NettyRequestSender -- Using pooled Channel '[id: 0x1f5c108e, L:/127.0.0.1:54292 - R:localhost/127.0.0.1:25305]' for 'POST' to 'http://localhost:25305/session/635e6883d1a67cf0ea06c69035cf83c2/element/6B29E0C1EBB09C307073905D0394005D_element_5/value'
11:20:48.897 [Forwarding sendKeysToElement on session 635e6883d1a67cf0ea06c69035cf83c2 to remote] DEBUG org.asynchttpclient.netty.request.NettyRequestSender -- Using open Channel [id: 0x1f5c108e, L:/127.0.0.1:54292 - R:localhost/127.0.0.1:25305] for POST '/session/635e6883d1a67cf0ea06c69035cf83c2/element/6B29E0C1EBB09C307073905D0394005D_element_5/value'
11:20:48.961 [AsyncHttpClient-1-11] DEBUG org.asynchttpclient.netty.handler.HttpHandler -- 

Request DefaultHttpRequest(decodeResult: success, version: HTTP/1.1)
POST /session/635e6883d1a67cf0ea06c69035cf83c2/element/6B29E0C1EBB09C307073905D0394005D_element_5/value HTTP/1.1
User-Agent: selenium/4.5.3 (java unix)
Content-Length: 147
Content-Type: application/json; charset=utf-8
host: localhost:25305
accept: */*

Response DefaultHttpResponse(decodeResult: success, version: HTTP/1.1)
HTTP/1.1 200 OK
Content-Length: 14
Content-Type: application/json; charset=utf-8
cache-control: no-cache

11:20:48.961 [AsyncHttpClient-1-11] DEBUG org.asynchttpclient.netty.channel.ChannelManager -- Adding key: http://localhost:25305 for channel [id: 0x1f5c108e, L:/127.0.0.1:54292 - R:localhost/127.0.0.1:25305]
11:20:48.962 [Forwarding findElement on session 635e6883d1a67cf0ea06c69035cf83c2 to remote] DEBUG org.asynchttpclient.netty.request.NettyRequestSender -- Using pooled Channel '[id: 0x1f5c108e, L:/127.0.0.1:54292 - R:localhost/127.0.0.1:25305]' for 'POST' to 'http://localhost:25305/session/635e6883d1a67cf0ea06c69035cf83c2/element'
11:20:48.962 [Forwarding findElement on session 635e6883d1a67cf0ea06c69035cf83c2 to remote] DEBUG org.asynchttpclient.netty.request.NettyRequestSender -- Using open Channel [id: 0x1f5c108e, L:/127.0.0.1:54292 - R:localhost/127.0.0.1:25305] for POST '/session/635e6883d1a67cf0ea06c69035cf83c2/element'
11:20:48.969 [AsyncHttpClient-1-11] DEBUG org.asynchttpclient.netty.handler.HttpHandler -- 

Request DefaultHttpRequest(decodeResult: success, version: HTTP/1.1)
POST /session/635e6883d1a67cf0ea06c69035cf83c2/element HTTP/1.1
User-Agent: selenium/4.5.3 (java unix)
Content-Length: 57
Content-Type: application/json; charset=utf-8
host: localhost:25305
accept: */*

Response DefaultHttpResponse(decodeResult: success, version: HTTP/1.1)
HTTP/1.1 200 OK
Content-Length: 94
Content-Type: application/json; charset=utf-8
cache-control: no-cache

11:20:48.969 [AsyncHttpClient-1-11] DEBUG org.asynchttpclient.netty.channel.ChannelManager -- Adding key: http://localhost:25305 for channel [id: 0x1f5c108e, L:/127.0.0.1:54292 - R:localhost/127.0.0.1:25305]
11:20:48.970 [Forwarding clickElement on session 635e6883d1a67cf0ea06c69035cf83c2 to remote] DEBUG org.asynchttpclient.netty.request.NettyRequestSender -- Using pooled Channel '[id: 0x1f5c108e, L:/127.0.0.1:54292 - R:localhost/127.0.0.1:25305]' for 'POST' to 'http://localhost:25305/session/635e6883d1a67cf0ea06c69035cf83c2/element/6B29E0C1EBB09C307073905D0394005D_element_6/click'
11:20:48.970 [Forwarding clickElement on session 635e6883d1a67cf0ea06c69035cf83c2 to remote] DEBUG org.asynchttpclient.netty.request.NettyRequestSender -- Using open Channel [id: 0x1f5c108e, L:/127.0.0.1:54292 - R:localhost/127.0.0.1:25305] for POST '/session/635e6883d1a67cf0ea06c69035cf83c2/element/6B29E0C1EBB09C307073905D0394005D_element_6/click'
11:20:48.995 [AsyncHttpClient-1-11] DEBUG org.asynchttpclient.netty.handler.HttpHandler -- 

Request DefaultHttpRequest(decodeResult: success, version: HTTP/1.1)
POST /session/635e6883d1a67cf0ea06c69035cf83c2/element/6B29E0C1EBB09C307073905D0394005D_element_6/click HTTP/1.1
User-Agent: selenium/4.5.3 (java unix)
Content-Length: 56
Content-Type: application/json; charset=utf-8
host: localhost:25305
accept: */*

Response DefaultHttpResponse(decodeResult: success, version: HTTP/1.1)
HTTP/1.1 200 OK
Content-Length: 14
Content-Type: application/json; charset=utf-8
cache-control: no-cache

11:20:48.995 [AsyncHttpClient-1-11] DEBUG org.asynchttpclient.netty.channel.ChannelManager -- Adding key: http://localhost:25305 for channel [id: 0x1f5c108e, L:/127.0.0.1:54292 - R:localhost/127.0.0.1:25305]
11:20:48.996 [AsyncHttpClient-1-13] DEBUG org.asynchttpclient.netty.handler.WebSocketHandler -- Channel Closed: [id: 0xc91a19d0, L:/127.0.0.1:45316 ! R:localhost/127.0.0.1:40483] with attribute NettyResponseFuture{currentRetry=0,
	isDone=1,
	isCancelled=0,
	asyncHandler=org.asynchttpclient.ws.WebSocketUpgradeHandler@458c4552,
	nettyRequest=org.asynchttpclient.netty.request.NettyRequest@52f99340,
	future=java.util.concurrent.CompletableFuture@201f5e5d[Completed normally],
	uri=ws://localhost:40483/devtools/browser/8be3ece8-c76c-4705-bd70-4800b1f2d4a2,
	keepAlive=true,
	redirectCount=0,
	timeoutsHolder=null,
	inAuth=0,
	touch=1683192048320}
11:20:48.996 [Driver Command Executor] DEBUG org.asynchttpclient.netty.request.NettyRequestSender -- Using pooled Channel '[id: 0x1f5c108e, L:/127.0.0.1:54292 - R:localhost/127.0.0.1:25305]' for 'DELETE' to 'http://localhost:25305/session/635e6883d1a67cf0ea06c69035cf83c2'
11:20:48.996 [AsyncHttpClient-1-13] DEBUG org.asynchttpclient.netty.channel.ChannelManager -- Closing Channel [id: 0xc91a19d0, L:/127.0.0.1:45316 ! R:localhost/127.0.0.1:40483] 
11:20:48.996 [Driver Command Executor] DEBUG org.asynchttpclient.netty.request.NettyRequestSender -- Using open Channel [id: 0x1f5c108e, L:/127.0.0.1:54292 - R:localhost/127.0.0.1:25305] for DELETE '/session/635e6883d1a67cf0ea06c69035cf83c2'
11:20:49.004 [AsyncHttpClient-1-12] DEBUG org.asynchttpclient.netty.handler.HttpHandler -- Channel Closed: [id: 0x150b8d27, L:/127.0.0.1:45314 ! R:localhost/127.0.0.1:40483] with attribute DISCARD
11:20:49.048 [AsyncHttpClient-1-11] DEBUG org.asynchttpclient.netty.handler.HttpHandler -- 

Request DefaultFullHttpRequest(decodeResult: success, version: HTTP/1.1, content: EmptyByteBufBE)
DELETE /session/635e6883d1a67cf0ea06c69035cf83c2 HTTP/1.1
User-Agent: selenium/4.5.3 (java unix)
Content-Type: application/json; charset=utf-8
host: localhost:25305
accept: */*

Response DefaultHttpResponse(decodeResult: success, version: HTTP/1.1)
HTTP/1.1 200 OK
Content-Length: 14
Content-Type: application/json; charset=utf-8
cache-control: no-cache

11:20:49.049 [AsyncHttpClient-1-11] DEBUG org.asynchttpclient.netty.channel.ChannelManager -- Adding key: http://localhost:25305 for channel [id: 0x1f5c108e, L:/127.0.0.1:54292 - R:localhost/127.0.0.1:25305]
11:20:49.058 [AsyncHttpClient-1-11] DEBUG org.asynchttpclient.netty.handler.HttpHandler -- Channel Closed: [id: 0x1f5c108e, L:/127.0.0.1:54292 ! R:localhost/127.0.0.1:25305] with attribute DISCARD
11:20:49.395 [AsyncHttpClient-1-1] DEBUG org.asynchttpclient.netty.channel.DefaultChannelPool -- Entry count for : http://localhost:25305 : 1
11:20:49.395 [AsyncHttpClient-1-1] DEBUG org.asynchttpclient.netty.channel.DefaultChannelPool -- Entry count for : http://localhost:40483 : 1
11:20:49.395 [AsyncHttpClient-1-1] DEBUG org.asynchttpclient.netty.channel.DefaultChannelPool -- Entry count for : http://localhost:25780 : 1
11:20:49.395 [AsyncHttpClient-1-1] DEBUG org.asynchttpclient.netty.channel.DefaultChannelPool -- Entry count for : http://localhost:42573 : 1
11:20:49.395 [AsyncHttpClient-1-1] DEBUG org.asynchttpclient.netty.channel.DefaultChannelPool -- Adding Candidate expired Channel [id: 0x1f5c108e, L:/127.0.0.1:54292 ! R:localhost/127.0.0.1:25305] isIdleTimeoutExpired=false isRemotelyClosed=true isTtlExpired=false
11:20:49.396 [AsyncHttpClient-1-1] DEBUG org.asynchttpclient.netty.channel.DefaultChannelPool -- Closing Idle Channel [id: 0x1f5c108e, L:/127.0.0.1:54292 ! R:localhost/127.0.0.1:25305]
11:20:49.396 [AsyncHttpClient-1-1] DEBUG org.asynchttpclient.netty.channel.DefaultChannelPool -- Adding Candidate expired Channel [id: 0x150b8d27, L:/127.0.0.1:45314 ! R:localhost/127.0.0.1:40483] isIdleTimeoutExpired=false isRemotelyClosed=true isTtlExpired=false
11:20:49.396 [AsyncHttpClient-1-1] DEBUG org.asynchttpclient.netty.channel.DefaultChannelPool -- Closing Idle Channel [id: 0x150b8d27, L:/127.0.0.1:45314 ! R:localhost/127.0.0.1:40483]
11:20:49.396 [AsyncHttpClient-1-1] DEBUG org.asynchttpclient.netty.channel.DefaultChannelPool -- Closed 2 connections out of 4 in 1 ms
11:20:49.610 [Forwarding findElement on session 90fbb20c3059183e400704c3cbc522b4 to remote] DEBUG org.asynchttpclient.netty.request.NettyRequestSender -- Using pooled Channel '[id: 0x143ea169, L:/127.0.0.1:40832 - R:localhost/127.0.0.1:25780]' for 'POST' to 'http://localhost:25780/session/90fbb20c3059183e400704c3cbc522b4/element'
11:20:49.611 [Forwarding findElement on session 90fbb20c3059183e400704c3cbc522b4 to remote] DEBUG org.asynchttpclient.netty.request.NettyRequestSender -- Using open Channel [id: 0x143ea169, L:/127.0.0.1:40832 - R:localhost/127.0.0.1:25780] for POST '/session/90fbb20c3059183e400704c3cbc522b4/element'
11:20:49.631 [AsyncHttpClient-1-8] DEBUG org.asynchttpclient.netty.handler.HttpHandler -- 

Request DefaultHttpRequest(decodeResult: success, version: HTTP/1.1)
POST /session/90fbb20c3059183e400704c3cbc522b4/element HTTP/1.1
User-Agent: selenium/4.5.3 (java unix)
Content-Length: 53
Content-Type: application/json; charset=utf-8
host: localhost:25780
accept: */*

Response DefaultHttpResponse(decodeResult: success, version: HTTP/1.1)
HTTP/1.1 200 OK
Content-Length: 94
Content-Type: application/json; charset=utf-8
cache-control: no-cache

11:20:49.632 [AsyncHttpClient-1-8] DEBUG org.asynchttpclient.netty.channel.ChannelManager -- Adding key: http://localhost:25780 for channel [id: 0x143ea169, L:/127.0.0.1:40832 - R:localhost/127.0.0.1:25780]
11:20:49.633 [Forwarding getElementText on session 90fbb20c3059183e400704c3cbc522b4 to remote] DEBUG org.asynchttpclient.netty.request.NettyRequestSender -- Using pooled Channel '[id: 0x143ea169, L:/127.0.0.1:40832 - R:localhost/127.0.0.1:25780]' for 'GET' to 'http://localhost:25780/session/90fbb20c3059183e400704c3cbc522b4/element/AB7E5C63F0FE70023F8617AB8F06E5CD_element_8/text'
11:20:49.633 [Forwarding getElementText on session 90fbb20c3059183e400704c3cbc522b4 to remote] DEBUG org.asynchttpclient.netty.request.NettyRequestSender -- Using open Channel [id: 0x143ea169, L:/127.0.0.1:40832 - R:localhost/127.0.0.1:25780] for GET '/session/90fbb20c3059183e400704c3cbc522b4/element/AB7E5C63F0FE70023F8617AB8F06E5CD_element_8/text'
11:20:49.652 [AsyncHttpClient-1-8] DEBUG org.asynchttpclient.netty.handler.HttpHandler -- 

Request DefaultFullHttpRequest(decodeResult: success, version: HTTP/1.1, content: EmptyByteBufBE)
GET /session/90fbb20c3059183e400704c3cbc522b4/element/AB7E5C63F0FE70023F8617AB8F06E5CD_element_8/text HTTP/1.1
User-Agent: selenium/4.5.3 (java unix)
Cache-Control: no-cache
Content-Type: application/json; charset=utf-8
host: localhost:25780
accept: */*

Response DefaultHttpResponse(decodeResult: success, version: HTTP/1.1)
HTTP/1.1 200 OK
Content-Length: 81
Content-Type: application/json; charset=utf-8
cache-control: no-cache

11:20:49.652 [AsyncHttpClient-1-8] DEBUG org.asynchttpclient.netty.channel.ChannelManager -- Adding key: http://localhost:25780 for channel [id: 0x143ea169, L:/127.0.0.1:40832 - R:localhost/127.0.0.1:25780]
11:20:49.654 [AsyncHttpClient-1-10] DEBUG org.asynchttpclient.netty.handler.WebSocketHandler -- Channel Closed: [id: 0x745f176e, L:/127.0.0.1:57956 ! R:localhost/127.0.0.1:42573] with attribute NettyResponseFuture{currentRetry=0,
	isDone=1,
	isCancelled=0,
	asyncHandler=org.asynchttpclient.ws.WebSocketUpgradeHandler@53b74f93,
	nettyRequest=org.asynchttpclient.netty.request.NettyRequest@6ebfc7f5,
	future=java.util.concurrent.CompletableFuture@63f4a0e5[Completed normally],
	uri=ws://localhost:42573/devtools/browser/39d378f3-e39b-43f2-b72d-ab2078e881bc,
	keepAlive=true,
	redirectCount=0,
	timeoutsHolder=null,
	inAuth=0,
	touch=1683192047944}
11:20:49.654 [AsyncHttpClient-1-10] DEBUG org.asynchttpclient.netty.channel.ChannelManager -- Closing Channel [id: 0x745f176e, L:/127.0.0.1:57956 ! R:localhost/127.0.0.1:42573] 
11:20:49.654 [Driver Command Executor] DEBUG org.asynchttpclient.netty.request.NettyRequestSender -- Using pooled Channel '[id: 0x143ea169, L:/127.0.0.1:40832 - R:localhost/127.0.0.1:25780]' for 'DELETE' to 'http://localhost:25780/session/90fbb20c3059183e400704c3cbc522b4'
11:20:49.654 [Driver Command Executor] DEBUG org.asynchttpclient.netty.request.NettyRequestSender -- Using open Channel [id: 0x143ea169, L:/127.0.0.1:40832 - R:localhost/127.0.0.1:25780] for DELETE '/session/90fbb20c3059183e400704c3cbc522b4'
11:20:49.664 [AsyncHttpClient-1-9] DEBUG org.asynchttpclient.netty.handler.HttpHandler -- Channel Closed: [id: 0x2d54f385, L:/127.0.0.1:57944 ! R:localhost/127.0.0.1:42573] with attribute DISCARD
11:20:49.705 [AsyncHttpClient-1-8] DEBUG org.asynchttpclient.netty.handler.HttpHandler -- 

Request DefaultFullHttpRequest(decodeResult: success, version: HTTP/1.1, content: EmptyByteBufBE)
DELETE /session/90fbb20c3059183e400704c3cbc522b4 HTTP/1.1
User-Agent: selenium/4.5.3 (java unix)
Content-Type: application/json; charset=utf-8
host: localhost:25780
accept: */*

Response DefaultHttpResponse(decodeResult: success, version: HTTP/1.1)
HTTP/1.1 200 OK
Content-Length: 14
Content-Type: application/json; charset=utf-8
cache-control: no-cache

11:20:49.706 [AsyncHttpClient-1-8] DEBUG org.asynchttpclient.netty.channel.ChannelManager -- Adding key: http://localhost:25780 for channel [id: 0x143ea169, L:/127.0.0.1:40832 - R:localhost/127.0.0.1:25780]
11:20:49.707 [AsyncHttpClient-1-8] DEBUG org.asynchttpclient.netty.handler.HttpHandler -- Channel Closed: [id: 0x143ea169, L:/127.0.0.1:40832 ! R:localhost/127.0.0.1:25780] with attribute DISCARD
]]></system-out>
    <system-err><![CDATA[Starting ChromeDriver 113.0.5672.63 (0e1a4471d5ae5bf128b1bd8f4d627c8cbd55f70c-refs/branch-heads/5672@{#912}) on port 25780
Only local connections are allowed.
Please see https://chromedriver.chromium.org/security-considerations for suggestions on keeping ChromeDriver safe.
ChromeDriver was started successfully.
may 04, 2023 11:20:47 A. M. org.openqa.selenium.devtools.CdpVersionFinder findNearestMatch
ADVERTENCIA: Unable to find CDP implementation matching 113
may 04, 2023 11:20:47 A. M. org.openqa.selenium.chromium.ChromiumDriver lambda$new$3
ADVERTENCIA: Unable to find version of CDP to use for . You may need to include a dependency on a specific version of the CDP using something similar to `org.seleniumhq.selenium:selenium-devtools-v86:4.5.3` where the version ("v86") matches the version of the chromium-based browser you're using and the version number of the artifact is the same as Selenium's.
Starting ChromeDriver 113.0.5672.63 (0e1a4471d5ae5bf128b1bd8f4d627c8cbd55f70c-refs/branch-heads/5672@{#912}) on port 25305
Only local connections are allowed.
Please see https://chromedriver.chromium.org/security-considerations for suggestions on keeping ChromeDriver safe.
ChromeDriver was started successfully.
may 04, 2023 11:20:48 A. M. org.openqa.selenium.devtools.CdpVersionFinder findNearestMatch
ADVERTENCIA: Unable to find CDP implementation matching 113
may 04, 2023 11:20:48 A. M. org.openqa.selenium.chromium.ChromiumDriver lambda$new$3
ADVERTENCIA: Unable to find version of CDP to use for . You may need to include a dependency on a specific version of the CDP using something similar to `org.seleniumhq.selenium:selenium-devtools-v86:4.5.3` where the version ("v86") matches the version of the chromium-based browser you're using and the version number of the artifact is the same as Selenium's.
]]></system-err>
  </testcase>
</testsuite>